[2016-07-20 15:40:47]    获取数据库DataTable失败SQL语句为:SELECT STAFFID,TO_CHAR(YYYYMMDD,'YYYY-MM-DD') AS YYYYMMDD,OVERTIME_TYPE,(NVL(OVERTIME_FACT,0)+NVL(OVERTIME_FACT_XL,0)) AS OVERTIME FROM EVERYDAY_STAFF_CHECK_INFO WHERE (NVL(OVERTIME_FACT,0)+NVL(OVERTIME_FACT_XL,0)) >0 AND YYYYMM='2016-07' AND STAFFID ='931172'   UNION ALL  SELECT STAFFID,TO_CHAR(YYYYMMDD,'YYYY-MM-DD') AS YYYYMMDD,OVERTIME_TYPE,(NVL(OVERTIME_FACT,0)+NVL(OVERTIME_FACT_XL,0)) AS OVERTIME FROM EVERYDAY_STAFF_CHECK_INFO WHERE  (NVL(OVERTIME_FACT,0)+NVL(OVERTIME_FACT_XL,0)) > AND  YYYYMM='2016-07' AND STAFFID ='092156' AND YYYYMMDD NOT IN (SELECT   YYYYMMDD FROM EVERYDAY_STAFF_CHECK_INFO WHERE YYYYMM='2016-07' AND STAFFID ='931172' )      ORDER BY YYYYMMDD 错误原因:System.Data.OracleClient.OracleException (0x80131938): ORA-00920: 无效的关系运算符

   在 System.Data.OracleClient.OracleConnection.CheckError(OciErrorHandle errorHandle, Int32 rc)
   在 System.Data.OracleClient.OracleCommand.Execute(OciStatementHandle statementHandle, CommandBehavior behavior, Boolean needRowid, OciRowidDescriptor& rowidDescriptor, ArrayList& resultParameterOrdinals)
   在 System.Data.OracleClient.OracleCommand.Execute(OciStatementHandle statementHandle, CommandBehavior behavior, ArrayList& resultParameterOrdinals)
   在 System.Data.OracleClient.OracleCommand.ExecuteReader(CommandBehavior behavior)
   在 System.Data.OracleClient.OracleCommand.ExecuteDbDataReader(CommandBehavior behavior)
   在 System.Data.Common.DbCommand.System.Data.IDbCommand.ExecuteReader(CommandBehavior behavior)
   在 System.Data.Common.DbDataAdapter.FillInternal(DataSet dataset, DataTable[] datatables, Int32 startRecord, Int32 maxRecords, String srcTable, IDbCommand command, CommandBehavior behavior)
   在 System.Data.Common.DbDataAdapter.Fill(DataTable[] dataTables, Int32 startRecord, Int32 maxRecords, IDbCommand command, CommandBehavior behavior)
   在 System.Data.Common.DbDataAdapter.Fill(DataTable dataTable)
   在 WeiXinCqe.OracleOperateHelp.ExecuteDataTable(String connectionString, CommandType cmdType, String cmdText, OracleParameter[] commandParameters) 位置 C:\Users\cqe092156\documents\visual studio 2010\Projects\WeiXinCqe\WeiXinCqe\class\OracleOperateHelp.cs:行号 106
   在 WeiXinCqe.OracleOperateHelp.getDataTable(String sql) 位置 C:\Users\cqe092156\documents\visual studio 2010\Projects\WeiXinCqe\WeiXinCqe\class\OracleOperateHelp.cs:行号 53

[2016-07-20 15:40:50]    获取数据库DataTable失败SQL语句为:SELECT STAFFID,TO_CHAR(YYYYMMDD,'YYYY-MM-DD') AS YYYYMMDD,OVERTIME_TYPE,(NVL(OVERTIME_FACT,0)+NVL(OVERTIME_FACT_XL,0)) AS OVERTIME FROM EVERYDAY_STAFF_CHECK_INFO WHERE (NVL(OVERTIME_FACT,0)+NVL(OVERTIME_FACT_XL,0)) >0 AND YYYYMM='2016-05' AND STAFFID ='931172'   UNION ALL  SELECT STAFFID,TO_CHAR(YYYYMMDD,'YYYY-MM-DD') AS YYYYMMDD,OVERTIME_TYPE,(NVL(OVERTIME_FACT,0)+NVL(OVERTIME_FACT_XL,0)) AS OVERTIME FROM EVERYDAY_STAFF_CHECK_INFO WHERE  (NVL(OVERTIME_FACT,0)+NVL(OVERTIME_FACT_XL,0)) > AND  YYYYMM='2016-05' AND STAFFID ='092156' AND YYYYMMDD NOT IN (SELECT   YYYYMMDD FROM EVERYDAY_STAFF_CHECK_INFO WHERE YYYYMM='2016-05' AND STAFFID ='931172' )      ORDER BY YYYYMMDD 错误原因:System.Data.OracleClient.OracleException (0x80131938): ORA-00920: 无效的关系运算符

   在 System.Data.OracleClient.OracleConnection.CheckError(OciErrorHandle errorHandle, Int32 rc)
   在 System.Data.OracleClient.OracleCommand.Execute(OciStatementHandle statementHandle, CommandBehavior behavior, Boolean needRowid, OciRowidDescriptor& rowidDescriptor, ArrayList& resultParameterOrdinals)
   在 System.Data.OracleClient.OracleCommand.Execute(OciStatementHandle statementHandle, CommandBehavior behavior, ArrayList& resultParameterOrdinals)
   在 System.Data.OracleClient.OracleCommand.ExecuteReader(CommandBehavior behavior)
   在 System.Data.OracleClient.OracleCommand.ExecuteDbDataReader(CommandBehavior behavior)
   在 System.Data.Common.DbCommand.System.Data.IDbCommand.ExecuteReader(CommandBehavior behavior)
   在 System.Data.Common.DbDataAdapter.FillInternal(DataSet dataset, DataTable[] datatables, Int32 startRecord, Int32 maxRecords, String srcTable, IDbCommand command, CommandBehavior behavior)
   在 System.Data.Common.DbDataAdapter.Fill(DataTable[] dataTables, Int32 startRecord, Int32 maxRecords, IDbCommand command, CommandBehavior behavior)
   在 System.Data.Common.DbDataAdapter.Fill(DataTable dataTable)
   在 WeiXinCqe.OracleOperateHelp.ExecuteDataTable(String connectionString, CommandType cmdType, String cmdText, OracleParameter[] commandParameters) 位置 C:\Users\cqe092156\documents\visual studio 2010\Projects\WeiXinCqe\WeiXinCqe\class\OracleOperateHelp.cs:行号 106
   在 WeiXinCqe.OracleOperateHelp.getDataTable(String sql) 位置 C:\Users\cqe092156\documents\visual studio 2010\Projects\WeiXinCqe\WeiXinCqe\class\OracleOperateHelp.cs:行号 53

[2016-07-20 15:40:54]    获取数据库DataTable失败SQL语句为:SELECT STAFFID,TO_CHAR(YYYYMMDD,'YYYY-MM-DD') AS YYYYMMDD,OVERTIME_TYPE,(NVL(OVERTIME_FACT,0)+NVL(OVERTIME_FACT_XL,0)) AS OVERTIME FROM EVERYDAY_STAFF_CHECK_INFO WHERE (NVL(OVERTIME_FACT,0)+NVL(OVERTIME_FACT_XL,0)) >0 AND YYYYMM='2016-02' AND STAFFID ='931172'   UNION ALL  SELECT STAFFID,TO_CHAR(YYYYMMDD,'YYYY-MM-DD') AS YYYYMMDD,OVERTIME_TYPE,(NVL(OVERTIME_FACT,0)+NVL(OVERTIME_FACT_XL,0)) AS OVERTIME FROM EVERYDAY_STAFF_CHECK_INFO WHERE  (NVL(OVERTIME_FACT,0)+NVL(OVERTIME_FACT_XL,0)) > AND  YYYYMM='2016-02' AND STAFFID ='092156' AND YYYYMMDD NOT IN (SELECT   YYYYMMDD FROM EVERYDAY_STAFF_CHECK_INFO WHERE YYYYMM='2016-02' AND STAFFID ='931172' )      ORDER BY YYYYMMDD 错误原因:System.Data.OracleClient.OracleException (0x80131938): ORA-00920: 无效的关系运算符

   在 System.Data.OracleClient.OracleConnection.CheckError(OciErrorHandle errorHandle, Int32 rc)
   在 System.Data.OracleClient.OracleCommand.Execute(OciStatementHandle statementHandle, CommandBehavior behavior, Boolean needRowid, OciRowidDescriptor& rowidDescriptor, ArrayList& resultParameterOrdinals)
   在 System.Data.OracleClient.OracleCommand.Execute(OciStatementHandle statementHandle, CommandBehavior behavior, ArrayList& resultParameterOrdinals)
   在 System.Data.OracleClient.OracleCommand.ExecuteReader(CommandBehavior behavior)
   在 System.Data.OracleClient.OracleCommand.ExecuteDbDataReader(CommandBehavior behavior)
   在 System.Data.Common.DbCommand.System.Data.IDbCommand.ExecuteReader(CommandBehavior behavior)
   在 System.Data.Common.DbDataAdapter.FillInternal(DataSet dataset, DataTable[] datatables, Int32 startRecord, Int32 maxRecords, String srcTable, IDbCommand command, CommandBehavior behavior)
   在 System.Data.Common.DbDataAdapter.Fill(DataTable[] dataTables, Int32 startRecord, Int32 maxRecords, IDbCommand command, CommandBehavior behavior)
   在 System.Data.Common.DbDataAdapter.Fill(DataTable dataTable)
   在 WeiXinCqe.OracleOperateHelp.ExecuteDataTable(String connectionString, CommandType cmdType, String cmdText, OracleParameter[] commandParameters) 位置 C:\Users\cqe092156\documents\visual studio 2010\Projects\WeiXinCqe\WeiXinCqe\class\OracleOperateHelp.cs:行号 106
   在 WeiXinCqe.OracleOperateHelp.getDataTable(String sql) 位置 C:\Users\cqe092156\documents\visual studio 2010\Projects\WeiXinCqe\WeiXinCqe\class\OracleOperateHelp.cs:行号 53

[2016-07-20 15:40:56]    获取数据库DataTable失败SQL语句为:SELECT STAFFID,TO_CHAR(YYYYMMDD,'YYYY-MM-DD') AS YYYYMMDD,OVERTIME_TYPE,(NVL(OVERTIME_FACT,0)+NVL(OVERTIME_FACT_XL,0)) AS OVERTIME FROM EVERYDAY_STAFF_CHECK_INFO WHERE (NVL(OVERTIME_FACT,0)+NVL(OVERTIME_FACT_XL,0)) >0 AND YYYYMM='2015-12' AND STAFFID ='931172'   UNION ALL  SELECT STAFFID,TO_CHAR(YYYYMMDD,'YYYY-MM-DD') AS YYYYMMDD,OVERTIME_TYPE,(NVL(OVERTIME_FACT,0)+NVL(OVERTIME_FACT_XL,0)) AS OVERTIME FROM EVERYDAY_STAFF_CHECK_INFO WHERE  (NVL(OVERTIME_FACT,0)+NVL(OVERTIME_FACT_XL,0)) > AND  YYYYMM='2015-12' AND STAFFID ='092156' AND YYYYMMDD NOT IN (SELECT   YYYYMMDD FROM EVERYDAY_STAFF_CHECK_INFO WHERE YYYYMM='2015-12' AND STAFFID ='931172' )      ORDER BY YYYYMMDD 错误原因:System.Data.OracleClient.OracleException (0x80131938): ORA-00920: 无效的关系运算符

   在 System.Data.OracleClient.OracleConnection.CheckError(OciErrorHandle errorHandle, Int32 rc)
   在 System.Data.OracleClient.OracleCommand.Execute(OciStatementHandle statementHandle, CommandBehavior behavior, Boolean needRowid, OciRowidDescriptor& rowidDescriptor, ArrayList& resultParameterOrdinals)
   在 System.Data.OracleClient.OracleCommand.Execute(OciStatementHandle statementHandle, CommandBehavior behavior, ArrayList& resultParameterOrdinals)
   在 System.Data.OracleClient.OracleCommand.ExecuteReader(CommandBehavior behavior)
   在 System.Data.OracleClient.OracleCommand.ExecuteDbDataReader(CommandBehavior behavior)
   在 System.Data.Common.DbCommand.System.Data.IDbCommand.ExecuteReader(CommandBehavior behavior)
   在 System.Data.Common.DbDataAdapter.FillInternal(DataSet dataset, DataTable[] datatables, Int32 startRecord, Int32 maxRecords, String srcTable, IDbCommand command, CommandBehavior behavior)
   在 System.Data.Common.DbDataAdapter.Fill(DataTable[] dataTables, Int32 startRecord, Int32 maxRecords, IDbCommand command, CommandBehavior behavior)
   在 System.Data.Common.DbDataAdapter.Fill(DataTable dataTable)
   在 WeiXinCqe.OracleOperateHelp.ExecuteDataTable(String connectionString, CommandType cmdType, String cmdText, OracleParameter[] commandParameters) 位置 C:\Users\cqe092156\documents\visual studio 2010\Projects\WeiXinCqe\WeiXinCqe\class\OracleOperateHelp.cs:行号 106
   在 WeiXinCqe.OracleOperateHelp.getDataTable(String sql) 位置 C:\Users\cqe092156\documents\visual studio 2010\Projects\WeiXinCqe\WeiXinCqe\class\OracleOperateHelp.cs:行号 53

[2016-07-20 15:41:28]    获取数据库DataTable失败SQL语句为:SELECT STAFFID,TO_CHAR(YYYYMMDD,'YYYY-MM-DD') AS YYYYMMDD,OVERTIME_TYPE,(NVL(OVERTIME_FACT,0)+NVL(OVERTIME_FACT_XL,0)) AS OVERTIME FROM EVERYDAY_STAFF_CHECK_INFO WHERE (NVL(OVERTIME_FACT,0)+NVL(OVERTIME_FACT_XL,0)) >0 AND YYYYMM='2015-06' AND STAFFID ='931172'   UNION ALL  SELECT STAFFID,TO_CHAR(YYYYMMDD,'YYYY-MM-DD') AS YYYYMMDD,OVERTIME_TYPE,(NVL(OVERTIME_FACT,0)+NVL(OVERTIME_FACT_XL,0)) AS OVERTIME FROM EVERYDAY_STAFF_CHECK_INFO WHERE  (NVL(OVERTIME_FACT,0)+NVL(OVERTIME_FACT_XL,0)) > AND  YYYYMM='2015-06' AND STAFFID ='092156' AND YYYYMMDD NOT IN (SELECT   YYYYMMDD FROM EVERYDAY_STAFF_CHECK_INFO WHERE YYYYMM='2015-06' AND STAFFID ='931172' )      ORDER BY YYYYMMDD 错误原因:System.Data.OracleClient.OracleException (0x80131938): ORA-00920: 无效的关系运算符

   在 System.Data.OracleClient.OracleConnection.CheckError(OciErrorHandle errorHandle, Int32 rc)
   在 System.Data.OracleClient.OracleCommand.Execute(OciStatementHandle statementHandle, CommandBehavior behavior, Boolean needRowid, OciRowidDescriptor& rowidDescriptor, ArrayList& resultParameterOrdinals)
   在 System.Data.OracleClient.OracleCommand.Execute(OciStatementHandle statementHandle, CommandBehavior behavior, ArrayList& resultParameterOrdinals)
   在 System.Data.OracleClient.OracleCommand.ExecuteReader(CommandBehavior behavior)
   在 System.Data.OracleClient.OracleCommand.ExecuteDbDataReader(CommandBehavior behavior)
   在 System.Data.Common.DbCommand.System.Data.IDbCommand.ExecuteReader(CommandBehavior behavior)
   在 System.Data.Common.DbDataAdapter.FillInternal(DataSet dataset, DataTable[] datatables, Int32 startRecord, Int32 maxRecords, String srcTable, IDbCommand command, CommandBehavior behavior)
   在 System.Data.Common.DbDataAdapter.Fill(DataTable[] dataTables, Int32 startRecord, Int32 maxRecords, IDbCommand command, CommandBehavior behavior)
   在 System.Data.Common.DbDataAdapter.Fill(DataTable dataTable)
   在 WeiXinCqe.OracleOperateHelp.ExecuteDataTable(String connectionString, CommandType cmdType, String cmdText, OracleParameter[] commandParameters) 位置 C:\Users\cqe092156\documents\visual studio 2010\Projects\WeiXinCqe\WeiXinCqe\class\OracleOperateHelp.cs:行号 106
   在 WeiXinCqe.OracleOperateHelp.getDataTable(String sql) 位置 C:\Users\cqe092156\documents\visual studio 2010\Projects\WeiXinCqe\WeiXinCqe\class\OracleOperateHelp.cs:行号 53

[2016-07-20 15:41:33]    获取数据库DataTable失败SQL语句为:SELECT STAFFID,TO_CHAR(YYYYMMDD,'YYYY-MM-DD') AS YYYYMMDD,OVERTIME_TYPE,(NVL(OVERTIME_FACT,0)+NVL(OVERTIME_FACT_XL,0)) AS OVERTIME FROM EVERYDAY_STAFF_CHECK_INFO WHERE (NVL(OVERTIME_FACT,0)+NVL(OVERTIME_FACT_XL,0)) >0 AND YYYYMM='2015-01' AND STAFFID ='931172'   UNION ALL  SELECT STAFFID,TO_CHAR(YYYYMMDD,'YYYY-MM-DD') AS YYYYMMDD,OVERTIME_TYPE,(NVL(OVERTIME_FACT,0)+NVL(OVERTIME_FACT_XL,0)) AS OVERTIME FROM EVERYDAY_STAFF_CHECK_INFO WHERE  (NVL(OVERTIME_FACT,0)+NVL(OVERTIME_FACT_XL,0)) > AND  YYYYMM='2015-01' AND STAFFID ='092156' AND YYYYMMDD NOT IN (SELECT   YYYYMMDD FROM EVERYDAY_STAFF_CHECK_INFO WHERE YYYYMM='2015-01' AND STAFFID ='931172' )      ORDER BY YYYYMMDD 错误原因:System.Data.OracleClient.OracleException (0x80131938): ORA-00920: 无效的关系运算符

   在 System.Data.OracleClient.OracleConnection.CheckError(OciErrorHandle errorHandle, Int32 rc)
   在 System.Data.OracleClient.OracleCommand.Execute(OciStatementHandle statementHandle, CommandBehavior behavior, Boolean needRowid, OciRowidDescriptor& rowidDescriptor, ArrayList& resultParameterOrdinals)
   在 System.Data.OracleClient.OracleCommand.Execute(OciStatementHandle statementHandle, CommandBehavior behavior, ArrayList& resultParameterOrdinals)
   在 System.Data.OracleClient.OracleCommand.ExecuteReader(CommandBehavior behavior)
   在 System.Data.OracleClient.OracleCommand.ExecuteDbDataReader(CommandBehavior behavior)
   在 System.Data.Common.DbCommand.System.Data.IDbCommand.ExecuteReader(CommandBehavior behavior)
   在 System.Data.Common.DbDataAdapter.FillInternal(DataSet dataset, DataTable[] datatables, Int32 startRecord, Int32 maxRecords, String srcTable, IDbCommand command, CommandBehavior behavior)
   在 System.Data.Common.DbDataAdapter.Fill(DataTable[] dataTables, Int32 startRecord, Int32 maxRecords, IDbCommand command, CommandBehavior behavior)
   在 System.Data.Common.DbDataAdapter.Fill(DataTable dataTable)
   在 WeiXinCqe.OracleOperateHelp.ExecuteDataTable(String connectionString, CommandType cmdType, String cmdText, OracleParameter[] commandParameters) 位置 C:\Users\cqe092156\documents\visual studio 2010\Projects\WeiXinCqe\WeiXinCqe\class\OracleOperateHelp.cs:行号 106
   在 WeiXinCqe.OracleOperateHelp.getDataTable(String sql) 位置 C:\Users\cqe092156\documents\visual studio 2010\Projects\WeiXinCqe\WeiXinCqe\class\OracleOperateHelp.cs:行号 53

[2016-07-20 15:41:41]    获取数据库DataTable失败SQL语句为:SELECT STAFFID,TO_CHAR(YYYYMMDD,'YYYY-MM-DD') AS YYYYMMDD,OVERTIME_TYPE,(NVL(OVERTIME_FACT,0)+NVL(OVERTIME_FACT_XL,0)) AS OVERTIME FROM EVERYDAY_STAFF_CHECK_INFO WHERE (NVL(OVERTIME_FACT,0)+NVL(OVERTIME_FACT_XL,0)) >0 AND YYYYMM='2016-01' AND STAFFID ='931172'   UNION ALL  SELECT STAFFID,TO_CHAR(YYYYMMDD,'YYYY-MM-DD') AS YYYYMMDD,OVERTIME_TYPE,(NVL(OVERTIME_FACT,0)+NVL(OVERTIME_FACT_XL,0)) AS OVERTIME FROM EVERYDAY_STAFF_CHECK_INFO WHERE  (NVL(OVERTIME_FACT,0)+NVL(OVERTIME_FACT_XL,0)) > AND  YYYYMM='2016-01' AND STAFFID ='092156' AND YYYYMMDD NOT IN (SELECT   YYYYMMDD FROM EVERYDAY_STAFF_CHECK_INFO WHERE YYYYMM='2016-01' AND STAFFID ='931172' )      ORDER BY YYYYMMDD 错误原因:System.Data.OracleClient.OracleException (0x80131938): ORA-00920: 无效的关系运算符

   在 System.Data.OracleClient.OracleConnection.CheckError(OciErrorHandle errorHandle, Int32 rc)
   在 System.Data.OracleClient.OracleCommand.Execute(OciStatementHandle statementHandle, CommandBehavior behavior, Boolean needRowid, OciRowidDescriptor& rowidDescriptor, ArrayList& resultParameterOrdinals)
   在 System.Data.OracleClient.OracleCommand.Execute(OciStatementHandle statementHandle, CommandBehavior behavior, ArrayList& resultParameterOrdinals)
   在 System.Data.OracleClient.OracleCommand.ExecuteReader(CommandBehavior behavior)
   在 System.Data.OracleClient.OracleCommand.ExecuteDbDataReader(CommandBehavior behavior)
   在 System.Data.Common.DbCommand.System.Data.IDbCommand.ExecuteReader(CommandBehavior behavior)
   在 System.Data.Common.DbDataAdapter.FillInternal(DataSet dataset, DataTable[] datatables, Int32 startRecord, Int32 maxRecords, String srcTable, IDbCommand command, CommandBehavior behavior)
   在 System.Data.Common.DbDataAdapter.Fill(DataTable[] dataTables, Int32 startRecord, Int32 maxRecords, IDbCommand command, CommandBehavior behavior)
   在 System.Data.Common.DbDataAdapter.Fill(DataTable dataTable)
   在 WeiXinCqe.OracleOperateHelp.ExecuteDataTable(String connectionString, CommandType cmdType, String cmdText, OracleParameter[] commandParameters) 位置 C:\Users\cqe092156\documents\visual studio 2010\Projects\WeiXinCqe\WeiXinCqe\class\OracleOperateHelp.cs:行号 106
   在 WeiXinCqe.OracleOperateHelp.getDataTable(String sql) 位置 C:\Users\cqe092156\documents\visual studio 2010\Projects\WeiXinCqe\WeiXinCqe\class\OracleOperateHelp.cs:行号 53

[2016-07-20 15:41:44]    获取数据库DataTable失败SQL语句为:SELECT STAFFID,TO_CHAR(YYYYMMDD,'YYYY-MM-DD') AS YYYYMMDD,OVERTIME_TYPE,(NVL(OVERTIME_FACT,0)+NVL(OVERTIME_FACT_XL,0)) AS OVERTIME FROM EVERYDAY_STAFF_CHECK_INFO WHERE (NVL(OVERTIME_FACT,0)+NVL(OVERTIME_FACT_XL,0)) >0 AND YYYYMM='2016-02' AND STAFFID ='931172'   UNION ALL  SELECT STAFFID,TO_CHAR(YYYYMMDD,'YYYY-MM-DD') AS YYYYMMDD,OVERTIME_TYPE,(NVL(OVERTIME_FACT,0)+NVL(OVERTIME_FACT_XL,0)) AS OVERTIME FROM EVERYDAY_STAFF_CHECK_INFO WHERE  (NVL(OVERTIME_FACT,0)+NVL(OVERTIME_FACT_XL,0)) > AND  YYYYMM='2016-02' AND STAFFID ='092156' AND YYYYMMDD NOT IN (SELECT   YYYYMMDD FROM EVERYDAY_STAFF_CHECK_INFO WHERE YYYYMM='2016-02' AND STAFFID ='931172' )      ORDER BY YYYYMMDD 错误原因:System.Data.OracleClient.OracleException (0x80131938): ORA-00920: 无效的关系运算符

   在 System.Data.OracleClient.OracleConnection.CheckError(OciErrorHandle errorHandle, Int32 rc)
   在 System.Data.OracleClient.OracleCommand.Execute(OciStatementHandle statementHandle, CommandBehavior behavior, Boolean needRowid, OciRowidDescriptor& rowidDescriptor, ArrayList& resultParameterOrdinals)
   在 System.Data.OracleClient.OracleCommand.Execute(OciStatementHandle statementHandle, CommandBehavior behavior, ArrayList& resultParameterOrdinals)
   在 System.Data.OracleClient.OracleCommand.ExecuteReader(CommandBehavior behavior)
   在 System.Data.OracleClient.OracleCommand.ExecuteDbDataReader(CommandBehavior behavior)
   在 System.Data.Common.DbCommand.System.Data.IDbCommand.ExecuteReader(CommandBehavior behavior)
   在 System.Data.Common.DbDataAdapter.FillInternal(DataSet dataset, DataTable[] datatables, Int32 startRecord, Int32 maxRecords, String srcTable, IDbCommand command, CommandBehavior behavior)
   在 System.Data.Common.DbDataAdapter.Fill(DataTable[] dataTables, Int32 startRecord, Int32 maxRecords, IDbCommand command, CommandBehavior behavior)
   在 System.Data.Common.DbDataAdapter.Fill(DataTable dataTable)
   在 WeiXinCqe.OracleOperateHelp.ExecuteDataTable(String connectionString, CommandType cmdType, String cmdText, OracleParameter[] commandParameters) 位置 C:\Users\cqe092156\documents\visual studio 2010\Projects\WeiXinCqe\WeiXinCqe\class\OracleOperateHelp.cs:行号 106
   在 WeiXinCqe.OracleOperateHelp.getDataTable(String sql) 位置 C:\Users\cqe092156\documents\visual studio 2010\Projects\WeiXinCqe\WeiXinCqe\class\OracleOperateHelp.cs:行号 53

[2016-07-20 15:41:45]    获取数据库DataTable失败SQL语句为:SELECT STAFFID,TO_CHAR(YYYYMMDD,'YYYY-MM-DD') AS YYYYMMDD,OVERTIME_TYPE,(NVL(OVERTIME_FACT,0)+NVL(OVERTIME_FACT_XL,0)) AS OVERTIME FROM EVERYDAY_STAFF_CHECK_INFO WHERE (NVL(OVERTIME_FACT,0)+NVL(OVERTIME_FACT_XL,0)) >0 AND YYYYMM='2016-04' AND STAFFID ='931172'   UNION ALL  SELECT STAFFID,TO_CHAR(YYYYMMDD,'YYYY-MM-DD') AS YYYYMMDD,OVERTIME_TYPE,(NVL(OVERTIME_FACT,0)+NVL(OVERTIME_FACT_XL,0)) AS OVERTIME FROM EVERYDAY_STAFF_CHECK_INFO WHERE  (NVL(OVERTIME_FACT,0)+NVL(OVERTIME_FACT_XL,0)) > AND  YYYYMM='2016-04' AND STAFFID ='092156' AND YYYYMMDD NOT IN (SELECT   YYYYMMDD FROM EVERYDAY_STAFF_CHECK_INFO WHERE YYYYMM='2016-04' AND STAFFID ='931172' )      ORDER BY YYYYMMDD 错误原因:System.Data.OracleClient.OracleException (0x80131938): ORA-00920: 无效的关系运算符

   在 System.Data.OracleClient.OracleConnection.CheckError(OciErrorHandle errorHandle, Int32 rc)
   在 System.Data.OracleClient.OracleCommand.Execute(OciStatementHandle statementHandle, CommandBehavior behavior, Boolean needRowid, OciRowidDescriptor& rowidDescriptor, ArrayList& resultParameterOrdinals)
   在 System.Data.OracleClient.OracleCommand.Execute(OciStatementHandle statementHandle, CommandBehavior behavior, ArrayList& resultParameterOrdinals)
   在 System.Data.OracleClient.OracleCommand.ExecuteReader(CommandBehavior behavior)
   在 System.Data.OracleClient.OracleCommand.ExecuteDbDataReader(CommandBehavior behavior)
   在 System.Data.Common.DbCommand.System.Data.IDbCommand.ExecuteReader(CommandBehavior behavior)
   在 System.Data.Common.DbDataAdapter.FillInternal(DataSet dataset, DataTable[] datatables, Int32 startRecord, Int32 maxRecords, String srcTable, IDbCommand command, CommandBehavior behavior)
   在 System.Data.Common.DbDataAdapter.Fill(DataTable[] dataTables, Int32 startRecord, Int32 maxRecords, IDbCommand command, CommandBehavior behavior)
   在 System.Data.Common.DbDataAdapter.Fill(DataTable dataTable)
   在 WeiXinCqe.OracleOperateHelp.ExecuteDataTable(String connectionString, CommandType cmdType, String cmdText, OracleParameter[] commandParameters) 位置 C:\Users\cqe092156\documents\visual studio 2010\Projects\WeiXinCqe\WeiXinCqe\class\OracleOperateHelp.cs:行号 106
   在 WeiXinCqe.OracleOperateHelp.getDataTable(String sql) 位置 C:\Users\cqe092156\documents\visual studio 2010\Projects\WeiXinCqe\WeiXinCqe\class\OracleOperateHelp.cs:行号 53

[2016-07-20 15:41:50]    获取数据库DataTable失败SQL语句为:SELECT STAFFID,TO_CHAR(YYYYMMDD,'YYYY-MM-DD') AS YYYYMMDD,OVERTIME_TYPE,(NVL(OVERTIME_FACT,0)+NVL(OVERTIME_FACT_XL,0)) AS OVERTIME FROM EVERYDAY_STAFF_CHECK_INFO WHERE (NVL(OVERTIME_FACT,0)+NVL(OVERTIME_FACT_XL,0)) >0 AND YYYYMM='2016-05' AND STAFFID ='931172'   UNION ALL  SELECT STAFFID,TO_CHAR(YYYYMMDD,'YYYY-MM-DD') AS YYYYMMDD,OVERTIME_TYPE,(NVL(OVERTIME_FACT,0)+NVL(OVERTIME_FACT_XL,0)) AS OVERTIME FROM EVERYDAY_STAFF_CHECK_INFO WHERE  (NVL(OVERTIME_FACT,0)+NVL(OVERTIME_FACT_XL,0)) > AND  YYYYMM='2016-05' AND STAFFID ='092156' AND YYYYMMDD NOT IN (SELECT   YYYYMMDD FROM EVERYDAY_STAFF_CHECK_INFO WHERE YYYYMM='2016-05' AND STAFFID ='931172' )      ORDER BY YYYYMMDD 错误原因:System.Data.OracleClient.OracleException (0x80131938): ORA-00920: 无效的关系运算符

   在 System.Data.OracleClient.OracleConnection.CheckError(OciErrorHandle errorHandle, Int32 rc)
   在 System.Data.OracleClient.OracleCommand.Execute(OciStatementHandle statementHandle, CommandBehavior behavior, Boolean needRowid, OciRowidDescriptor& rowidDescriptor, ArrayList& resultParameterOrdinals)
   在 System.Data.OracleClient.OracleCommand.Execute(OciStatementHandle statementHandle, CommandBehavior behavior, ArrayList& resultParameterOrdinals)
   在 System.Data.OracleClient.OracleCommand.ExecuteReader(CommandBehavior behavior)
   在 System.Data.OracleClient.OracleCommand.ExecuteDbDataReader(CommandBehavior behavior)
   在 System.Data.Common.DbCommand.System.Data.IDbCommand.ExecuteReader(CommandBehavior behavior)
   在 System.Data.Common.DbDataAdapter.FillInternal(DataSet dataset, DataTable[] datatables, Int32 startRecord, Int32 maxRecords, String srcTable, IDbCommand command, CommandBehavior behavior)
   在 System.Data.Common.DbDataAdapter.Fill(DataTable[] dataTables, Int32 startRecord, Int32 maxRecords, IDbCommand command, CommandBehavior behavior)
   在 System.Data.Common.DbDataAdapter.Fill(DataTable dataTable)
   在 WeiXinCqe.OracleOperateHelp.ExecuteDataTable(String connectionString, CommandType cmdType, String cmdText, OracleParameter[] commandParameters) 位置 C:\Users\cqe092156\documents\visual studio 2010\Projects\WeiXinCqe\WeiXinCqe\class\OracleOperateHelp.cs:行号 106
   在 WeiXinCqe.OracleOperateHelp.getDataTable(String sql) 位置 C:\Users\cqe092156\documents\visual studio 2010\Projects\WeiXinCqe\WeiXinCqe\class\OracleOperateHelp.cs:行号 53

[2016-07-20 15:41:52]    获取数据库DataTable失败SQL语句为:SELECT STAFFID,TO_CHAR(YYYYMMDD,'YYYY-MM-DD') AS YYYYMMDD,OVERTIME_TYPE,(NVL(OVERTIME_FACT,0)+NVL(OVERTIME_FACT_XL,0)) AS OVERTIME FROM EVERYDAY_STAFF_CHECK_INFO WHERE (NVL(OVERTIME_FACT,0)+NVL(OVERTIME_FACT_XL,0)) >0 AND YYYYMM='2016-06' AND STAFFID ='931172'   UNION ALL  SELECT STAFFID,TO_CHAR(YYYYMMDD,'YYYY-MM-DD') AS YYYYMMDD,OVERTIME_TYPE,(NVL(OVERTIME_FACT,0)+NVL(OVERTIME_FACT_XL,0)) AS OVERTIME FROM EVERYDAY_STAFF_CHECK_INFO WHERE  (NVL(OVERTIME_FACT,0)+NVL(OVERTIME_FACT_XL,0)) > AND  YYYYMM='2016-06' AND STAFFID ='092156' AND YYYYMMDD NOT IN (SELECT   YYYYMMDD FROM EVERYDAY_STAFF_CHECK_INFO WHERE YYYYMM='2016-06' AND STAFFID ='931172' )      ORDER BY YYYYMMDD 错误原因:System.Data.OracleClient.OracleException (0x80131938): ORA-00920: 无效的关系运算符

   在 System.Data.OracleClient.OracleConnection.CheckError(OciErrorHandle errorHandle, Int32 rc)
   在 System.Data.OracleClient.OracleCommand.Execute(OciStatementHandle statementHandle, CommandBehavior behavior, Boolean needRowid, OciRowidDescriptor& rowidDescriptor, ArrayList& resultParameterOrdinals)
   在 System.Data.OracleClient.OracleCommand.Execute(OciStatementHandle statementHandle, CommandBehavior behavior, ArrayList& resultParameterOrdinals)
   在 System.Data.OracleClient.OracleCommand.ExecuteReader(CommandBehavior behavior)
   在 System.Data.OracleClient.OracleCommand.ExecuteDbDataReader(CommandBehavior behavior)
   在 System.Data.Common.DbCommand.System.Data.IDbCommand.ExecuteReader(CommandBehavior behavior)
   在 System.Data.Common.DbDataAdapter.FillInternal(DataSet dataset, DataTable[] datatables, Int32 startRecord, Int32 maxRecords, String srcTable, IDbCommand command, CommandBehavior behavior)
   在 System.Data.Common.DbDataAdapter.Fill(DataTable[] dataTables, Int32 startRecord, Int32 maxRecords, IDbCommand command, CommandBehavior behavior)
   在 System.Data.Common.DbDataAdapter.Fill(DataTable dataTable)
   在 WeiXinCqe.OracleOperateHelp.ExecuteDataTable(String connectionString, CommandType cmdType, String cmdText, OracleParameter[] commandParameters) 位置 C:\Users\cqe092156\documents\visual studio 2010\Projects\WeiXinCqe\WeiXinCqe\class\OracleOperateHelp.cs:行号 106
   在 WeiXinCqe.OracleOperateHelp.getDataTable(String sql) 位置 C:\Users\cqe092156\documents\visual studio 2010\Projects\WeiXinCqe\WeiXinCqe\class\OracleOperateHelp.cs:行号 53

