[2016-07-08 11:25:19]    {"access_token":"it6qLR89WbUSZWeTtt791oiq_OKgSl_WsObdwJX3Goww1foyWMq5SN8FkAGZpc1q","expires_in":7200}

[2016-07-08 11:26:47]    {"access_token":"it6qLR89WbUSZWeTtt791oiq_OKgSl_WsObdwJX3Goww1foyWMq5SN8FkAGZpc1q","expires_in":7200}

[2016-07-08 11:29:10]    {"access_token":"it6qLR89WbUSZWeTtt791oiq_OKgSl_WsObdwJX3Goww1foyWMq5SN8FkAGZpc1q","expires_in":7200}

[2016-07-08 11:29:10]    System.Web.UI.WebControls.Label   default1:1

[2016-07-08 11:29:16]    System.Web.UI.WebControls.Label   default1:1

[2016-07-08 11:29:20]    System.Web.UI.WebControls.Label   default1:1

[2016-07-08 11:29:22]    System.Web.UI.WebControls.Label   default1:1

[2016-07-08 11:29:49]    System.Web.UI.WebControls.Label   default1:1

[2016-07-08 11:29:59]    System.Web.UI.WebControls.Label   default1:1

[2016-07-08 11:30:44]    {"access_token":"it6qLR89WbUSZWeTtt791oiq_OKgSl_WsObdwJX3Goww1foyWMq5SN8FkAGZpc1q","expires_in":7200}

[2016-07-08 11:30:44]    System.Web.UI.WebControls.Label   default1:1

[2016-07-08 11:30:44]    System.Web.UI.WebControls.Label   default1:2

[2016-07-08 11:30:45]    System.Web.UI.WebControls.Label   default1:3

[2016-07-08 11:30:46]    System.Web.UI.WebControls.Label   default1:4

[2016-07-08 11:30:46]    System.Web.UI.WebControls.Label   default1:5

[2016-07-08 11:30:47]    System.Web.UI.WebControls.Label   default1:6

[2016-07-08 11:30:47]    System.Web.UI.WebControls.Label   default1:7

[2016-07-08 11:30:48]    System.Web.UI.WebControls.Label   default1:8

[2016-07-08 11:30:48]    System.Web.UI.WebControls.Label   default1:9

[2016-07-08 11:30:49]    System.Web.UI.WebControls.Label   default1:10

[2016-07-08 11:30:49]    System.Web.UI.WebControls.Label   default1:11

[2016-07-08 11:30:49]    System.Web.UI.WebControls.Label   default1:12

[2016-07-08 11:30:50]    System.Web.UI.WebControls.Label   default1:13

[2016-07-08 11:30:50]    System.Web.UI.WebControls.Label   default1:14

[2016-07-08 11:30:51]    System.Web.UI.WebControls.Label   default1:15

[2016-07-08 11:30:52]    System.Web.UI.WebControls.Label   default1:16

[2016-07-08 11:30:52]    System.Web.UI.WebControls.Label   default1:17

[2016-07-08 11:30:53]    System.Web.UI.WebControls.Label   default1:18

[2016-07-08 11:30:54]    System.Web.UI.WebControls.Label   default1:19

[2016-07-08 11:30:54]    System.Web.UI.WebControls.Label   default1:20

[2016-07-08 11:30:55]    System.Web.UI.WebControls.Label   default1:21

[2016-07-08 11:30:55]    System.Web.UI.WebControls.Label   default1:22

[2016-07-08 11:30:56]    System.Web.UI.WebControls.Label   default1:23

[2016-07-08 11:30:57]    System.Web.UI.WebControls.Label   default1:24

[2016-07-08 11:30:57]    System.Web.UI.WebControls.Label   default1:25

[2016-07-08 11:30:58]    System.Web.UI.WebControls.Label   default1:26

[2016-07-08 11:30:59]    System.Web.UI.WebControls.Label   default1:27

[2016-07-08 11:30:59]    System.Web.UI.WebControls.Label   default1:28

[2016-07-08 11:31:00]    System.Web.UI.WebControls.Label   default1:29

[2016-07-08 11:31:01]    System.Web.UI.WebControls.Label   default1:30

[2016-07-08 11:31:01]    System.Web.UI.WebControls.Label   default1:31

[2016-07-08 11:31:02]    System.Web.UI.WebControls.Label   default1:32

[2016-07-08 11:31:03]    System.Web.UI.WebControls.Label   default1:33

[2016-07-08 11:34:31]    {"access_token":"it6qLR89WbUSZWeTtt791oiq_OKgSl_WsObdwJX3Goww1foyWMq5SN8FkAGZpc1q","expires_in":7200}

[2016-07-08 11:34:31]    default2System.Web.UI.WebControls.Label   default2:1

[2016-07-08 11:34:33]    default1System.Web.UI.WebControls.Label   default1:1

[2016-07-08 11:34:40]    default1System.Web.UI.WebControls.Label   default1:2

[2016-07-08 11:34:41]    default1System.Web.UI.WebControls.Label   default1:3

[2016-07-08 11:34:42]    default1System.Web.UI.WebControls.Label   default1:4

[2016-07-08 11:34:42]    default1System.Web.UI.WebControls.Label   default1:5

[2016-07-08 11:34:43]    default1System.Web.UI.WebControls.Label   default1:6

[2016-07-08 11:34:43]    default1System.Web.UI.WebControls.Label   default1:7

[2016-07-08 11:34:44]    default1System.Web.UI.WebControls.Label   default1:8

[2016-07-08 11:34:44]    default1System.Web.UI.WebControls.Label   default1:9

[2016-07-08 11:34:44]    default1System.Web.UI.WebControls.Label   default1:10

[2016-07-08 11:34:46]    default2System.Web.UI.WebControls.Label   default2:2

[2016-07-08 11:34:47]    default2System.Web.UI.WebControls.Label   default2:3

[2016-07-08 11:34:47]    default2System.Web.UI.WebControls.Label   default2:4

[2016-07-08 11:34:47]    default2System.Web.UI.WebControls.Label   default2:5

[2016-07-08 11:34:48]    default2System.Web.UI.WebControls.Label   default2:6

[2016-07-08 11:34:48]    default2System.Web.UI.WebControls.Label   default2:7

[2016-07-08 11:34:48]    default2System.Web.UI.WebControls.Label   default2:8

[2016-07-08 11:34:49]    default2System.Web.UI.WebControls.Label   default2:9

[2016-07-08 11:34:49]    default2System.Web.UI.WebControls.Label   default2:10

[2016-07-08 11:36:18]    default2System.Web.UI.WebControls.Label   default2:1

[2016-07-08 11:36:30]    default2System.Web.UI.WebControls.Label   default2:2

[2016-07-08 11:36:31]    default2System.Web.UI.WebControls.Label   default2:3

[2016-07-08 11:36:46]    default2System.Web.UI.WebControls.Label   default2:4

[2016-07-08 11:36:47]    default2System.Web.UI.WebControls.Label   default2:5

[2016-07-08 11:36:47]    default2System.Web.UI.WebControls.Label   default2:6

[2016-07-08 11:36:48]    default2System.Web.UI.WebControls.Label   default2:7

[2016-07-08 11:36:48]    default2System.Web.UI.WebControls.Label   default2:8

[2016-07-08 11:37:55]    default2System.Web.UI.WebControls.Label   default2:9

[2016-07-08 11:38:52]    {"access_token":"it6qLR89WbUSZWeTtt791oiq_OKgSl_WsObdwJX3Goww1foyWMq5SN8FkAGZpc1q","expires_in":7200}

[2016-07-08 11:38:52]    default2accesstoken:=it6qLR89WbUSZWeTtt791oiq_OKgSl_WsObdwJX3Goww1foyWMq5SN8FkAGZpc1qCreateTime:=2016-07-08 11:38:51Expires_In:=7200Expired:=False   default2:1

[2016-07-08 11:38:54]    default2accesstoken:=it6qLR89WbUSZWeTtt791oiq_OKgSl_WsObdwJX3Goww1foyWMq5SN8FkAGZpc1qCreateTime:=2016-07-08 11:38:51Expires_In:=7200Expired:=False   default2:2

[2016-07-08 11:38:55]    default2accesstoken:=it6qLR89WbUSZWeTtt791oiq_OKgSl_WsObdwJX3Goww1foyWMq5SN8FkAGZpc1qCreateTime:=2016-07-08 11:38:51Expires_In:=7200Expired:=False   default2:3

[2016-07-08 11:38:55]    default2accesstoken:=it6qLR89WbUSZWeTtt791oiq_OKgSl_WsObdwJX3Goww1foyWMq5SN8FkAGZpc1qCreateTime:=2016-07-08 11:38:51Expires_In:=7200Expired:=False   default2:4

[2016-07-08 11:39:00]    default2accesstoken:=it6qLR89WbUSZWeTtt791oiq_OKgSl_WsObdwJX3Goww1foyWMq5SN8FkAGZpc1qCreateTime:=2016-07-08 11:38:51Expires_In:=7200Expired:=False   default2:10

[2016-07-08 11:39:04]    default2accesstoken:=it6qLR89WbUSZWeTtt791oiq_OKgSl_WsObdwJX3Goww1foyWMq5SN8FkAGZpc1qCreateTime:=2016-07-08 11:38:51Expires_In:=7200Expired:=False   default2:11

[2016-07-08 11:39:07]    default2accesstoken:=it6qLR89WbUSZWeTtt791oiq_OKgSl_WsObdwJX3Goww1foyWMq5SN8FkAGZpc1qCreateTime:=2016-07-08 11:38:51Expires_In:=7200Expired:=False   default2:12

[2016-07-08 11:39:08]    default2accesstoken:=it6qLR89WbUSZWeTtt791oiq_OKgSl_WsObdwJX3Goww1foyWMq5SN8FkAGZpc1qCreateTime:=2016-07-08 11:38:51Expires_In:=7200Expired:=False   default2:13

[2016-07-08 11:39:09]    default2accesstoken:=it6qLR89WbUSZWeTtt791oiq_OKgSl_WsObdwJX3Goww1foyWMq5SN8FkAGZpc1qCreateTime:=2016-07-08 11:38:51Expires_In:=7200Expired:=False   default2:14

[2016-07-08 11:39:09]    default2accesstoken:=it6qLR89WbUSZWeTtt791oiq_OKgSl_WsObdwJX3Goww1foyWMq5SN8FkAGZpc1qCreateTime:=2016-07-08 11:38:51Expires_In:=7200Expired:=False   default2:15

[2016-07-08 11:39:10]    default2accesstoken:=it6qLR89WbUSZWeTtt791oiq_OKgSl_WsObdwJX3Goww1foyWMq5SN8FkAGZpc1qCreateTime:=2016-07-08 11:38:51Expires_In:=7200Expired:=False   default2:16

[2016-07-08 11:39:10]    default2accesstoken:=it6qLR89WbUSZWeTtt791oiq_OKgSl_WsObdwJX3Goww1foyWMq5SN8FkAGZpc1qCreateTime:=2016-07-08 11:38:51Expires_In:=7200Expired:=False   default2:17

[2016-07-08 11:39:10]    default2accesstoken:=it6qLR89WbUSZWeTtt791oiq_OKgSl_WsObdwJX3Goww1foyWMq5SN8FkAGZpc1qCreateTime:=2016-07-08 11:38:51Expires_In:=7200Expired:=False   default2:18

[2016-07-08 11:39:11]    default2accesstoken:=it6qLR89WbUSZWeTtt791oiq_OKgSl_WsObdwJX3Goww1foyWMq5SN8FkAGZpc1qCreateTime:=2016-07-08 11:38:51Expires_In:=7200Expired:=False   default2:19

[2016-07-08 11:39:11]    default2accesstoken:=it6qLR89WbUSZWeTtt791oiq_OKgSl_WsObdwJX3Goww1foyWMq5SN8FkAGZpc1qCreateTime:=2016-07-08 11:38:51Expires_In:=7200Expired:=False   default2:20

[2016-07-08 11:45:07]    {"access_token":"it6qLR89WbUSZWeTtt791oiq_OKgSl_WsObdwJX3Goww1foyWMq5SN8FkAGZpc1q","expires_in":7200}

[2016-07-08 11:45:07]    default1accesstoken:=it6qLR89WbUSZWeTtt791oiq_OKgSl_WsObdwJX3Goww1foyWMq5SN8FkAGZpc1qCreateTime:=2016-07-08 11:45:07Expires_In:=7200Expired:=False   default1:1

[2016-07-08 11:45:09]    default1accesstoken:=it6qLR89WbUSZWeTtt791oiq_OKgSl_WsObdwJX3Goww1foyWMq5SN8FkAGZpc1qCreateTime:=2016-07-08 11:45:07Expires_In:=7200Expired:=False   default1:2

[2016-07-08 11:45:10]    default1accesstoken:=it6qLR89WbUSZWeTtt791oiq_OKgSl_WsObdwJX3Goww1foyWMq5SN8FkAGZpc1qCreateTime:=2016-07-08 11:45:07Expires_In:=7200Expired:=False   default1:3

[2016-07-08 11:45:11]    default1accesstoken:=it6qLR89WbUSZWeTtt791oiq_OKgSl_WsObdwJX3Goww1foyWMq5SN8FkAGZpc1qCreateTime:=2016-07-08 11:45:07Expires_In:=7200Expired:=False   default1:4

[2016-07-08 11:45:12]    default1accesstoken:=it6qLR89WbUSZWeTtt791oiq_OKgSl_WsObdwJX3Goww1foyWMq5SN8FkAGZpc1qCreateTime:=2016-07-08 11:45:07Expires_In:=7200Expired:=False   default1:5

[2016-07-08 11:45:13]    default1accesstoken:=it6qLR89WbUSZWeTtt791oiq_OKgSl_WsObdwJX3Goww1foyWMq5SN8FkAGZpc1qCreateTime:=2016-07-08 11:45:07Expires_In:=7200Expired:=False   default1:6

[2016-07-08 11:45:15]    default1accesstoken:=it6qLR89WbUSZWeTtt791oiq_OKgSl_WsObdwJX3Goww1foyWMq5SN8FkAGZpc1qCreateTime:=2016-07-08 11:45:07Expires_In:=7200Expired:=False   default1:7

[2016-07-08 13:59:10]    {"errcode":40001,"errmsg":"invalid credential"}

[2016-07-08 13:59:12]    {"errcode":40001,"errmsg":"invalid credential"}

[2016-07-08 13:59:12]    {"errcode":40001,"errmsg":"invalid credential"}

[2016-07-08 13:59:12]    {"errcode":40001,"errmsg":"invalid credential"}

[2016-07-08 13:59:12]    default1accesstoken:=CreateTime:=2016-07-08 13:59:12Expires_In:=-1Expired:=True   default1:1

[2016-07-08 14:14:22]    {"access_token":"HxWfSX_2qWEio5FqgeUaPawLEpa7DjJmNq0zVl3Jj5hRP6evfT0DNTg7h_EB6BMN","expires_in":7200}

[2016-07-08 14:14:22]    default1accesstoken:=HxWfSX_2qWEio5FqgeUaPawLEpa7DjJmNq0zVl3Jj5hRP6evfT0DNTg7h_EB6BMNCreateTime:=2016-07-08 14:14:11Expires_In:=7200Expired:=False   default1:1

[2016-07-08 14:37:02]    {"access_token":"HxWfSX_2qWEio5FqgeUaPawLEpa7DjJmNq0zVl3Jj5hRP6evfT0DNTg7h_EB6BMN","expires_in":7200}

[2016-07-08 14:37:02]    default2accesstoken:=HxWfSX_2qWEio5FqgeUaPawLEpa7DjJmNq0zVl3Jj5hRP6evfT0DNTg7h_EB6BMNCreateTime:=2016-07-08 14:37:02Expires_In:=7200Expired:=False   default2:1

[2016-07-08 15:30:28]    {"access_token":"HxWfSX_2qWEio5FqgeUaPawLEpa7DjJmNq0zVl3Jj5hRP6evfT0DNTg7h_EB6BMN","expires_in":7200}

[2016-07-08 15:31:32]    default1accesstoken:=HxWfSX_2qWEio5FqgeUaPawLEpa7DjJmNq0zVl3Jj5hRP6evfT0DNTg7h_EB6BMNCreateTime:=2016-07-08 15:30:27Expires_In:=7200Expired:=False   default1:1

[2016-07-08 15:32:33]    default1accesstoken:=HxWfSX_2qWEio5FqgeUaPawLEpa7DjJmNq0zVl3Jj5hRP6evfT0DNTg7h_EB6BMNCreateTime:=2016-07-08 15:30:27Expires_In:=7200Expired:=False   default1:2

