[2016-08-10 11:08:00]    获取数据库DataTable失败SQL语句为:错误原因:System.InvalidOperationException: CommandText 属性尚未初始化。
   在 System.Data.OracleClient.OracleCommand.get_StatementText()
   在 System.Data.OracleClient.OracleCommand.Execute(OciStatementHandle statementHandle, CommandBehavior behavior, Boolean needRowid, OciRowidDescriptor& rowidDescriptor, ArrayList& resultParameterOrdinals)
   在 System.Data.OracleClient.OracleCommand.Execute(OciStatementHandle statementHandle, CommandBehavior behavior, ArrayList& resultParameterOrdinals)
   在 System.Data.OracleClient.OracleCommand.ExecuteReader(CommandBehavior behavior)
   在 System.Data.OracleClient.OracleCommand.ExecuteDbDataReader(CommandBehavior behavior)
   在 System.Data.Common.DbCommand.System.Data.IDbCommand.ExecuteReader(CommandBehavior behavior)
   在 System.Data.Common.DbDataAdapter.FillInternal(DataSet dataset, DataTable[] datatables, Int32 startRecord, Int32 maxRecords, String srcTable, IDbCommand command, CommandBehavior behavior)
   在 System.Data.Common.DbDataAdapter.Fill(DataTable[] dataTables, Int32 startRecord, Int32 maxRecords, IDbCommand command, CommandBehavior behavior)
   在 System.Data.Common.DbDataAdapter.Fill(DataTable dataTable)
   在 WeiXinCqe.OracleOperateHelp.ExecuteDataTable(String connectionString, CommandType cmdType, String cmdText, OracleParameter[] commandParameters) 位置 C:\Users\cqe092156\Documents\Visual Studio 2010\Projects\WeiXinCqe\WeiXinCqe\class\OracleOperateHelp.cs:行号 106
   在 WeiXinCqe.OracleOperateHelp.getDataTable(String sql) 位置 C:\Users\cqe092156\Documents\Visual Studio 2010\Projects\WeiXinCqe\WeiXinCqe\class\OracleOperateHelp.cs:行号 53

[2016-08-10 13:14:54]    获取数据库DataTable失败SQL语句为: SELECT A.WORK_8,A.WORK_9,A.WORK_10,A.TYPE2,A.DATE_IN,A.TECH_TYPE,A.TECH_POST,A.TECH_LEVEL,A.TECH_PAY,A.TECH_PAY_OLD,B.TECH_TYPE AS BTYPE,B.TECH_POST AS BPOST,A.TECH_LEVEL AS BLEVEL,B.T_PAY AS BPAY FROM  STAFF_SALARY_XL A LEFT JOIN SLR_TECH_MONTH B ON A.YYYYMM=B.YYYYMM   WHERE A.STAFFID='092156' AND A.YYYYMM='2016-07'  ORDER BY B.ORDERID错误原因:System.Data.OracleClient.OracleException (0x80131938): ORA-00904: "B"."ORDERID": 标识符无效

   在 System.Data.OracleClient.OracleConnection.CheckError(OciErrorHandle errorHandle, Int32 rc)
   在 System.Data.OracleClient.OracleCommand.Execute(OciStatementHandle statementHandle, CommandBehavior behavior, Boolean needRowid, OciRowidDescriptor& rowidDescriptor, ArrayList& resultParameterOrdinals)
   在 System.Data.OracleClient.OracleCommand.Execute(OciStatementHandle statementHandle, CommandBehavior behavior, ArrayList& resultParameterOrdinals)
   在 System.Data.OracleClient.OracleCommand.ExecuteReader(CommandBehavior behavior)
   在 System.Data.OracleClient.OracleCommand.ExecuteDbDataReader(CommandBehavior behavior)
   在 System.Data.Common.DbCommand.System.Data.IDbCommand.ExecuteReader(CommandBehavior behavior)
   在 System.Data.Common.DbDataAdapter.FillInternal(DataSet dataset, DataTable[] datatables, Int32 startRecord, Int32 maxRecords, String srcTable, IDbCommand command, CommandBehavior behavior)
   在 System.Data.Common.DbDataAdapter.Fill(DataTable[] dataTables, Int32 startRecord, Int32 maxRecords, IDbCommand command, CommandBehavior behavior)
   在 System.Data.Common.DbDataAdapter.Fill(DataTable dataTable)
   在 WeiXinCqe.OracleOperateHelp.ExecuteDataTable(String connectionString, CommandType cmdType, String cmdText, OracleParameter[] commandParameters) 位置 C:\Users\cqe092156\Documents\Visual Studio 2010\Projects\WeiXinCqe\WeiXinCqe\class\OracleOperateHelp.cs:行号 106
   在 WeiXinCqe.OracleOperateHelp.getDataTable(String sql) 位置 C:\Users\cqe092156\Documents\Visual Studio 2010\Projects\WeiXinCqe\WeiXinCqe\class\OracleOperateHelp.cs:行号 53

[2016-08-10 13:16:13]    获取数据库DataTable失败SQL语句为: SELECT A.WORK_8,A.WORK_9,A.WORK_10,A.TYPE2,A.DATE_IN,A.TECH_TYPE,A.TECH_POST,A.TECH_LEVEL,A.TECH_PAY,A.TECH_PAY_OLD,B.TECH_TYPE AS BTYPE,B.TECH_POST AS BPOST,A.TECH_LEVEL AS BLEVEL,B.T_PAY AS BPAY FROM  STAFF_SALARY_XL A LEFT JOIN SLR_TECH_MONTH B ON A.YYYYMM=B.YYYYMM   WHERE A.STAFFID='092156' AND A.YYYYMM='2016-07'  ORDER BY B.ORDERID错误原因:System.Data.OracleClient.OracleException (0x80131938): ORA-00904: "B"."ORDERID": 标识符无效

   在 System.Data.OracleClient.OracleConnection.CheckError(OciErrorHandle errorHandle, Int32 rc)
   在 System.Data.OracleClient.OracleCommand.Execute(OciStatementHandle statementHandle, CommandBehavior behavior, Boolean needRowid, OciRowidDescriptor& rowidDescriptor, ArrayList& resultParameterOrdinals)
   在 System.Data.OracleClient.OracleCommand.Execute(OciStatementHandle statementHandle, CommandBehavior behavior, ArrayList& resultParameterOrdinals)
   在 System.Data.OracleClient.OracleCommand.ExecuteReader(CommandBehavior behavior)
   在 System.Data.OracleClient.OracleCommand.ExecuteDbDataReader(CommandBehavior behavior)
   在 System.Data.Common.DbCommand.System.Data.IDbCommand.ExecuteReader(CommandBehavior behavior)
   在 System.Data.Common.DbDataAdapter.FillInternal(DataSet dataset, DataTable[] datatables, Int32 startRecord, Int32 maxRecords, String srcTable, IDbCommand command, CommandBehavior behavior)
   在 System.Data.Common.DbDataAdapter.Fill(DataTable[] dataTables, Int32 startRecord, Int32 maxRecords, IDbCommand command, CommandBehavior behavior)
   在 System.Data.Common.DbDataAdapter.Fill(DataTable dataTable)
   在 WeiXinCqe.OracleOperateHelp.ExecuteDataTable(String connectionString, CommandType cmdType, String cmdText, OracleParameter[] commandParameters) 位置 C:\Users\cqe092156\Documents\Visual Studio 2010\Projects\WeiXinCqe\WeiXinCqe\class\OracleOperateHelp.cs:行号 106
   在 WeiXinCqe.OracleOperateHelp.getDataTable(String sql) 位置 C:\Users\cqe092156\Documents\Visual Studio 2010\Projects\WeiXinCqe\WeiXinCqe\class\OracleOperateHelp.cs:行号 53

[2016-08-10 14:55:00]    获取数据库DataTable失败SQL语句为:错误原因:System.InvalidOperationException: CommandText 属性尚未初始化。
   在 System.Data.OracleClient.OracleCommand.get_StatementText()
   在 System.Data.OracleClient.OracleCommand.Execute(OciStatementHandle statementHandle, CommandBehavior behavior, Boolean needRowid, OciRowidDescriptor& rowidDescriptor, ArrayList& resultParameterOrdinals)
   在 System.Data.OracleClient.OracleCommand.Execute(OciStatementHandle statementHandle, CommandBehavior behavior, ArrayList& resultParameterOrdinals)
   在 System.Data.OracleClient.OracleCommand.ExecuteReader(CommandBehavior behavior)
   在 System.Data.OracleClient.OracleCommand.ExecuteDbDataReader(CommandBehavior behavior)
   在 System.Data.Common.DbCommand.System.Data.IDbCommand.ExecuteReader(CommandBehavior behavior)
   在 System.Data.Common.DbDataAdapter.FillInternal(DataSet dataset, DataTable[] datatables, Int32 startRecord, Int32 maxRecords, String srcTable, IDbCommand command, CommandBehavior behavior)
   在 System.Data.Common.DbDataAdapter.Fill(DataTable[] dataTables, Int32 startRecord, Int32 maxRecords, IDbCommand command, CommandBehavior behavior)
   在 System.Data.Common.DbDataAdapter.Fill(DataTable dataTable)
   在 WeiXinCqe.OracleOperateHelp.ExecuteDataTable(String connectionString, CommandType cmdType, String cmdText, OracleParameter[] commandParameters) 位置 C:\Users\cqe092156\Documents\Visual Studio 2010\Projects\WeiXinCqe\WeiXinCqe\class\OracleOperateHelp.cs:行号 106
   在 WeiXinCqe.OracleOperateHelp.getDataTable(String sql) 位置 C:\Users\cqe092156\Documents\Visual Studio 2010\Projects\WeiXinCqe\WeiXinCqe\class\OracleOperateHelp.cs:行号 53

[2016-08-10 16:15:13]    获取数据库DataTable失败SQL语句为: SELECT  A.RANK,A.HF,A.STAFFID,A.TOPDEPTNAME,A.WORK_8,A.WORK_9,A.WORK_10,A.TYPE2,A.DATE_IN,A.BASE_GIVE,A.COMPETENCY_PAY,B.HF_LEVEL,B.HF_BASE,B.HF_RATE FROM STAFF_SALARY_XL A LEFT JOIN SLR_HF_MONTH B ON A.YYYYMM=B.YYYYMM   WHERE A.STAFFID='160286' AND A.YYYYMM='2016-07'  ORDER BY B.ORDERID错误原因:System.Data.OracleClient.OracleException (0x80131938): ORA-00904: "B"."ORDERID": 标识符无效

   在 System.Data.OracleClient.OracleConnection.CheckError(OciErrorHandle errorHandle, Int32 rc)
   在 System.Data.OracleClient.OracleCommand.Execute(OciStatementHandle statementHandle, CommandBehavior behavior, Boolean needRowid, OciRowidDescriptor& rowidDescriptor, ArrayList& resultParameterOrdinals)
   在 System.Data.OracleClient.OracleCommand.Execute(OciStatementHandle statementHandle, CommandBehavior behavior, ArrayList& resultParameterOrdinals)
   在 System.Data.OracleClient.OracleCommand.ExecuteReader(CommandBehavior behavior)
   在 System.Data.OracleClient.OracleCommand.ExecuteDbDataReader(CommandBehavior behavior)
   在 System.Data.Common.DbCommand.System.Data.IDbCommand.ExecuteReader(CommandBehavior behavior)
   在 System.Data.Common.DbDataAdapter.FillInternal(DataSet dataset, DataTable[] datatables, Int32 startRecord, Int32 maxRecords, String srcTable, IDbCommand command, CommandBehavior behavior)
   在 System.Data.Common.DbDataAdapter.Fill(DataTable[] dataTables, Int32 startRecord, Int32 maxRecords, IDbCommand command, CommandBehavior behavior)
   在 System.Data.Common.DbDataAdapter.Fill(DataTable dataTable)
   在 WeiXinCqe.OracleOperateHelp.ExecuteDataTable(String connectionString, CommandType cmdType, String cmdText, OracleParameter[] commandParameters) 位置 C:\Users\cqe092156\Documents\Visual Studio 2010\Projects\WeiXinCqe\WeiXinCqe\class\OracleOperateHelp.cs:行号 106
   在 WeiXinCqe.OracleOperateHelp.getDataTable(String sql) 位置 C:\Users\cqe092156\Documents\Visual Studio 2010\Projects\WeiXinCqe\WeiXinCqe\class\OracleOperateHelp.cs:行号 53

