[2016-07-27 13:45:58]    获取数据库DataTable失败SQL语句为:SELECT YYYYMM,STAFFID,STAFFNAME,DATE_IN,DATE_OUT,HF,RANK,TECH_TYPE,TECH_POST,TOPDEPTNAME,DEPTNAME FROM STAFF_SALARY_XL WHERE YYYYMMDD='2016-06' AND STAFFID ='092156'UNION ALL  SELECT YYYYMM,STAFFID,STAFFNAME,DATE_IN,DATE_OUT,HF,RANK,TECH_TYPE,TECH_POST,TOPDEPTNAME,DEPTNAME FROM STAFF_SALARY_XL WHERE YYYYMMDD='2016-06' AND STAFFID ='961879'  AND  YYYYMM NOT IN (SELECT YYYYMM FROM STAFF_SALARY_XL WHERE YYYYMMDD='2016-06' AND STAFFID ='092156') 错误原因:System.Data.OracleClient.OracleException (0x80131938): ORA-00904: "YYYYMMDD": 标识符无效

   在 System.Data.OracleClient.OracleConnection.CheckError(OciErrorHandle errorHandle, Int32 rc)
   在 System.Data.OracleClient.OracleCommand.Execute(OciStatementHandle statementHandle, CommandBehavior behavior, Boolean needRowid, OciRowidDescriptor& rowidDescriptor, ArrayList& resultParameterOrdinals)
   在 System.Data.OracleClient.OracleCommand.Execute(OciStatementHandle statementHandle, CommandBehavior behavior, ArrayList& resultParameterOrdinals)
   在 System.Data.OracleClient.OracleCommand.ExecuteReader(CommandBehavior behavior)
   在 System.Data.OracleClient.OracleCommand.ExecuteDbDataReader(CommandBehavior behavior)
   在 System.Data.Common.DbCommand.System.Data.IDbCommand.ExecuteReader(CommandBehavior behavior)
   在 System.Data.Common.DbDataAdapter.FillInternal(DataSet dataset, DataTable[] datatables, Int32 startRecord, Int32 maxRecords, String srcTable, IDbCommand command, CommandBehavior behavior)
   在 System.Data.Common.DbDataAdapter.Fill(DataTable[] dataTables, Int32 startRecord, Int32 maxRecords, IDbCommand command, CommandBehavior behavior)
   在 System.Data.Common.DbDataAdapter.Fill(DataTable dataTable)
   在 WeiXinCqe.OracleOperateHelp.ExecuteDataTable(String connectionString, CommandType cmdType, String cmdText, OracleParameter[] commandParameters) 位置 C:\Users\cqe092156\documents\visual studio 2010\Projects\WeiXinCqe\WeiXinCqe\class\OracleOperateHelp.cs:行号 106
   在 WeiXinCqe.OracleOperateHelp.getDataTable(String sql) 位置 C:\Users\cqe092156\documents\visual studio 2010\Projects\WeiXinCqe\WeiXinCqe\class\OracleOperateHelp.cs:行号 53

[2016-07-27 13:47:48]    获取数据库DataTable失败SQL语句为:SELECT YYYYMM,STAFFID,STAFFNAME,DATE_IN,DATE_OUT,HF,RANK,TECH_TYPE,TECH_POST,TOPDEPTNAME,DEPTNAME FROM STAFF_SALARY_XL WHERE YYYYMMDD='2016-06' AND STAFFID ='092156'UNION ALL  SELECT YYYYMM,STAFFID,STAFFNAME,DATE_IN,DATE_OUT,HF,RANK,TECH_TYPE,TECH_POST,TOPDEPTNAME,DEPTNAME FROM STAFF_SALARY_XL WHERE YYYYMMDD='2016-06' AND STAFFID ='961879'  AND  YYYYMM NOT IN (SELECT YYYYMM FROM STAFF_SALARY_XL WHERE YYYYMMDD='2016-06' AND STAFFID ='092156') 错误原因:System.Data.OracleClient.OracleException (0x80131938): ORA-00904: "YYYYMMDD": 标识符无效

   在 System.Data.OracleClient.OracleConnection.CheckError(OciErrorHandle errorHandle, Int32 rc)
   在 System.Data.OracleClient.OracleCommand.Execute(OciStatementHandle statementHandle, CommandBehavior behavior, Boolean needRowid, OciRowidDescriptor& rowidDescriptor, ArrayList& resultParameterOrdinals)
   在 System.Data.OracleClient.OracleCommand.Execute(OciStatementHandle statementHandle, CommandBehavior behavior, ArrayList& resultParameterOrdinals)
   在 System.Data.OracleClient.OracleCommand.ExecuteReader(CommandBehavior behavior)
   在 System.Data.OracleClient.OracleCommand.ExecuteDbDataReader(CommandBehavior behavior)
   在 System.Data.Common.DbCommand.System.Data.IDbCommand.ExecuteReader(CommandBehavior behavior)
   在 System.Data.Common.DbDataAdapter.FillInternal(DataSet dataset, DataTable[] datatables, Int32 startRecord, Int32 maxRecords, String srcTable, IDbCommand command, CommandBehavior behavior)
   在 System.Data.Common.DbDataAdapter.Fill(DataTable[] dataTables, Int32 startRecord, Int32 maxRecords, IDbCommand command, CommandBehavior behavior)
   在 System.Data.Common.DbDataAdapter.Fill(DataTable dataTable)
   在 WeiXinCqe.OracleOperateHelp.ExecuteDataTable(String connectionString, CommandType cmdType, String cmdText, OracleParameter[] commandParameters) 位置 C:\Users\cqe092156\documents\visual studio 2010\Projects\WeiXinCqe\WeiXinCqe\class\OracleOperateHelp.cs:行号 106
   在 WeiXinCqe.OracleOperateHelp.getDataTable(String sql) 位置 C:\Users\cqe092156\documents\visual studio 2010\Projects\WeiXinCqe\WeiXinCqe\class\OracleOperateHelp.cs:行号 53

[2016-07-27 13:47:48]    获取数据库DataTable失败SQL语句为:SELECT YYYYMM,STAFFID,STAFFNAME,DATE_IN,DATE_OUT,HF,RANK,TECH_TYPE,TECH_POST,TOPDEPTNAME,DEPTNAME FROM STAFF_SALARY_XL WHERE YYYYMMDD='2016-06' AND STAFFID ='092156'UNION ALL  SELECT YYYYMM,STAFFID,STAFFNAME,DATE_IN,DATE_OUT,HF,RANK,TECH_TYPE,TECH_POST,TOPDEPTNAME,DEPTNAME FROM STAFF_SALARY_XL WHERE YYYYMMDD='2016-06' AND STAFFID ='961879'  AND  YYYYMM NOT IN (SELECT YYYYMM FROM STAFF_SALARY_XL WHERE YYYYMMDD='2016-06' AND STAFFID ='092156') 错误原因:System.Data.OracleClient.OracleException (0x80131938): ORA-00904: "YYYYMMDD": 标识符无效

   在 System.Data.OracleClient.OracleConnection.CheckError(OciErrorHandle errorHandle, Int32 rc)
   在 System.Data.OracleClient.OracleCommand.Execute(OciStatementHandle statementHandle, CommandBehavior behavior, Boolean needRowid, OciRowidDescriptor& rowidDescriptor, ArrayList& resultParameterOrdinals)
   在 System.Data.OracleClient.OracleCommand.Execute(OciStatementHandle statementHandle, CommandBehavior behavior, ArrayList& resultParameterOrdinals)
   在 System.Data.OracleClient.OracleCommand.ExecuteReader(CommandBehavior behavior)
   在 System.Data.OracleClient.OracleCommand.ExecuteDbDataReader(CommandBehavior behavior)
   在 System.Data.Common.DbCommand.System.Data.IDbCommand.ExecuteReader(CommandBehavior behavior)
   在 System.Data.Common.DbDataAdapter.FillInternal(DataSet dataset, DataTable[] datatables, Int32 startRecord, Int32 maxRecords, String srcTable, IDbCommand command, CommandBehavior behavior)
   在 System.Data.Common.DbDataAdapter.Fill(DataTable[] dataTables, Int32 startRecord, Int32 maxRecords, IDbCommand command, CommandBehavior behavior)
   在 System.Data.Common.DbDataAdapter.Fill(DataTable dataTable)
   在 WeiXinCqe.OracleOperateHelp.ExecuteDataTable(String connectionString, CommandType cmdType, String cmdText, OracleParameter[] commandParameters) 位置 C:\Users\cqe092156\documents\visual studio 2010\Projects\WeiXinCqe\WeiXinCqe\class\OracleOperateHelp.cs:行号 106
   在 WeiXinCqe.OracleOperateHelp.getDataTable(String sql) 位置 C:\Users\cqe092156\documents\visual studio 2010\Projects\WeiXinCqe\WeiXinCqe\class\OracleOperateHelp.cs:行号 53

[2016-07-27 13:47:49]    获取数据库DataTable失败SQL语句为:SELECT YYYYMM,STAFFID,STAFFNAME,DATE_IN,DATE_OUT,HF,RANK,TECH_TYPE,TECH_POST,TOPDEPTNAME,DEPTNAME FROM STAFF_SALARY_XL WHERE YYYYMMDD='2016-06' AND STAFFID ='092156'UNION ALL  SELECT YYYYMM,STAFFID,STAFFNAME,DATE_IN,DATE_OUT,HF,RANK,TECH_TYPE,TECH_POST,TOPDEPTNAME,DEPTNAME FROM STAFF_SALARY_XL WHERE YYYYMMDD='2016-06' AND STAFFID ='961879'  AND  YYYYMM NOT IN (SELECT YYYYMM FROM STAFF_SALARY_XL WHERE YYYYMMDD='2016-06' AND STAFFID ='092156') 错误原因:System.Data.OracleClient.OracleException (0x80131938): ORA-00904: "YYYYMMDD": 标识符无效

   在 System.Data.OracleClient.OracleConnection.CheckError(OciErrorHandle errorHandle, Int32 rc)
   在 System.Data.OracleClient.OracleCommand.Execute(OciStatementHandle statementHandle, CommandBehavior behavior, Boolean needRowid, OciRowidDescriptor& rowidDescriptor, ArrayList& resultParameterOrdinals)
   在 System.Data.OracleClient.OracleCommand.Execute(OciStatementHandle statementHandle, CommandBehavior behavior, ArrayList& resultParameterOrdinals)
   在 System.Data.OracleClient.OracleCommand.ExecuteReader(CommandBehavior behavior)
   在 System.Data.OracleClient.OracleCommand.ExecuteDbDataReader(CommandBehavior behavior)
   在 System.Data.Common.DbCommand.System.Data.IDbCommand.ExecuteReader(CommandBehavior behavior)
   在 System.Data.Common.DbDataAdapter.FillInternal(DataSet dataset, DataTable[] datatables, Int32 startRecord, Int32 maxRecords, String srcTable, IDbCommand command, CommandBehavior behavior)
   在 System.Data.Common.DbDataAdapter.Fill(DataTable[] dataTables, Int32 startRecord, Int32 maxRecords, IDbCommand command, CommandBehavior behavior)
   在 System.Data.Common.DbDataAdapter.Fill(DataTable dataTable)
   在 WeiXinCqe.OracleOperateHelp.ExecuteDataTable(String connectionString, CommandType cmdType, String cmdText, OracleParameter[] commandParameters) 位置 C:\Users\cqe092156\documents\visual studio 2010\Projects\WeiXinCqe\WeiXinCqe\class\OracleOperateHelp.cs:行号 106
   在 WeiXinCqe.OracleOperateHelp.getDataTable(String sql) 位置 C:\Users\cqe092156\documents\visual studio 2010\Projects\WeiXinCqe\WeiXinCqe\class\OracleOperateHelp.cs:行号 53

[2016-07-27 13:47:54]    获取数据库DataTable失败SQL语句为:SELECT YYYYMM,STAFFID,STAFFNAME,DATE_IN,DATE_OUT,HF,RANK,TECH_TYPE,TECH_POST,TOPDEPTNAME,DEPTNAME FROM STAFF_SALARY_XL WHERE YYYYMMDD='2016-06' AND STAFFID ='092156'UNION ALL  SELECT YYYYMM,STAFFID,STAFFNAME,DATE_IN,DATE_OUT,HF,RANK,TECH_TYPE,TECH_POST,TOPDEPTNAME,DEPTNAME FROM STAFF_SALARY_XL WHERE YYYYMMDD='2016-06' AND STAFFID ='961879'  AND  YYYYMM NOT IN (SELECT YYYYMM FROM STAFF_SALARY_XL WHERE YYYYMMDD='2016-06' AND STAFFID ='092156') 错误原因:System.Data.OracleClient.OracleException (0x80131938): ORA-00904: "YYYYMMDD": 标识符无效

   在 System.Data.OracleClient.OracleConnection.CheckError(OciErrorHandle errorHandle, Int32 rc)
   在 System.Data.OracleClient.OracleCommand.Execute(OciStatementHandle statementHandle, CommandBehavior behavior, Boolean needRowid, OciRowidDescriptor& rowidDescriptor, ArrayList& resultParameterOrdinals)
   在 System.Data.OracleClient.OracleCommand.Execute(OciStatementHandle statementHandle, CommandBehavior behavior, ArrayList& resultParameterOrdinals)
   在 System.Data.OracleClient.OracleCommand.ExecuteReader(CommandBehavior behavior)
   在 System.Data.OracleClient.OracleCommand.ExecuteDbDataReader(CommandBehavior behavior)
   在 System.Data.Common.DbCommand.System.Data.IDbCommand.ExecuteReader(CommandBehavior behavior)
   在 System.Data.Common.DbDataAdapter.FillInternal(DataSet dataset, DataTable[] datatables, Int32 startRecord, Int32 maxRecords, String srcTable, IDbCommand command, CommandBehavior behavior)
   在 System.Data.Common.DbDataAdapter.Fill(DataTable[] dataTables, Int32 startRecord, Int32 maxRecords, IDbCommand command, CommandBehavior behavior)
   在 System.Data.Common.DbDataAdapter.Fill(DataTable dataTable)
   在 WeiXinCqe.OracleOperateHelp.ExecuteDataTable(String connectionString, CommandType cmdType, String cmdText, OracleParameter[] commandParameters) 位置 C:\Users\cqe092156\documents\visual studio 2010\Projects\WeiXinCqe\WeiXinCqe\class\OracleOperateHelp.cs:行号 106
   在 WeiXinCqe.OracleOperateHelp.getDataTable(String sql) 位置 C:\Users\cqe092156\documents\visual studio 2010\Projects\WeiXinCqe\WeiXinCqe\class\OracleOperateHelp.cs:行号 53

[2016-07-27 13:47:54]    获取数据库DataTable失败SQL语句为:SELECT YYYYMM,STAFFID,STAFFNAME,DATE_IN,DATE_OUT,HF,RANK,TECH_TYPE,TECH_POST,TOPDEPTNAME,DEPTNAME FROM STAFF_SALARY_XL WHERE YYYYMMDD='2016-06' AND STAFFID ='092156'UNION ALL  SELECT YYYYMM,STAFFID,STAFFNAME,DATE_IN,DATE_OUT,HF,RANK,TECH_TYPE,TECH_POST,TOPDEPTNAME,DEPTNAME FROM STAFF_SALARY_XL WHERE YYYYMMDD='2016-06' AND STAFFID ='961879'  AND  YYYYMM NOT IN (SELECT YYYYMM FROM STAFF_SALARY_XL WHERE YYYYMMDD='2016-06' AND STAFFID ='092156') 错误原因:System.Data.OracleClient.OracleException (0x80131938): ORA-00904: "YYYYMMDD": 标识符无效

   在 System.Data.OracleClient.OracleConnection.CheckError(OciErrorHandle errorHandle, Int32 rc)
   在 System.Data.OracleClient.OracleCommand.Execute(OciStatementHandle statementHandle, CommandBehavior behavior, Boolean needRowid, OciRowidDescriptor& rowidDescriptor, ArrayList& resultParameterOrdinals)
   在 System.Data.OracleClient.OracleCommand.Execute(OciStatementHandle statementHandle, CommandBehavior behavior, ArrayList& resultParameterOrdinals)
   在 System.Data.OracleClient.OracleCommand.ExecuteReader(CommandBehavior behavior)
   在 System.Data.OracleClient.OracleCommand.ExecuteDbDataReader(CommandBehavior behavior)
   在 System.Data.Common.DbCommand.System.Data.IDbCommand.ExecuteReader(CommandBehavior behavior)
   在 System.Data.Common.DbDataAdapter.FillInternal(DataSet dataset, DataTable[] datatables, Int32 startRecord, Int32 maxRecords, String srcTable, IDbCommand command, CommandBehavior behavior)
   在 System.Data.Common.DbDataAdapter.Fill(DataTable[] dataTables, Int32 startRecord, Int32 maxRecords, IDbCommand command, CommandBehavior behavior)
   在 System.Data.Common.DbDataAdapter.Fill(DataTable dataTable)
   在 WeiXinCqe.OracleOperateHelp.ExecuteDataTable(String connectionString, CommandType cmdType, String cmdText, OracleParameter[] commandParameters) 位置 C:\Users\cqe092156\documents\visual studio 2010\Projects\WeiXinCqe\WeiXinCqe\class\OracleOperateHelp.cs:行号 106
   在 WeiXinCqe.OracleOperateHelp.getDataTable(String sql) 位置 C:\Users\cqe092156\documents\visual studio 2010\Projects\WeiXinCqe\WeiXinCqe\class\OracleOperateHelp.cs:行号 53

[2016-07-27 13:47:54]    获取数据库DataTable失败SQL语句为:SELECT YYYYMM,STAFFID,STAFFNAME,DATE_IN,DATE_OUT,HF,RANK,TECH_TYPE,TECH_POST,TOPDEPTNAME,DEPTNAME FROM STAFF_SALARY_XL WHERE YYYYMMDD='2016-06' AND STAFFID ='092156'UNION ALL  SELECT YYYYMM,STAFFID,STAFFNAME,DATE_IN,DATE_OUT,HF,RANK,TECH_TYPE,TECH_POST,TOPDEPTNAME,DEPTNAME FROM STAFF_SALARY_XL WHERE YYYYMMDD='2016-06' AND STAFFID ='961879'  AND  YYYYMM NOT IN (SELECT YYYYMM FROM STAFF_SALARY_XL WHERE YYYYMMDD='2016-06' AND STAFFID ='092156') 错误原因:System.Data.OracleClient.OracleException (0x80131938): ORA-00904: "YYYYMMDD": 标识符无效

   在 System.Data.OracleClient.OracleConnection.CheckError(OciErrorHandle errorHandle, Int32 rc)
   在 System.Data.OracleClient.OracleCommand.Execute(OciStatementHandle statementHandle, CommandBehavior behavior, Boolean needRowid, OciRowidDescriptor& rowidDescriptor, ArrayList& resultParameterOrdinals)
   在 System.Data.OracleClient.OracleCommand.Execute(OciStatementHandle statementHandle, CommandBehavior behavior, ArrayList& resultParameterOrdinals)
   在 System.Data.OracleClient.OracleCommand.ExecuteReader(CommandBehavior behavior)
   在 System.Data.OracleClient.OracleCommand.ExecuteDbDataReader(CommandBehavior behavior)
   在 System.Data.Common.DbCommand.System.Data.IDbCommand.ExecuteReader(CommandBehavior behavior)
   在 System.Data.Common.DbDataAdapter.FillInternal(DataSet dataset, DataTable[] datatables, Int32 startRecord, Int32 maxRecords, String srcTable, IDbCommand command, CommandBehavior behavior)
   在 System.Data.Common.DbDataAdapter.Fill(DataTable[] dataTables, Int32 startRecord, Int32 maxRecords, IDbCommand command, CommandBehavior behavior)
   在 System.Data.Common.DbDataAdapter.Fill(DataTable dataTable)
   在 WeiXinCqe.OracleOperateHelp.ExecuteDataTable(String connectionString, CommandType cmdType, String cmdText, OracleParameter[] commandParameters) 位置 C:\Users\cqe092156\documents\visual studio 2010\Projects\WeiXinCqe\WeiXinCqe\class\OracleOperateHelp.cs:行号 106
   在 WeiXinCqe.OracleOperateHelp.getDataTable(String sql) 位置 C:\Users\cqe092156\documents\visual studio 2010\Projects\WeiXinCqe\WeiXinCqe\class\OracleOperateHelp.cs:行号 53

[2016-07-27 13:47:55]    获取数据库DataTable失败SQL语句为:SELECT YYYYMM,STAFFID,STAFFNAME,DATE_IN,DATE_OUT,HF,RANK,TECH_TYPE,TECH_POST,TOPDEPTNAME,DEPTNAME FROM STAFF_SALARY_XL WHERE YYYYMMDD='2016-06' AND STAFFID ='092156'UNION ALL  SELECT YYYYMM,STAFFID,STAFFNAME,DATE_IN,DATE_OUT,HF,RANK,TECH_TYPE,TECH_POST,TOPDEPTNAME,DEPTNAME FROM STAFF_SALARY_XL WHERE YYYYMMDD='2016-06' AND STAFFID ='961879'  AND  YYYYMM NOT IN (SELECT YYYYMM FROM STAFF_SALARY_XL WHERE YYYYMMDD='2016-06' AND STAFFID ='092156') 错误原因:System.Data.OracleClient.OracleException (0x80131938): ORA-00904: "YYYYMMDD": 标识符无效

   在 System.Data.OracleClient.OracleConnection.CheckError(OciErrorHandle errorHandle, Int32 rc)
   在 System.Data.OracleClient.OracleCommand.Execute(OciStatementHandle statementHandle, CommandBehavior behavior, Boolean needRowid, OciRowidDescriptor& rowidDescriptor, ArrayList& resultParameterOrdinals)
   在 System.Data.OracleClient.OracleCommand.Execute(OciStatementHandle statementHandle, CommandBehavior behavior, ArrayList& resultParameterOrdinals)
   在 System.Data.OracleClient.OracleCommand.ExecuteReader(CommandBehavior behavior)
   在 System.Data.OracleClient.OracleCommand.ExecuteDbDataReader(CommandBehavior behavior)
   在 System.Data.Common.DbCommand.System.Data.IDbCommand.ExecuteReader(CommandBehavior behavior)
   在 System.Data.Common.DbDataAdapter.FillInternal(DataSet dataset, DataTable[] datatables, Int32 startRecord, Int32 maxRecords, String srcTable, IDbCommand command, CommandBehavior behavior)
   在 System.Data.Common.DbDataAdapter.Fill(DataTable[] dataTables, Int32 startRecord, Int32 maxRecords, IDbCommand command, CommandBehavior behavior)
   在 System.Data.Common.DbDataAdapter.Fill(DataTable dataTable)
   在 WeiXinCqe.OracleOperateHelp.ExecuteDataTable(String connectionString, CommandType cmdType, String cmdText, OracleParameter[] commandParameters) 位置 C:\Users\cqe092156\documents\visual studio 2010\Projects\WeiXinCqe\WeiXinCqe\class\OracleOperateHelp.cs:行号 106
   在 WeiXinCqe.OracleOperateHelp.getDataTable(String sql) 位置 C:\Users\cqe092156\documents\visual studio 2010\Projects\WeiXinCqe\WeiXinCqe\class\OracleOperateHelp.cs:行号 53

[2016-07-27 13:47:55]    获取数据库DataTable失败SQL语句为:SELECT YYYYMM,STAFFID,STAFFNAME,DATE_IN,DATE_OUT,HF,RANK,TECH_TYPE,TECH_POST,TOPDEPTNAME,DEPTNAME FROM STAFF_SALARY_XL WHERE YYYYMMDD='2016-06' AND STAFFID ='092156'UNION ALL  SELECT YYYYMM,STAFFID,STAFFNAME,DATE_IN,DATE_OUT,HF,RANK,TECH_TYPE,TECH_POST,TOPDEPTNAME,DEPTNAME FROM STAFF_SALARY_XL WHERE YYYYMMDD='2016-06' AND STAFFID ='961879'  AND  YYYYMM NOT IN (SELECT YYYYMM FROM STAFF_SALARY_XL WHERE YYYYMMDD='2016-06' AND STAFFID ='092156') 错误原因:System.Data.OracleClient.OracleException (0x80131938): ORA-00904: "YYYYMMDD": 标识符无效

   在 System.Data.OracleClient.OracleConnection.CheckError(OciErrorHandle errorHandle, Int32 rc)
   在 System.Data.OracleClient.OracleCommand.Execute(OciStatementHandle statementHandle, CommandBehavior behavior, Boolean needRowid, OciRowidDescriptor& rowidDescriptor, ArrayList& resultParameterOrdinals)
   在 System.Data.OracleClient.OracleCommand.Execute(OciStatementHandle statementHandle, CommandBehavior behavior, ArrayList& resultParameterOrdinals)
   在 System.Data.OracleClient.OracleCommand.ExecuteReader(CommandBehavior behavior)
   在 System.Data.OracleClient.OracleCommand.ExecuteDbDataReader(CommandBehavior behavior)
   在 System.Data.Common.DbCommand.System.Data.IDbCommand.ExecuteReader(CommandBehavior behavior)
   在 System.Data.Common.DbDataAdapter.FillInternal(DataSet dataset, DataTable[] datatables, Int32 startRecord, Int32 maxRecords, String srcTable, IDbCommand command, CommandBehavior behavior)
   在 System.Data.Common.DbDataAdapter.Fill(DataTable[] dataTables, Int32 startRecord, Int32 maxRecords, IDbCommand command, CommandBehavior behavior)
   在 System.Data.Common.DbDataAdapter.Fill(DataTable dataTable)
   在 WeiXinCqe.OracleOperateHelp.ExecuteDataTable(String connectionString, CommandType cmdType, String cmdText, OracleParameter[] commandParameters) 位置 C:\Users\cqe092156\documents\visual studio 2010\Projects\WeiXinCqe\WeiXinCqe\class\OracleOperateHelp.cs:行号 106
   在 WeiXinCqe.OracleOperateHelp.getDataTable(String sql) 位置 C:\Users\cqe092156\documents\visual studio 2010\Projects\WeiXinCqe\WeiXinCqe\class\OracleOperateHelp.cs:行号 53

[2016-07-27 13:47:55]    获取数据库DataTable失败SQL语句为:SELECT YYYYMM,STAFFID,STAFFNAME,DATE_IN,DATE_OUT,HF,RANK,TECH_TYPE,TECH_POST,TOPDEPTNAME,DEPTNAME FROM STAFF_SALARY_XL WHERE YYYYMMDD='2016-06' AND STAFFID ='092156'UNION ALL  SELECT YYYYMM,STAFFID,STAFFNAME,DATE_IN,DATE_OUT,HF,RANK,TECH_TYPE,TECH_POST,TOPDEPTNAME,DEPTNAME FROM STAFF_SALARY_XL WHERE YYYYMMDD='2016-06' AND STAFFID ='961879'  AND  YYYYMM NOT IN (SELECT YYYYMM FROM STAFF_SALARY_XL WHERE YYYYMMDD='2016-06' AND STAFFID ='092156') 错误原因:System.Data.OracleClient.OracleException (0x80131938): ORA-00904: "YYYYMMDD": 标识符无效

   在 System.Data.OracleClient.OracleConnection.CheckError(OciErrorHandle errorHandle, Int32 rc)
   在 System.Data.OracleClient.OracleCommand.Execute(OciStatementHandle statementHandle, CommandBehavior behavior, Boolean needRowid, OciRowidDescriptor& rowidDescriptor, ArrayList& resultParameterOrdinals)
   在 System.Data.OracleClient.OracleCommand.Execute(OciStatementHandle statementHandle, CommandBehavior behavior, ArrayList& resultParameterOrdinals)
   在 System.Data.OracleClient.OracleCommand.ExecuteReader(CommandBehavior behavior)
   在 System.Data.OracleClient.OracleCommand.ExecuteDbDataReader(CommandBehavior behavior)
   在 System.Data.Common.DbCommand.System.Data.IDbCommand.ExecuteReader(CommandBehavior behavior)
   在 System.Data.Common.DbDataAdapter.FillInternal(DataSet dataset, DataTable[] datatables, Int32 startRecord, Int32 maxRecords, String srcTable, IDbCommand command, CommandBehavior behavior)
   在 System.Data.Common.DbDataAdapter.Fill(DataTable[] dataTables, Int32 startRecord, Int32 maxRecords, IDbCommand command, CommandBehavior behavior)
   在 System.Data.Common.DbDataAdapter.Fill(DataTable dataTable)
   在 WeiXinCqe.OracleOperateHelp.ExecuteDataTable(String connectionString, CommandType cmdType, String cmdText, OracleParameter[] commandParameters) 位置 C:\Users\cqe092156\documents\visual studio 2010\Projects\WeiXinCqe\WeiXinCqe\class\OracleOperateHelp.cs:行号 106
   在 WeiXinCqe.OracleOperateHelp.getDataTable(String sql) 位置 C:\Users\cqe092156\documents\visual studio 2010\Projects\WeiXinCqe\WeiXinCqe\class\OracleOperateHelp.cs:行号 53

[2016-07-27 13:47:55]    获取数据库DataTable失败SQL语句为:SELECT YYYYMM,STAFFID,STAFFNAME,DATE_IN,DATE_OUT,HF,RANK,TECH_TYPE,TECH_POST,TOPDEPTNAME,DEPTNAME FROM STAFF_SALARY_XL WHERE YYYYMMDD='2016-06' AND STAFFID ='092156'UNION ALL  SELECT YYYYMM,STAFFID,STAFFNAME,DATE_IN,DATE_OUT,HF,RANK,TECH_TYPE,TECH_POST,TOPDEPTNAME,DEPTNAME FROM STAFF_SALARY_XL WHERE YYYYMMDD='2016-06' AND STAFFID ='961879'  AND  YYYYMM NOT IN (SELECT YYYYMM FROM STAFF_SALARY_XL WHERE YYYYMMDD='2016-06' AND STAFFID ='092156') 错误原因:System.Data.OracleClient.OracleException (0x80131938): ORA-00904: "YYYYMMDD": 标识符无效

   在 System.Data.OracleClient.OracleConnection.CheckError(OciErrorHandle errorHandle, Int32 rc)
   在 System.Data.OracleClient.OracleCommand.Execute(OciStatementHandle statementHandle, CommandBehavior behavior, Boolean needRowid, OciRowidDescriptor& rowidDescriptor, ArrayList& resultParameterOrdinals)
   在 System.Data.OracleClient.OracleCommand.Execute(OciStatementHandle statementHandle, CommandBehavior behavior, ArrayList& resultParameterOrdinals)
   在 System.Data.OracleClient.OracleCommand.ExecuteReader(CommandBehavior behavior)
   在 System.Data.OracleClient.OracleCommand.ExecuteDbDataReader(CommandBehavior behavior)
   在 System.Data.Common.DbCommand.System.Data.IDbCommand.ExecuteReader(CommandBehavior behavior)
   在 System.Data.Common.DbDataAdapter.FillInternal(DataSet dataset, DataTable[] datatables, Int32 startRecord, Int32 maxRecords, String srcTable, IDbCommand command, CommandBehavior behavior)
   在 System.Data.Common.DbDataAdapter.Fill(DataTable[] dataTables, Int32 startRecord, Int32 maxRecords, IDbCommand command, CommandBehavior behavior)
   在 System.Data.Common.DbDataAdapter.Fill(DataTable dataTable)
   在 WeiXinCqe.OracleOperateHelp.ExecuteDataTable(String connectionString, CommandType cmdType, String cmdText, OracleParameter[] commandParameters) 位置 C:\Users\cqe092156\documents\visual studio 2010\Projects\WeiXinCqe\WeiXinCqe\class\OracleOperateHelp.cs:行号 106
   在 WeiXinCqe.OracleOperateHelp.getDataTable(String sql) 位置 C:\Users\cqe092156\documents\visual studio 2010\Projects\WeiXinCqe\WeiXinCqe\class\OracleOperateHelp.cs:行号 53

[2016-07-27 13:47:55]    获取数据库DataTable失败SQL语句为:SELECT YYYYMM,STAFFID,STAFFNAME,DATE_IN,DATE_OUT,HF,RANK,TECH_TYPE,TECH_POST,TOPDEPTNAME,DEPTNAME FROM STAFF_SALARY_XL WHERE YYYYMMDD='2016-06' AND STAFFID ='092156'UNION ALL  SELECT YYYYMM,STAFFID,STAFFNAME,DATE_IN,DATE_OUT,HF,RANK,TECH_TYPE,TECH_POST,TOPDEPTNAME,DEPTNAME FROM STAFF_SALARY_XL WHERE YYYYMMDD='2016-06' AND STAFFID ='961879'  AND  YYYYMM NOT IN (SELECT YYYYMM FROM STAFF_SALARY_XL WHERE YYYYMMDD='2016-06' AND STAFFID ='092156') 错误原因:System.Data.OracleClient.OracleException (0x80131938): ORA-00904: "YYYYMMDD": 标识符无效

   在 System.Data.OracleClient.OracleConnection.CheckError(OciErrorHandle errorHandle, Int32 rc)
   在 System.Data.OracleClient.OracleCommand.Execute(OciStatementHandle statementHandle, CommandBehavior behavior, Boolean needRowid, OciRowidDescriptor& rowidDescriptor, ArrayList& resultParameterOrdinals)
   在 System.Data.OracleClient.OracleCommand.Execute(OciStatementHandle statementHandle, CommandBehavior behavior, ArrayList& resultParameterOrdinals)
   在 System.Data.OracleClient.OracleCommand.ExecuteReader(CommandBehavior behavior)
   在 System.Data.OracleClient.OracleCommand.ExecuteDbDataReader(CommandBehavior behavior)
   在 System.Data.Common.DbCommand.System.Data.IDbCommand.ExecuteReader(CommandBehavior behavior)
   在 System.Data.Common.DbDataAdapter.FillInternal(DataSet dataset, DataTable[] datatables, Int32 startRecord, Int32 maxRecords, String srcTable, IDbCommand command, CommandBehavior behavior)
   在 System.Data.Common.DbDataAdapter.Fill(DataTable[] dataTables, Int32 startRecord, Int32 maxRecords, IDbCommand command, CommandBehavior behavior)
   在 System.Data.Common.DbDataAdapter.Fill(DataTable dataTable)
   在 WeiXinCqe.OracleOperateHelp.ExecuteDataTable(String connectionString, CommandType cmdType, String cmdText, OracleParameter[] commandParameters) 位置 C:\Users\cqe092156\documents\visual studio 2010\Projects\WeiXinCqe\WeiXinCqe\class\OracleOperateHelp.cs:行号 106
   在 WeiXinCqe.OracleOperateHelp.getDataTable(String sql) 位置 C:\Users\cqe092156\documents\visual studio 2010\Projects\WeiXinCqe\WeiXinCqe\class\OracleOperateHelp.cs:行号 53

[2016-07-27 13:48:47]    获取数据库DataTable失败SQL语句为:SELECT YYYYMM,STAFFID,STAFFNAME,DATE_IN,DATE_OUT,HF,RANK,TECH_TYPE,TECH_POST,TOPDEPTNAME,DEPTNAME FROM STAFF_SALARY_XL WHERE YYYYMMDD='2016-06' AND STAFFID ='092156'UNION ALL  SELECT YYYYMM,STAFFID,STAFFNAME,DATE_IN,DATE_OUT,HF,RANK,TECH_TYPE,TECH_POST,TOPDEPTNAME,DEPTNAME FROM STAFF_SALARY_XL WHERE YYYYMMDD='2016-06' AND STAFFID ='961879'  AND  YYYYMM NOT IN (SELECT YYYYMM FROM STAFF_SALARY_XL WHERE YYYYMMDD='2016-06' AND STAFFID ='092156') 错误原因:System.Data.OracleClient.OracleException (0x80131938): ORA-00904: "YYYYMMDD": 标识符无效

   在 System.Data.OracleClient.OracleConnection.CheckError(OciErrorHandle errorHandle, Int32 rc)
   在 System.Data.OracleClient.OracleCommand.Execute(OciStatementHandle statementHandle, CommandBehavior behavior, Boolean needRowid, OciRowidDescriptor& rowidDescriptor, ArrayList& resultParameterOrdinals)
   在 System.Data.OracleClient.OracleCommand.Execute(OciStatementHandle statementHandle, CommandBehavior behavior, ArrayList& resultParameterOrdinals)
   在 System.Data.OracleClient.OracleCommand.ExecuteReader(CommandBehavior behavior)
   在 System.Data.OracleClient.OracleCommand.ExecuteDbDataReader(CommandBehavior behavior)
   在 System.Data.Common.DbCommand.System.Data.IDbCommand.ExecuteReader(CommandBehavior behavior)
   在 System.Data.Common.DbDataAdapter.FillInternal(DataSet dataset, DataTable[] datatables, Int32 startRecord, Int32 maxRecords, String srcTable, IDbCommand command, CommandBehavior behavior)
   在 System.Data.Common.DbDataAdapter.Fill(DataTable[] dataTables, Int32 startRecord, Int32 maxRecords, IDbCommand command, CommandBehavior behavior)
   在 System.Data.Common.DbDataAdapter.Fill(DataTable dataTable)
   在 WeiXinCqe.OracleOperateHelp.ExecuteDataTable(String connectionString, CommandType cmdType, String cmdText, OracleParameter[] commandParameters) 位置 C:\Users\cqe092156\documents\visual studio 2010\Projects\WeiXinCqe\WeiXinCqe\class\OracleOperateHelp.cs:行号 106
   在 WeiXinCqe.OracleOperateHelp.getDataTable(String sql) 位置 C:\Users\cqe092156\documents\visual studio 2010\Projects\WeiXinCqe\WeiXinCqe\class\OracleOperateHelp.cs:行号 53

[2016-07-27 13:49:52]    获取数据库DataTable失败SQL语句为:SELECT YYYYMM,STAFFID,STAFFNAME,DATE_IN,DATE_OUT,HF,RANK,TECH_TYPE,TECH_POST,TOPDEPTNAME,DEPTNAME FROM STAFF_SALARY_XL WHERE YYYYMMDD='2016-06' AND STAFFID ='092156'UNION ALL  SELECT YYYYMM,STAFFID,STAFFNAME,DATE_IN,DATE_OUT,HF,RANK,TECH_TYPE,TECH_POST,TOPDEPTNAME,DEPTNAME FROM STAFF_SALARY_XL WHERE YYYYMMDD='2016-06' AND STAFFID ='961879'  AND  YYYYMM NOT IN (SELECT YYYYMM FROM STAFF_SALARY_XL WHERE YYYYMMDD='2016-06' AND STAFFID ='092156') 错误原因:System.Data.OracleClient.OracleException (0x80131938): ORA-00904: "YYYYMMDD": 标识符无效

   在 System.Data.OracleClient.OracleConnection.CheckError(OciErrorHandle errorHandle, Int32 rc)
   在 System.Data.OracleClient.OracleCommand.Execute(OciStatementHandle statementHandle, CommandBehavior behavior, Boolean needRowid, OciRowidDescriptor& rowidDescriptor, ArrayList& resultParameterOrdinals)
   在 System.Data.OracleClient.OracleCommand.Execute(OciStatementHandle statementHandle, CommandBehavior behavior, ArrayList& resultParameterOrdinals)
   在 System.Data.OracleClient.OracleCommand.ExecuteReader(CommandBehavior behavior)
   在 System.Data.OracleClient.OracleCommand.ExecuteDbDataReader(CommandBehavior behavior)
   在 System.Data.Common.DbCommand.System.Data.IDbCommand.ExecuteReader(CommandBehavior behavior)
   在 System.Data.Common.DbDataAdapter.FillInternal(DataSet dataset, DataTable[] datatables, Int32 startRecord, Int32 maxRecords, String srcTable, IDbCommand command, CommandBehavior behavior)
   在 System.Data.Common.DbDataAdapter.Fill(DataTable[] dataTables, Int32 startRecord, Int32 maxRecords, IDbCommand command, CommandBehavior behavior)
   在 System.Data.Common.DbDataAdapter.Fill(DataTable dataTable)
   在 WeiXinCqe.OracleOperateHelp.ExecuteDataTable(String connectionString, CommandType cmdType, String cmdText, OracleParameter[] commandParameters) 位置 C:\Users\cqe092156\documents\visual studio 2010\Projects\WeiXinCqe\WeiXinCqe\class\OracleOperateHelp.cs:行号 106
   在 WeiXinCqe.OracleOperateHelp.getDataTable(String sql) 位置 C:\Users\cqe092156\documents\visual studio 2010\Projects\WeiXinCqe\WeiXinCqe\class\OracleOperateHelp.cs:行号 53

[2016-07-27 13:50:18]    获取数据库DataTable失败SQL语句为:SELECT YYYYMM,STAFFID,STAFFNAME,DATE_IN,DATE_OUT,HF,RANK,TECH_TYPE,TECH_POST,TOPDEPTNAME,DEPTNAME FROM STAFF_SALARY_XL WHERE YYYYMMDD='2016-06' AND STAFFID ='092156'    UNION ALL  SELECT YYYYMM,STAFFID,STAFFNAME,DATE_IN,DATE_OUT,HF,RANK,TECH_TYPE,TECH_POST,TOPDEPTNAME,DEPTNAME FROM STAFF_SALARY_XL WHERE YYYYMMDD='2016-06' AND STAFFID ='961879'  AND  YYYYMM NOT IN (SELECT YYYYMM FROM STAFF_SALARY_XL WHERE YYYYMMDD='2016-06' AND STAFFID ='092156') 错误原因:System.Data.OracleClient.OracleException (0x80131938): ORA-00904: "YYYYMMDD": 标识符无效

   在 System.Data.OracleClient.OracleConnection.CheckError(OciErrorHandle errorHandle, Int32 rc)
   在 System.Data.OracleClient.OracleCommand.Execute(OciStatementHandle statementHandle, CommandBehavior behavior, Boolean needRowid, OciRowidDescriptor& rowidDescriptor, ArrayList& resultParameterOrdinals)
   在 System.Data.OracleClient.OracleCommand.Execute(OciStatementHandle statementHandle, CommandBehavior behavior, ArrayList& resultParameterOrdinals)
   在 System.Data.OracleClient.OracleCommand.ExecuteReader(CommandBehavior behavior)
   在 System.Data.OracleClient.OracleCommand.ExecuteDbDataReader(CommandBehavior behavior)
   在 System.Data.Common.DbCommand.System.Data.IDbCommand.ExecuteReader(CommandBehavior behavior)
   在 System.Data.Common.DbDataAdapter.FillInternal(DataSet dataset, DataTable[] datatables, Int32 startRecord, Int32 maxRecords, String srcTable, IDbCommand command, CommandBehavior behavior)
   在 System.Data.Common.DbDataAdapter.Fill(DataTable[] dataTables, Int32 startRecord, Int32 maxRecords, IDbCommand command, CommandBehavior behavior)
   在 System.Data.Common.DbDataAdapter.Fill(DataTable dataTable)
   在 WeiXinCqe.OracleOperateHelp.ExecuteDataTable(String connectionString, CommandType cmdType, String cmdText, OracleParameter[] commandParameters) 位置 C:\Users\cqe092156\documents\visual studio 2010\Projects\WeiXinCqe\WeiXinCqe\class\OracleOperateHelp.cs:行号 106
   在 WeiXinCqe.OracleOperateHelp.getDataTable(String sql) 位置 C:\Users\cqe092156\documents\visual studio 2010\Projects\WeiXinCqe\WeiXinCqe\class\OracleOperateHelp.cs:行号 53

[2016-07-27 13:50:25]    获取数据库DataTable失败SQL语句为:SELECT YYYYMM,STAFFID,STAFFNAME,DATE_IN,DATE_OUT,HF,RANK,TECH_TYPE,TECH_POST,TOPDEPTNAME,DEPTNAME FROM STAFF_SALARY_XL WHERE YYYYMMDD='2016-06' AND STAFFID ='092156'    UNION ALL  SELECT YYYYMM,STAFFID,STAFFNAME,DATE_IN,DATE_OUT,HF,RANK,TECH_TYPE,TECH_POST,TOPDEPTNAME,DEPTNAME FROM STAFF_SALARY_XL WHERE YYYYMMDD='2016-06' AND STAFFID ='961879'  AND  YYYYMM NOT IN (SELECT YYYYMM FROM STAFF_SALARY_XL WHERE YYYYMMDD='2016-06' AND STAFFID ='092156') 错误原因:System.Data.OracleClient.OracleException (0x80131938): ORA-00904: "YYYYMMDD": 标识符无效

   在 System.Data.OracleClient.OracleConnection.CheckError(OciErrorHandle errorHandle, Int32 rc)
   在 System.Data.OracleClient.OracleCommand.Execute(OciStatementHandle statementHandle, CommandBehavior behavior, Boolean needRowid, OciRowidDescriptor& rowidDescriptor, ArrayList& resultParameterOrdinals)
   在 System.Data.OracleClient.OracleCommand.Execute(OciStatementHandle statementHandle, CommandBehavior behavior, ArrayList& resultParameterOrdinals)
   在 System.Data.OracleClient.OracleCommand.ExecuteReader(CommandBehavior behavior)
   在 System.Data.OracleClient.OracleCommand.ExecuteDbDataReader(CommandBehavior behavior)
   在 System.Data.Common.DbCommand.System.Data.IDbCommand.ExecuteReader(CommandBehavior behavior)
   在 System.Data.Common.DbDataAdapter.FillInternal(DataSet dataset, DataTable[] datatables, Int32 startRecord, Int32 maxRecords, String srcTable, IDbCommand command, CommandBehavior behavior)
   在 System.Data.Common.DbDataAdapter.Fill(DataTable[] dataTables, Int32 startRecord, Int32 maxRecords, IDbCommand command, CommandBehavior behavior)
   在 System.Data.Common.DbDataAdapter.Fill(DataTable dataTable)
   在 WeiXinCqe.OracleOperateHelp.ExecuteDataTable(String connectionString, CommandType cmdType, String cmdText, OracleParameter[] commandParameters) 位置 C:\Users\cqe092156\documents\visual studio 2010\Projects\WeiXinCqe\WeiXinCqe\class\OracleOperateHelp.cs:行号 106
   在 WeiXinCqe.OracleOperateHelp.getDataTable(String sql) 位置 C:\Users\cqe092156\documents\visual studio 2010\Projects\WeiXinCqe\WeiXinCqe\class\OracleOperateHelp.cs:行号 53

[2016-07-27 13:50:57]    获取数据库DataTable失败SQL语句为:SELECT YYYYMM,STAFFID,STAFFNAME,DATE_IN,DATE_OUT,HF,RANK,TECH_TYPE,TECH_POST,TOPDEPTNAME,DEPTNAME FROM STAFF_SALARY_XL WHERE YYYYMMDD='2016-06' AND STAFFID ='092156'    UNION ALL  SELECT YYYYMM,STAFFID,STAFFNAME,DATE_IN,DATE_OUT,HF,RANK,TECH_TYPE,TECH_POST,TOPDEPTNAME,DEPTNAME FROM STAFF_SALARY_XL WHERE YYYYMMDD='2016-06' AND STAFFID ='961879'  AND  YYYYMM NOT IN (SELECT YYYYMM FROM STAFF_SALARY_XL WHERE YYYYMMDD='2016-06' AND STAFFID ='092156') 错误原因:System.Data.OracleClient.OracleException (0x80131938): ORA-00904: "YYYYMMDD": 标识符无效

   在 System.Data.OracleClient.OracleConnection.CheckError(OciErrorHandle errorHandle, Int32 rc)
   在 System.Data.OracleClient.OracleCommand.Execute(OciStatementHandle statementHandle, CommandBehavior behavior, Boolean needRowid, OciRowidDescriptor& rowidDescriptor, ArrayList& resultParameterOrdinals)
   在 System.Data.OracleClient.OracleCommand.Execute(OciStatementHandle statementHandle, CommandBehavior behavior, ArrayList& resultParameterOrdinals)
   在 System.Data.OracleClient.OracleCommand.ExecuteReader(CommandBehavior behavior)
   在 System.Data.OracleClient.OracleCommand.ExecuteDbDataReader(CommandBehavior behavior)
   在 System.Data.Common.DbCommand.System.Data.IDbCommand.ExecuteReader(CommandBehavior behavior)
   在 System.Data.Common.DbDataAdapter.FillInternal(DataSet dataset, DataTable[] datatables, Int32 startRecord, Int32 maxRecords, String srcTable, IDbCommand command, CommandBehavior behavior)
   在 System.Data.Common.DbDataAdapter.Fill(DataTable[] dataTables, Int32 startRecord, Int32 maxRecords, IDbCommand command, CommandBehavior behavior)
   在 System.Data.Common.DbDataAdapter.Fill(DataTable dataTable)
   在 WeiXinCqe.OracleOperateHelp.ExecuteDataTable(String connectionString, CommandType cmdType, String cmdText, OracleParameter[] commandParameters) 位置 C:\Users\cqe092156\documents\visual studio 2010\Projects\WeiXinCqe\WeiXinCqe\class\OracleOperateHelp.cs:行号 106
   在 WeiXinCqe.OracleOperateHelp.getDataTable(String sql) 位置 C:\Users\cqe092156\documents\visual studio 2010\Projects\WeiXinCqe\WeiXinCqe\class\OracleOperateHelp.cs:行号 53

[2016-07-27 13:50:57]    获取数据库DataTable失败SQL语句为:SELECT YYYYMM,STAFFID,STAFFNAME,DATE_IN,DATE_OUT,HF,RANK,TECH_TYPE,TECH_POST,TOPDEPTNAME,DEPTNAME FROM STAFF_SALARY_XL WHERE YYYYMMDD='2016-06' AND STAFFID ='092156'    UNION ALL  SELECT YYYYMM,STAFFID,STAFFNAME,DATE_IN,DATE_OUT,HF,RANK,TECH_TYPE,TECH_POST,TOPDEPTNAME,DEPTNAME FROM STAFF_SALARY_XL WHERE YYYYMMDD='2016-06' AND STAFFID ='961879'  AND  YYYYMM NOT IN (SELECT YYYYMM FROM STAFF_SALARY_XL WHERE YYYYMMDD='2016-06' AND STAFFID ='092156') 错误原因:System.Data.OracleClient.OracleException (0x80131938): ORA-00904: "YYYYMMDD": 标识符无效

   在 System.Data.OracleClient.OracleConnection.CheckError(OciErrorHandle errorHandle, Int32 rc)
   在 System.Data.OracleClient.OracleCommand.Execute(OciStatementHandle statementHandle, CommandBehavior behavior, Boolean needRowid, OciRowidDescriptor& rowidDescriptor, ArrayList& resultParameterOrdinals)
   在 System.Data.OracleClient.OracleCommand.Execute(OciStatementHandle statementHandle, CommandBehavior behavior, ArrayList& resultParameterOrdinals)
   在 System.Data.OracleClient.OracleCommand.ExecuteReader(CommandBehavior behavior)
   在 System.Data.OracleClient.OracleCommand.ExecuteDbDataReader(CommandBehavior behavior)
   在 System.Data.Common.DbCommand.System.Data.IDbCommand.ExecuteReader(CommandBehavior behavior)
   在 System.Data.Common.DbDataAdapter.FillInternal(DataSet dataset, DataTable[] datatables, Int32 startRecord, Int32 maxRecords, String srcTable, IDbCommand command, CommandBehavior behavior)
   在 System.Data.Common.DbDataAdapter.Fill(DataTable[] dataTables, Int32 startRecord, Int32 maxRecords, IDbCommand command, CommandBehavior behavior)
   在 System.Data.Common.DbDataAdapter.Fill(DataTable dataTable)
   在 WeiXinCqe.OracleOperateHelp.ExecuteDataTable(String connectionString, CommandType cmdType, String cmdText, OracleParameter[] commandParameters) 位置 C:\Users\cqe092156\documents\visual studio 2010\Projects\WeiXinCqe\WeiXinCqe\class\OracleOperateHelp.cs:行号 106
   在 WeiXinCqe.OracleOperateHelp.getDataTable(String sql) 位置 C:\Users\cqe092156\documents\visual studio 2010\Projects\WeiXinCqe\WeiXinCqe\class\OracleOperateHelp.cs:行号 53

[2016-07-27 13:50:57]    获取数据库DataTable失败SQL语句为:SELECT YYYYMM,STAFFID,STAFFNAME,DATE_IN,DATE_OUT,HF,RANK,TECH_TYPE,TECH_POST,TOPDEPTNAME,DEPTNAME FROM STAFF_SALARY_XL WHERE YYYYMMDD='2016-06' AND STAFFID ='092156'    UNION ALL  SELECT YYYYMM,STAFFID,STAFFNAME,DATE_IN,DATE_OUT,HF,RANK,TECH_TYPE,TECH_POST,TOPDEPTNAME,DEPTNAME FROM STAFF_SALARY_XL WHERE YYYYMMDD='2016-06' AND STAFFID ='961879'  AND  YYYYMM NOT IN (SELECT YYYYMM FROM STAFF_SALARY_XL WHERE YYYYMMDD='2016-06' AND STAFFID ='092156') 错误原因:System.Data.OracleClient.OracleException (0x80131938): ORA-00904: "YYYYMMDD": 标识符无效

   在 System.Data.OracleClient.OracleConnection.CheckError(OciErrorHandle errorHandle, Int32 rc)
   在 System.Data.OracleClient.OracleCommand.Execute(OciStatementHandle statementHandle, CommandBehavior behavior, Boolean needRowid, OciRowidDescriptor& rowidDescriptor, ArrayList& resultParameterOrdinals)
   在 System.Data.OracleClient.OracleCommand.Execute(OciStatementHandle statementHandle, CommandBehavior behavior, ArrayList& resultParameterOrdinals)
   在 System.Data.OracleClient.OracleCommand.ExecuteReader(CommandBehavior behavior)
   在 System.Data.OracleClient.OracleCommand.ExecuteDbDataReader(CommandBehavior behavior)
   在 System.Data.Common.DbCommand.System.Data.IDbCommand.ExecuteReader(CommandBehavior behavior)
   在 System.Data.Common.DbDataAdapter.FillInternal(DataSet dataset, DataTable[] datatables, Int32 startRecord, Int32 maxRecords, String srcTable, IDbCommand command, CommandBehavior behavior)
   在 System.Data.Common.DbDataAdapter.Fill(DataTable[] dataTables, Int32 startRecord, Int32 maxRecords, IDbCommand command, CommandBehavior behavior)
   在 System.Data.Common.DbDataAdapter.Fill(DataTable dataTable)
   在 WeiXinCqe.OracleOperateHelp.ExecuteDataTable(String connectionString, CommandType cmdType, String cmdText, OracleParameter[] commandParameters) 位置 C:\Users\cqe092156\documents\visual studio 2010\Projects\WeiXinCqe\WeiXinCqe\class\OracleOperateHelp.cs:行号 106
   在 WeiXinCqe.OracleOperateHelp.getDataTable(String sql) 位置 C:\Users\cqe092156\documents\visual studio 2010\Projects\WeiXinCqe\WeiXinCqe\class\OracleOperateHelp.cs:行号 53

[2016-07-27 13:50:57]    获取数据库DataTable失败SQL语句为:SELECT YYYYMM,STAFFID,STAFFNAME,DATE_IN,DATE_OUT,HF,RANK,TECH_TYPE,TECH_POST,TOPDEPTNAME,DEPTNAME FROM STAFF_SALARY_XL WHERE YYYYMMDD='2016-06' AND STAFFID ='092156'    UNION ALL  SELECT YYYYMM,STAFFID,STAFFNAME,DATE_IN,DATE_OUT,HF,RANK,TECH_TYPE,TECH_POST,TOPDEPTNAME,DEPTNAME FROM STAFF_SALARY_XL WHERE YYYYMMDD='2016-06' AND STAFFID ='961879'  AND  YYYYMM NOT IN (SELECT YYYYMM FROM STAFF_SALARY_XL WHERE YYYYMMDD='2016-06' AND STAFFID ='092156') 错误原因:System.Data.OracleClient.OracleException (0x80131938): ORA-00904: "YYYYMMDD": 标识符无效

   在 System.Data.OracleClient.OracleConnection.CheckError(OciErrorHandle errorHandle, Int32 rc)
   在 System.Data.OracleClient.OracleCommand.Execute(OciStatementHandle statementHandle, CommandBehavior behavior, Boolean needRowid, OciRowidDescriptor& rowidDescriptor, ArrayList& resultParameterOrdinals)
   在 System.Data.OracleClient.OracleCommand.Execute(OciStatementHandle statementHandle, CommandBehavior behavior, ArrayList& resultParameterOrdinals)
   在 System.Data.OracleClient.OracleCommand.ExecuteReader(CommandBehavior behavior)
   在 System.Data.OracleClient.OracleCommand.ExecuteDbDataReader(CommandBehavior behavior)
   在 System.Data.Common.DbCommand.System.Data.IDbCommand.ExecuteReader(CommandBehavior behavior)
   在 System.Data.Common.DbDataAdapter.FillInternal(DataSet dataset, DataTable[] datatables, Int32 startRecord, Int32 maxRecords, String srcTable, IDbCommand command, CommandBehavior behavior)
   在 System.Data.Common.DbDataAdapter.Fill(DataTable[] dataTables, Int32 startRecord, Int32 maxRecords, IDbCommand command, CommandBehavior behavior)
   在 System.Data.Common.DbDataAdapter.Fill(DataTable dataTable)
   在 WeiXinCqe.OracleOperateHelp.ExecuteDataTable(String connectionString, CommandType cmdType, String cmdText, OracleParameter[] commandParameters) 位置 C:\Users\cqe092156\documents\visual studio 2010\Projects\WeiXinCqe\WeiXinCqe\class\OracleOperateHelp.cs:行号 106
   在 WeiXinCqe.OracleOperateHelp.getDataTable(String sql) 位置 C:\Users\cqe092156\documents\visual studio 2010\Projects\WeiXinCqe\WeiXinCqe\class\OracleOperateHelp.cs:行号 53

[2016-07-27 13:50:58]    获取数据库DataTable失败SQL语句为:SELECT YYYYMM,STAFFID,STAFFNAME,DATE_IN,DATE_OUT,HF,RANK,TECH_TYPE,TECH_POST,TOPDEPTNAME,DEPTNAME FROM STAFF_SALARY_XL WHERE YYYYMMDD='2016-06' AND STAFFID ='092156'    UNION ALL  SELECT YYYYMM,STAFFID,STAFFNAME,DATE_IN,DATE_OUT,HF,RANK,TECH_TYPE,TECH_POST,TOPDEPTNAME,DEPTNAME FROM STAFF_SALARY_XL WHERE YYYYMMDD='2016-06' AND STAFFID ='961879'  AND  YYYYMM NOT IN (SELECT YYYYMM FROM STAFF_SALARY_XL WHERE YYYYMMDD='2016-06' AND STAFFID ='092156') 错误原因:System.Data.OracleClient.OracleException (0x80131938): ORA-00904: "YYYYMMDD": 标识符无效

   在 System.Data.OracleClient.OracleConnection.CheckError(OciErrorHandle errorHandle, Int32 rc)
   在 System.Data.OracleClient.OracleCommand.Execute(OciStatementHandle statementHandle, CommandBehavior behavior, Boolean needRowid, OciRowidDescriptor& rowidDescriptor, ArrayList& resultParameterOrdinals)
   在 System.Data.OracleClient.OracleCommand.Execute(OciStatementHandle statementHandle, CommandBehavior behavior, ArrayList& resultParameterOrdinals)
   在 System.Data.OracleClient.OracleCommand.ExecuteReader(CommandBehavior behavior)
   在 System.Data.OracleClient.OracleCommand.ExecuteDbDataReader(CommandBehavior behavior)
   在 System.Data.Common.DbCommand.System.Data.IDbCommand.ExecuteReader(CommandBehavior behavior)
   在 System.Data.Common.DbDataAdapter.FillInternal(DataSet dataset, DataTable[] datatables, Int32 startRecord, Int32 maxRecords, String srcTable, IDbCommand command, CommandBehavior behavior)
   在 System.Data.Common.DbDataAdapter.Fill(DataTable[] dataTables, Int32 startRecord, Int32 maxRecords, IDbCommand command, CommandBehavior behavior)
   在 System.Data.Common.DbDataAdapter.Fill(DataTable dataTable)
   在 WeiXinCqe.OracleOperateHelp.ExecuteDataTable(String connectionString, CommandType cmdType, String cmdText, OracleParameter[] commandParameters) 位置 C:\Users\cqe092156\documents\visual studio 2010\Projects\WeiXinCqe\WeiXinCqe\class\OracleOperateHelp.cs:行号 106
   在 WeiXinCqe.OracleOperateHelp.getDataTable(String sql) 位置 C:\Users\cqe092156\documents\visual studio 2010\Projects\WeiXinCqe\WeiXinCqe\class\OracleOperateHelp.cs:行号 53

[2016-07-27 13:50:58]    获取数据库DataTable失败SQL语句为:SELECT YYYYMM,STAFFID,STAFFNAME,DATE_IN,DATE_OUT,HF,RANK,TECH_TYPE,TECH_POST,TOPDEPTNAME,DEPTNAME FROM STAFF_SALARY_XL WHERE YYYYMMDD='2016-06' AND STAFFID ='092156'    UNION ALL  SELECT YYYYMM,STAFFID,STAFFNAME,DATE_IN,DATE_OUT,HF,RANK,TECH_TYPE,TECH_POST,TOPDEPTNAME,DEPTNAME FROM STAFF_SALARY_XL WHERE YYYYMMDD='2016-06' AND STAFFID ='961879'  AND  YYYYMM NOT IN (SELECT YYYYMM FROM STAFF_SALARY_XL WHERE YYYYMMDD='2016-06' AND STAFFID ='092156') 错误原因:System.Data.OracleClient.OracleException (0x80131938): ORA-00904: "YYYYMMDD": 标识符无效

   在 System.Data.OracleClient.OracleConnection.CheckError(OciErrorHandle errorHandle, Int32 rc)
   在 System.Data.OracleClient.OracleCommand.Execute(OciStatementHandle statementHandle, CommandBehavior behavior, Boolean needRowid, OciRowidDescriptor& rowidDescriptor, ArrayList& resultParameterOrdinals)
   在 System.Data.OracleClient.OracleCommand.Execute(OciStatementHandle statementHandle, CommandBehavior behavior, ArrayList& resultParameterOrdinals)
   在 System.Data.OracleClient.OracleCommand.ExecuteReader(CommandBehavior behavior)
   在 System.Data.OracleClient.OracleCommand.ExecuteDbDataReader(CommandBehavior behavior)
   在 System.Data.Common.DbCommand.System.Data.IDbCommand.ExecuteReader(CommandBehavior behavior)
   在 System.Data.Common.DbDataAdapter.FillInternal(DataSet dataset, DataTable[] datatables, Int32 startRecord, Int32 maxRecords, String srcTable, IDbCommand command, CommandBehavior behavior)
   在 System.Data.Common.DbDataAdapter.Fill(DataTable[] dataTables, Int32 startRecord, Int32 maxRecords, IDbCommand command, CommandBehavior behavior)
   在 System.Data.Common.DbDataAdapter.Fill(DataTable dataTable)
   在 WeiXinCqe.OracleOperateHelp.ExecuteDataTable(String connectionString, CommandType cmdType, String cmdText, OracleParameter[] commandParameters) 位置 C:\Users\cqe092156\documents\visual studio 2010\Projects\WeiXinCqe\WeiXinCqe\class\OracleOperateHelp.cs:行号 106
   在 WeiXinCqe.OracleOperateHelp.getDataTable(String sql) 位置 C:\Users\cqe092156\documents\visual studio 2010\Projects\WeiXinCqe\WeiXinCqe\class\OracleOperateHelp.cs:行号 53

[2016-07-27 13:50:58]    获取数据库DataTable失败SQL语句为:SELECT YYYYMM,STAFFID,STAFFNAME,DATE_IN,DATE_OUT,HF,RANK,TECH_TYPE,TECH_POST,TOPDEPTNAME,DEPTNAME FROM STAFF_SALARY_XL WHERE YYYYMMDD='2016-06' AND STAFFID ='092156'    UNION ALL  SELECT YYYYMM,STAFFID,STAFFNAME,DATE_IN,DATE_OUT,HF,RANK,TECH_TYPE,TECH_POST,TOPDEPTNAME,DEPTNAME FROM STAFF_SALARY_XL WHERE YYYYMMDD='2016-06' AND STAFFID ='961879'  AND  YYYYMM NOT IN (SELECT YYYYMM FROM STAFF_SALARY_XL WHERE YYYYMMDD='2016-06' AND STAFFID ='092156') 错误原因:System.Data.OracleClient.OracleException (0x80131938): ORA-00904: "YYYYMMDD": 标识符无效

   在 System.Data.OracleClient.OracleConnection.CheckError(OciErrorHandle errorHandle, Int32 rc)
   在 System.Data.OracleClient.OracleCommand.Execute(OciStatementHandle statementHandle, CommandBehavior behavior, Boolean needRowid, OciRowidDescriptor& rowidDescriptor, ArrayList& resultParameterOrdinals)
   在 System.Data.OracleClient.OracleCommand.Execute(OciStatementHandle statementHandle, CommandBehavior behavior, ArrayList& resultParameterOrdinals)
   在 System.Data.OracleClient.OracleCommand.ExecuteReader(CommandBehavior behavior)
   在 System.Data.OracleClient.OracleCommand.ExecuteDbDataReader(CommandBehavior behavior)
   在 System.Data.Common.DbCommand.System.Data.IDbCommand.ExecuteReader(CommandBehavior behavior)
   在 System.Data.Common.DbDataAdapter.FillInternal(DataSet dataset, DataTable[] datatables, Int32 startRecord, Int32 maxRecords, String srcTable, IDbCommand command, CommandBehavior behavior)
   在 System.Data.Common.DbDataAdapter.Fill(DataTable[] dataTables, Int32 startRecord, Int32 maxRecords, IDbCommand command, CommandBehavior behavior)
   在 System.Data.Common.DbDataAdapter.Fill(DataTable dataTable)
   在 WeiXinCqe.OracleOperateHelp.ExecuteDataTable(String connectionString, CommandType cmdType, String cmdText, OracleParameter[] commandParameters) 位置 C:\Users\cqe092156\documents\visual studio 2010\Projects\WeiXinCqe\WeiXinCqe\class\OracleOperateHelp.cs:行号 106
   在 WeiXinCqe.OracleOperateHelp.getDataTable(String sql) 位置 C:\Users\cqe092156\documents\visual studio 2010\Projects\WeiXinCqe\WeiXinCqe\class\OracleOperateHelp.cs:行号 53

[2016-07-27 13:50:58]    获取数据库DataTable失败SQL语句为:SELECT YYYYMM,STAFFID,STAFFNAME,DATE_IN,DATE_OUT,HF,RANK,TECH_TYPE,TECH_POST,TOPDEPTNAME,DEPTNAME FROM STAFF_SALARY_XL WHERE YYYYMMDD='2016-06' AND STAFFID ='092156'    UNION ALL  SELECT YYYYMM,STAFFID,STAFFNAME,DATE_IN,DATE_OUT,HF,RANK,TECH_TYPE,TECH_POST,TOPDEPTNAME,DEPTNAME FROM STAFF_SALARY_XL WHERE YYYYMMDD='2016-06' AND STAFFID ='961879'  AND  YYYYMM NOT IN (SELECT YYYYMM FROM STAFF_SALARY_XL WHERE YYYYMMDD='2016-06' AND STAFFID ='092156') 错误原因:System.Data.OracleClient.OracleException (0x80131938): ORA-00904: "YYYYMMDD": 标识符无效

   在 System.Data.OracleClient.OracleConnection.CheckError(OciErrorHandle errorHandle, Int32 rc)
   在 System.Data.OracleClient.OracleCommand.Execute(OciStatementHandle statementHandle, CommandBehavior behavior, Boolean needRowid, OciRowidDescriptor& rowidDescriptor, ArrayList& resultParameterOrdinals)
   在 System.Data.OracleClient.OracleCommand.Execute(OciStatementHandle statementHandle, CommandBehavior behavior, ArrayList& resultParameterOrdinals)
   在 System.Data.OracleClient.OracleCommand.ExecuteReader(CommandBehavior behavior)
   在 System.Data.OracleClient.OracleCommand.ExecuteDbDataReader(CommandBehavior behavior)
   在 System.Data.Common.DbCommand.System.Data.IDbCommand.ExecuteReader(CommandBehavior behavior)
   在 System.Data.Common.DbDataAdapter.FillInternal(DataSet dataset, DataTable[] datatables, Int32 startRecord, Int32 maxRecords, String srcTable, IDbCommand command, CommandBehavior behavior)
   在 System.Data.Common.DbDataAdapter.Fill(DataTable[] dataTables, Int32 startRecord, Int32 maxRecords, IDbCommand command, CommandBehavior behavior)
   在 System.Data.Common.DbDataAdapter.Fill(DataTable dataTable)
   在 WeiXinCqe.OracleOperateHelp.ExecuteDataTable(String connectionString, CommandType cmdType, String cmdText, OracleParameter[] commandParameters) 位置 C:\Users\cqe092156\documents\visual studio 2010\Projects\WeiXinCqe\WeiXinCqe\class\OracleOperateHelp.cs:行号 106
   在 WeiXinCqe.OracleOperateHelp.getDataTable(String sql) 位置 C:\Users\cqe092156\documents\visual studio 2010\Projects\WeiXinCqe\WeiXinCqe\class\OracleOperateHelp.cs:行号 53

[2016-07-27 13:51:44]    获取数据库DataTable失败SQL语句为:SELECT YYYYMM,STAFFID,STAFFNAME,DATE_IN,DATE_OUT,HF,RANK,TECH_TYPE,TECH_POST,TOPDEPTNAME,DEPTNAME FROM STAFF_SALARY_XL WHERE YYYYMMDD='2016-06' AND STAFFID ='092156'    UNION ALL  SELECT YYYYMM,STAFFID,STAFFNAME,DATE_IN,DATE_OUT,HF,RANK,TECH_TYPE,TECH_POST,TOPDEPTNAME,DEPTNAME FROM STAFF_SALARY_XL WHERE YYYYMMDD='2016-06' AND STAFFID ='961879'  AND  YYYYMM NOT IN (SELECT YYYYMM FROM STAFF_SALARY_XL WHERE YYYYMMDD='2016-06' AND STAFFID ='092156') 错误原因:System.Data.OracleClient.OracleException (0x80131938): ORA-00904: "YYYYMMDD": 标识符无效

   在 System.Data.OracleClient.OracleConnection.CheckError(OciErrorHandle errorHandle, Int32 rc)
   在 System.Data.OracleClient.OracleCommand.Execute(OciStatementHandle statementHandle, CommandBehavior behavior, Boolean needRowid, OciRowidDescriptor& rowidDescriptor, ArrayList& resultParameterOrdinals)
   在 System.Data.OracleClient.OracleCommand.Execute(OciStatementHandle statementHandle, CommandBehavior behavior, ArrayList& resultParameterOrdinals)
   在 System.Data.OracleClient.OracleCommand.ExecuteReader(CommandBehavior behavior)
   在 System.Data.OracleClient.OracleCommand.ExecuteDbDataReader(CommandBehavior behavior)
   在 System.Data.Common.DbCommand.System.Data.IDbCommand.ExecuteReader(CommandBehavior behavior)
   在 System.Data.Common.DbDataAdapter.FillInternal(DataSet dataset, DataTable[] datatables, Int32 startRecord, Int32 maxRecords, String srcTable, IDbCommand command, CommandBehavior behavior)
   在 System.Data.Common.DbDataAdapter.Fill(DataTable[] dataTables, Int32 startRecord, Int32 maxRecords, IDbCommand command, CommandBehavior behavior)
   在 System.Data.Common.DbDataAdapter.Fill(DataTable dataTable)
   在 WeiXinCqe.OracleOperateHelp.ExecuteDataTable(String connectionString, CommandType cmdType, String cmdText, OracleParameter[] commandParameters) 位置 C:\Users\cqe092156\documents\visual studio 2010\Projects\WeiXinCqe\WeiXinCqe\class\OracleOperateHelp.cs:行号 106
   在 WeiXinCqe.OracleOperateHelp.getDataTable(String sql) 位置 C:\Users\cqe092156\documents\visual studio 2010\Projects\WeiXinCqe\WeiXinCqe\class\OracleOperateHelp.cs:行号 53

[2016-07-27 14:54:07]    获取数据库DataTable失败SQL语句为:SELECT A.YYYYMM,B.PAY_80,B.LATE1,B.LATE2,B.LATE3,B.STAFFID,B.STAFFNAME,B.ON_DUTY,B.OFF_DUTY,B.PUBLIC_LEAVE,B.BACK1,B.BACK4,B.CJ,(B.SICK_LEAVE+B.SICK_LEAVE_180) AS SICK_LEAVE,B.HOUSE_PAY_COUNT,(B.MORNING+B.OVERTIME_MORNING+B.OVERTIME_XL_MORNING) AS MORNING,(B.MIDDLE+B.OVERTIME_MIDDLE+B.OVERTIME_XL_MIDDLE) AS MIDDLE,(B.NIGHT+B.OVERTIME_NIGHT+B.OVERTIME_XL_NIGHT) AS NIGHT, (B.OVERTIME1+B.OVERTIME1_XL) AS OVERTIME1,(B.OVERTIME2+B.OVERTIME2_XL) AS OVERTIME2,(B.OVERTIME3+B.OVERTIME3_XL) AS OVERTIME3 FROM STAFF_SALARY_XL A LEFT JOIN STAFF_KQ B ON A.STAFFID=B.STAFFID  AND A.YYYYMM=B.YYYYMM  WHERE A.YYYYMM='2016-06'  AND A.STAFFID ='092156'   UNION ALL   SELECT A.YYYYMM,B.PAY_80,B.LATE1,B.LATE2,B.LATE3,B.STAFFID,B.STAFFNAME,B.ON_DUTY,B.OFF_DUTY,B.PUBLIC_LEAVE,B.BACK1,B.BACK4,B.CJ,(B.SICK_LEAVE+B.SICK_LEAVE_180) AS SICK_LEAVE,B.HOUSE_PAY_COUNT,(B.MORNING+B.OVERTIME_MORNING+B.OVERTIME_XL_MORNING) AS MORNING,(B.MIDDLE+B.OVERTIME_MIDDLE+B.OVERTIME_XL_MIDDLE) AS MIDDLE,(B.NIGHT+B.OVERTIME_NIGHT+B.OVERTIME_XL_NIGHT) AS NIGHT, (B.OVERTIME1+B.OVERTIME1_XL) AS OVERTIME1,(B.OVERTIME2+B.OVERTIME2_XL) AS OVERTIME2,(B.OVERTIME3+B.OVERTIME3_XL) AS OVERTIME3 FROM STAFF_SALARY_XL A LEFT JOIN STAFF_KQ B ON A.STAFFID=B.STAFFID  AND A.YYYYMM=B.YYYYMM  WHERE A.YYYYMM='2016-06'  AND A.STAFFID ='961879'  AND YYYYMM NOT IN (SELECT YYYYMM FROM STAFF_SALARY_XL WHERE YYYYMM='2016-06' AND STAFFID ='092156') 错误原因:System.Data.OracleClient.OracleException (0x80131938): ORA-00918: 未明确定义列

   在 System.Data.OracleClient.OracleConnection.CheckError(OciErrorHandle errorHandle, Int32 rc)
   在 System.Data.OracleClient.OracleCommand.Execute(OciStatementHandle statementHandle, CommandBehavior behavior, Boolean needRowid, OciRowidDescriptor& rowidDescriptor, ArrayList& resultParameterOrdinals)
   在 System.Data.OracleClient.OracleCommand.Execute(OciStatementHandle statementHandle, CommandBehavior behavior, ArrayList& resultParameterOrdinals)
   在 System.Data.OracleClient.OracleCommand.ExecuteReader(CommandBehavior behavior)
   在 System.Data.OracleClient.OracleCommand.ExecuteDbDataReader(CommandBehavior behavior)
   在 System.Data.Common.DbCommand.System.Data.IDbCommand.ExecuteReader(CommandBehavior behavior)
   在 System.Data.Common.DbDataAdapter.FillInternal(DataSet dataset, DataTable[] datatables, Int32 startRecord, Int32 maxRecords, String srcTable, IDbCommand command, CommandBehavior behavior)
   在 System.Data.Common.DbDataAdapter.Fill(DataTable[] dataTables, Int32 startRecord, Int32 maxRecords, IDbCommand command, CommandBehavior behavior)
   在 System.Data.Common.DbDataAdapter.Fill(DataTable dataTable)
   在 WeiXinCqe.OracleOperateHelp.ExecuteDataTable(String connectionString, CommandType cmdType, String cmdText, OracleParameter[] commandParameters) 位置 C:\Users\cqe092156\documents\visual studio 2010\Projects\WeiXinCqe\WeiXinCqe\class\OracleOperateHelp.cs:行号 106
   在 WeiXinCqe.OracleOperateHelp.getDataTable(String sql) 位置 C:\Users\cqe092156\documents\visual studio 2010\Projects\WeiXinCqe\WeiXinCqe\class\OracleOperateHelp.cs:行号 53

[2016-07-27 14:54:19]    获取数据库DataTable失败SQL语句为:SELECT A.YYYYMM,B.PAY_80,B.LATE1,B.LATE2,B.LATE3,B.STAFFID,B.STAFFNAME,B.ON_DUTY,B.OFF_DUTY,B.PUBLIC_LEAVE,B.BACK1,B.BACK4,B.CJ,(B.SICK_LEAVE+B.SICK_LEAVE_180) AS SICK_LEAVE,B.HOUSE_PAY_COUNT,(B.MORNING+B.OVERTIME_MORNING+B.OVERTIME_XL_MORNING) AS MORNING,(B.MIDDLE+B.OVERTIME_MIDDLE+B.OVERTIME_XL_MIDDLE) AS MIDDLE,(B.NIGHT+B.OVERTIME_NIGHT+B.OVERTIME_XL_NIGHT) AS NIGHT, (B.OVERTIME1+B.OVERTIME1_XL) AS OVERTIME1,(B.OVERTIME2+B.OVERTIME2_XL) AS OVERTIME2,(B.OVERTIME3+B.OVERTIME3_XL) AS OVERTIME3 FROM STAFF_SALARY_XL A LEFT JOIN STAFF_KQ B ON A.STAFFID=B.STAFFID  AND A.YYYYMM=B.YYYYMM  WHERE A.YYYYMM='2016-06'  AND A.STAFFID ='092156'   UNION ALL   SELECT A.YYYYMM,B.PAY_80,B.LATE1,B.LATE2,B.LATE3,B.STAFFID,B.STAFFNAME,B.ON_DUTY,B.OFF_DUTY,B.PUBLIC_LEAVE,B.BACK1,B.BACK4,B.CJ,(B.SICK_LEAVE+B.SICK_LEAVE_180) AS SICK_LEAVE,B.HOUSE_PAY_COUNT,(B.MORNING+B.OVERTIME_MORNING+B.OVERTIME_XL_MORNING) AS MORNING,(B.MIDDLE+B.OVERTIME_MIDDLE+B.OVERTIME_XL_MIDDLE) AS MIDDLE,(B.NIGHT+B.OVERTIME_NIGHT+B.OVERTIME_XL_NIGHT) AS NIGHT, (B.OVERTIME1+B.OVERTIME1_XL) AS OVERTIME1,(B.OVERTIME2+B.OVERTIME2_XL) AS OVERTIME2,(B.OVERTIME3+B.OVERTIME3_XL) AS OVERTIME3 FROM STAFF_SALARY_XL A LEFT JOIN STAFF_KQ B ON A.STAFFID=B.STAFFID  AND A.YYYYMM=B.YYYYMM  WHERE A.YYYYMM='2016-06'  AND A.STAFFID ='961879'  AND YYYYMM NOT IN (SELECT YYYYMM FROM STAFF_SALARY_XL WHERE YYYYMM='2016-06' AND STAFFID ='092156') 错误原因:System.Data.OracleClient.OracleException (0x80131938): ORA-00918: 未明确定义列

   在 System.Data.OracleClient.OracleConnection.CheckError(OciErrorHandle errorHandle, Int32 rc)
   在 System.Data.OracleClient.OracleCommand.Execute(OciStatementHandle statementHandle, CommandBehavior behavior, Boolean needRowid, OciRowidDescriptor& rowidDescriptor, ArrayList& resultParameterOrdinals)
   在 System.Data.OracleClient.OracleCommand.Execute(OciStatementHandle statementHandle, CommandBehavior behavior, ArrayList& resultParameterOrdinals)
   在 System.Data.OracleClient.OracleCommand.ExecuteReader(CommandBehavior behavior)
   在 System.Data.OracleClient.OracleCommand.ExecuteDbDataReader(CommandBehavior behavior)
   在 System.Data.Common.DbCommand.System.Data.IDbCommand.ExecuteReader(CommandBehavior behavior)
   在 System.Data.Common.DbDataAdapter.FillInternal(DataSet dataset, DataTable[] datatables, Int32 startRecord, Int32 maxRecords, String srcTable, IDbCommand command, CommandBehavior behavior)
   在 System.Data.Common.DbDataAdapter.Fill(DataTable[] dataTables, Int32 startRecord, Int32 maxRecords, IDbCommand command, CommandBehavior behavior)
   在 System.Data.Common.DbDataAdapter.Fill(DataTable dataTable)
   在 WeiXinCqe.OracleOperateHelp.ExecuteDataTable(String connectionString, CommandType cmdType, String cmdText, OracleParameter[] commandParameters) 位置 C:\Users\cqe092156\documents\visual studio 2010\Projects\WeiXinCqe\WeiXinCqe\class\OracleOperateHelp.cs:行号 106
   在 WeiXinCqe.OracleOperateHelp.getDataTable(String sql) 位置 C:\Users\cqe092156\documents\visual studio 2010\Projects\WeiXinCqe\WeiXinCqe\class\OracleOperateHelp.cs:行号 53

[2016-07-27 14:59:28]    获取数据库DataTable失败SQL语句为:SELECT A.YYYYMM,B.PAY_80,B.LATE1,B.LATE2,B.LATE3,B.STAFFID,B.STAFFNAME,B.ON_DUTY,B.OFF_DUTY,B.PUBLIC_LEAVE,B.BACK1,B.BACK4,B.CJ,(B.SICK_LEAVE+B.SICK_LEAVE_180) AS SICK_LEAVE,B.HOUSE_PAY_COUNT,(B.MORNING+B.OVERTIME_MORNING+B.OVERTIME_XL_MORNING) AS MORNING,(B.MIDDLE+B.OVERTIME_MIDDLE+B.OVERTIME_XL_MIDDLE) AS MIDDLE,(B.NIGHT+B.OVERTIME_NIGHT+B.OVERTIME_XL_NIGHT) AS NIGHT, (B.OVERTIME1+B.OVERTIME1_XL) AS OVERTIME1,(B.OVERTIME2+B.OVERTIME2_XL) AS OVERTIME2,(B.OVERTIME3+B.OVERTIME3_XL) AS OVERTIME3 FROM STAFF_SALARY_XL A LEFT JOIN STAFF_KQ B ON A.STAFFID=B.STAFFID  AND A.YYYYMM=B.YYYYMM  WHERE A.YYYYMM='2016-06'  AND A.STAFFID ='092156'   UNION ALL   SELECT A.YYYYMM,B.PAY_80,B.LATE1,B.LATE2,B.LATE3,B.STAFFID,B.STAFFNAME,B.ON_DUTY,B.OFF_DUTY,B.PUBLIC_LEAVE,B.BACK1,B.BACK4,B.CJ,(B.SICK_LEAVE+B.SICK_LEAVE_180) AS SICK_LEAVE,B.HOUSE_PAY_COUNT,(B.MORNING+B.OVERTIME_MORNING+B.OVERTIME_XL_MORNING) AS MORNING,(B.MIDDLE+B.OVERTIME_MIDDLE+B.OVERTIME_XL_MIDDLE) AS MIDDLE,(B.NIGHT+B.OVERTIME_NIGHT+B.OVERTIME_XL_NIGHT) AS NIGHT, (B.OVERTIME1+B.OVERTIME1_XL) AS OVERTIME1,(B.OVERTIME2+B.OVERTIME2_XL) AS OVERTIME2,(B.OVERTIME3+B.OVERTIME3_XL) AS OVERTIME3 FROM STAFF_SALARY_XL A LEFT JOIN STAFF_KQ B ON A.STAFFID=B.STAFFID  AND A.YYYYMM=B.YYYYMM  WHERE A.YYYYMM='2016-06'  AND A.STAFFID ='961879'  AND YYYYMM NOT IN (SELECT YYYYMM FROM STAFF_SALARY_XL WHERE YYYYMM='2016-06' AND STAFFID ='092156') 错误原因:System.Data.OracleClient.OracleException (0x80131938): ORA-00918: 未明确定义列

   在 System.Data.OracleClient.OracleConnection.CheckError(OciErrorHandle errorHandle, Int32 rc)
   在 System.Data.OracleClient.OracleCommand.Execute(OciStatementHandle statementHandle, CommandBehavior behavior, Boolean needRowid, OciRowidDescriptor& rowidDescriptor, ArrayList& resultParameterOrdinals)
   在 System.Data.OracleClient.OracleCommand.Execute(OciStatementHandle statementHandle, CommandBehavior behavior, ArrayList& resultParameterOrdinals)
   在 System.Data.OracleClient.OracleCommand.ExecuteReader(CommandBehavior behavior)
   在 System.Data.OracleClient.OracleCommand.ExecuteDbDataReader(CommandBehavior behavior)
   在 System.Data.Common.DbCommand.System.Data.IDbCommand.ExecuteReader(CommandBehavior behavior)
   在 System.Data.Common.DbDataAdapter.FillInternal(DataSet dataset, DataTable[] datatables, Int32 startRecord, Int32 maxRecords, String srcTable, IDbCommand command, CommandBehavior behavior)
   在 System.Data.Common.DbDataAdapter.Fill(DataTable[] dataTables, Int32 startRecord, Int32 maxRecords, IDbCommand command, CommandBehavior behavior)
   在 System.Data.Common.DbDataAdapter.Fill(DataTable dataTable)
   在 WeiXinCqe.OracleOperateHelp.ExecuteDataTable(String connectionString, CommandType cmdType, String cmdText, OracleParameter[] commandParameters) 位置 C:\Users\cqe092156\documents\visual studio 2010\Projects\WeiXinCqe\WeiXinCqe\class\OracleOperateHelp.cs:行号 106
   在 WeiXinCqe.OracleOperateHelp.getDataTable(String sql) 位置 C:\Users\cqe092156\documents\visual studio 2010\Projects\WeiXinCqe\WeiXinCqe\class\OracleOperateHelp.cs:行号 53

[2016-07-27 16:58:20]    获取数据库DataTable失败SQL语句为: 1SELECT A.YYYYMM,A.STAFFID,A.COMPETENCY_PAY,A.WELFARE_PAY,A.PERFECT_ATTENDANCE_PAY,A.POST_PAY,A.TECH_PAY,A.SPECIAL_PAY,A.BASE_PAY,A.BASE_PAY_JS FROM STAFF_SALARY_XL A WHERE A.YYYYMM='2016-06'  AND A.STAFFID ='092156' 错误原因:System.Data.OracleClient.OracleException (0x80131938): ORA-00900: 无效 SQL 语句

   在 System.Data.OracleClient.OracleConnection.CheckError(OciErrorHandle errorHandle, Int32 rc)
   在 System.Data.OracleClient.OracleCommand.Execute(OciStatementHandle statementHandle, CommandBehavior behavior, Boolean needRowid, OciRowidDescriptor& rowidDescriptor, ArrayList& resultParameterOrdinals)
   在 System.Data.OracleClient.OracleCommand.Execute(OciStatementHandle statementHandle, CommandBehavior behavior, ArrayList& resultParameterOrdinals)
   在 System.Data.OracleClient.OracleCommand.ExecuteReader(CommandBehavior behavior)
   在 System.Data.OracleClient.OracleCommand.ExecuteDbDataReader(CommandBehavior behavior)
   在 System.Data.Common.DbCommand.System.Data.IDbCommand.ExecuteReader(CommandBehavior behavior)
   在 System.Data.Common.DbDataAdapter.FillInternal(DataSet dataset, DataTable[] datatables, Int32 startRecord, Int32 maxRecords, String srcTable, IDbCommand command, CommandBehavior behavior)
   在 System.Data.Common.DbDataAdapter.Fill(DataTable[] dataTables, Int32 startRecord, Int32 maxRecords, IDbCommand command, CommandBehavior behavior)
   在 System.Data.Common.DbDataAdapter.Fill(DataTable dataTable)
   在 WeiXinCqe.OracleOperateHelp.ExecuteDataTable(String connectionString, CommandType cmdType, String cmdText, OracleParameter[] commandParameters) 位置 C:\Users\cqe092156\documents\visual studio 2010\Projects\WeiXinCqe\WeiXinCqe\class\OracleOperateHelp.cs:行号 106
   在 WeiXinCqe.OracleOperateHelp.getDataTable(String sql) 位置 C:\Users\cqe092156\documents\visual studio 2010\Projects\WeiXinCqe\WeiXinCqe\class\OracleOperateHelp.cs:行号 53

[2016-07-27 16:58:33]    获取数据库DataTable失败SQL语句为: 1SELECT A.YYYYMM,A.STAFFID,A.COMPETENCY_PAY,A.WELFARE_PAY,A.PERFECT_ATTENDANCE_PAY,A.POST_PAY,A.TECH_PAY,A.SPECIAL_PAY,A.BASE_PAY,A.BASE_PAY_JS FROM STAFF_SALARY_XL A WHERE A.YYYYMM='2016-06'  AND A.STAFFID ='092156' 错误原因:System.Data.OracleClient.OracleException (0x80131938): ORA-00900: 无效 SQL 语句

   在 System.Data.OracleClient.OracleConnection.CheckError(OciErrorHandle errorHandle, Int32 rc)
   在 System.Data.OracleClient.OracleCommand.Execute(OciStatementHandle statementHandle, CommandBehavior behavior, Boolean needRowid, OciRowidDescriptor& rowidDescriptor, ArrayList& resultParameterOrdinals)
   在 System.Data.OracleClient.OracleCommand.Execute(OciStatementHandle statementHandle, CommandBehavior behavior, ArrayList& resultParameterOrdinals)
   在 System.Data.OracleClient.OracleCommand.ExecuteReader(CommandBehavior behavior)
   在 System.Data.OracleClient.OracleCommand.ExecuteDbDataReader(CommandBehavior behavior)
   在 System.Data.Common.DbCommand.System.Data.IDbCommand.ExecuteReader(CommandBehavior behavior)
   在 System.Data.Common.DbDataAdapter.FillInternal(DataSet dataset, DataTable[] datatables, Int32 startRecord, Int32 maxRecords, String srcTable, IDbCommand command, CommandBehavior behavior)
   在 System.Data.Common.DbDataAdapter.Fill(DataTable[] dataTables, Int32 startRecord, Int32 maxRecords, IDbCommand command, CommandBehavior behavior)
   在 System.Data.Common.DbDataAdapter.Fill(DataTable dataTable)
   在 WeiXinCqe.OracleOperateHelp.ExecuteDataTable(String connectionString, CommandType cmdType, String cmdText, OracleParameter[] commandParameters) 位置 C:\Users\cqe092156\documents\visual studio 2010\Projects\WeiXinCqe\WeiXinCqe\class\OracleOperateHelp.cs:行号 106
   在 WeiXinCqe.OracleOperateHelp.getDataTable(String sql) 位置 C:\Users\cqe092156\documents\visual studio 2010\Projects\WeiXinCqe\WeiXinCqe\class\OracleOperateHelp.cs:行号 53

[2016-07-27 16:58:34]    获取数据库DataTable失败SQL语句为: 1SELECT A.YYYYMM,A.STAFFID,A.COMPETENCY_PAY,A.WELFARE_PAY,A.PERFECT_ATTENDANCE_PAY,A.POST_PAY,A.TECH_PAY,A.SPECIAL_PAY,A.BASE_PAY,A.BASE_PAY_JS FROM STAFF_SALARY_XL A WHERE A.YYYYMM='2016-06'  AND A.STAFFID ='092156' 错误原因:System.Data.OracleClient.OracleException (0x80131938): ORA-00900: 无效 SQL 语句

   在 System.Data.OracleClient.OracleConnection.CheckError(OciErrorHandle errorHandle, Int32 rc)
   在 System.Data.OracleClient.OracleCommand.Execute(OciStatementHandle statementHandle, CommandBehavior behavior, Boolean needRowid, OciRowidDescriptor& rowidDescriptor, ArrayList& resultParameterOrdinals)
   在 System.Data.OracleClient.OracleCommand.Execute(OciStatementHandle statementHandle, CommandBehavior behavior, ArrayList& resultParameterOrdinals)
   在 System.Data.OracleClient.OracleCommand.ExecuteReader(CommandBehavior behavior)
   在 System.Data.OracleClient.OracleCommand.ExecuteDbDataReader(CommandBehavior behavior)
   在 System.Data.Common.DbCommand.System.Data.IDbCommand.ExecuteReader(CommandBehavior behavior)
   在 System.Data.Common.DbDataAdapter.FillInternal(DataSet dataset, DataTable[] datatables, Int32 startRecord, Int32 maxRecords, String srcTable, IDbCommand command, CommandBehavior behavior)
   在 System.Data.Common.DbDataAdapter.Fill(DataTable[] dataTables, Int32 startRecord, Int32 maxRecords, IDbCommand command, CommandBehavior behavior)
   在 System.Data.Common.DbDataAdapter.Fill(DataTable dataTable)
   在 WeiXinCqe.OracleOperateHelp.ExecuteDataTable(String connectionString, CommandType cmdType, String cmdText, OracleParameter[] commandParameters) 位置 C:\Users\cqe092156\documents\visual studio 2010\Projects\WeiXinCqe\WeiXinCqe\class\OracleOperateHelp.cs:行号 106
   在 WeiXinCqe.OracleOperateHelp.getDataTable(String sql) 位置 C:\Users\cqe092156\documents\visual studio 2010\Projects\WeiXinCqe\WeiXinCqe\class\OracleOperateHelp.cs:行号 53

[2016-07-27 16:58:59]    获取数据库DataTable失败SQL语句为: 1SELECT A.YYYYMM,A.STAFFID,A.COMPETENCY_PAY,A.WELFARE_PAY,A.PERFECT_ATTENDANCE_PAY,A.POST_PAY,A.TECH_PAY,A.SPECIAL_PAY,A.BASE_PAY,A.BASE_PAY_JS FROM STAFF_SALARY_XL A WHERE A.YYYYMM='2016-06'  AND A.STAFFID ='092156' 错误原因:System.Data.OracleClient.OracleException (0x80131938): ORA-00900: 无效 SQL 语句

   在 System.Data.OracleClient.OracleConnection.CheckError(OciErrorHandle errorHandle, Int32 rc)
   在 System.Data.OracleClient.OracleCommand.Execute(OciStatementHandle statementHandle, CommandBehavior behavior, Boolean needRowid, OciRowidDescriptor& rowidDescriptor, ArrayList& resultParameterOrdinals)
   在 System.Data.OracleClient.OracleCommand.Execute(OciStatementHandle statementHandle, CommandBehavior behavior, ArrayList& resultParameterOrdinals)
   在 System.Data.OracleClient.OracleCommand.ExecuteReader(CommandBehavior behavior)
   在 System.Data.OracleClient.OracleCommand.ExecuteDbDataReader(CommandBehavior behavior)
   在 System.Data.Common.DbCommand.System.Data.IDbCommand.ExecuteReader(CommandBehavior behavior)
   在 System.Data.Common.DbDataAdapter.FillInternal(DataSet dataset, DataTable[] datatables, Int32 startRecord, Int32 maxRecords, String srcTable, IDbCommand command, CommandBehavior behavior)
   在 System.Data.Common.DbDataAdapter.Fill(DataTable[] dataTables, Int32 startRecord, Int32 maxRecords, IDbCommand command, CommandBehavior behavior)
   在 System.Data.Common.DbDataAdapter.Fill(DataTable dataTable)
   在 WeiXinCqe.OracleOperateHelp.ExecuteDataTable(String connectionString, CommandType cmdType, String cmdText, OracleParameter[] commandParameters) 位置 C:\Users\cqe092156\documents\visual studio 2010\Projects\WeiXinCqe\WeiXinCqe\class\OracleOperateHelp.cs:行号 106
   在 WeiXinCqe.OracleOperateHelp.getDataTable(String sql) 位置 C:\Users\cqe092156\documents\visual studio 2010\Projects\WeiXinCqe\WeiXinCqe\class\OracleOperateHelp.cs:行号 53

