[2016-08-09 09:53:14]    获取数据库DataTable失败SQL语句为:  SELECT1   A.TAX_OUT,A.PAY_TAX,(A.SUM_PAY- A.SB_OUT- A.GJJ_OUT- A.OFF_DUTY_OUT- A.PERFECT_ATTENDANCE_OUT) AS S_PAY_TAX,A.V_GJJ_TAX,A.GJJ_OUT,B.UPPON,A.V_TAX_BLEVEL,A.V_TAX_RATE,A.V_TAX_SUBTRACT,A.V_TAX_CFROM,A.V_TAX_CTO,B.BLEVEL,(B.RATE||'%') AS RATE,B.SUBTRACT,B.CFROM,B.CTO FROM STAFF_SALARY_XL A LEFT JOIN SLR_IRPEF_MONTH B ON A.YYYYMM=B.YYYYMM WHERE A.STAFFID='092156' AND A.YYYYMM='2016-07'  ORDER BY B.BLEVEL错误原因:System.Data.OracleClient.OracleException (0x80131938): ORA-00900: 无效 SQL 语句

   在 System.Data.OracleClient.OracleConnection.CheckError(OciErrorHandle errorHandle, Int32 rc)
   在 System.Data.OracleClient.OracleCommand.Execute(OciStatementHandle statementHandle, CommandBehavior behavior, Boolean needRowid, OciRowidDescriptor& rowidDescriptor, ArrayList& resultParameterOrdinals)
   在 System.Data.OracleClient.OracleCommand.Execute(OciStatementHandle statementHandle, CommandBehavior behavior, ArrayList& resultParameterOrdinals)
   在 System.Data.OracleClient.OracleCommand.ExecuteReader(CommandBehavior behavior)
   在 System.Data.OracleClient.OracleCommand.ExecuteDbDataReader(CommandBehavior behavior)
   在 System.Data.Common.DbCommand.System.Data.IDbCommand.ExecuteReader(CommandBehavior behavior)
   在 System.Data.Common.DbDataAdapter.FillInternal(DataSet dataset, DataTable[] datatables, Int32 startRecord, Int32 maxRecords, String srcTable, IDbCommand command, CommandBehavior behavior)
   在 System.Data.Common.DbDataAdapter.Fill(DataTable[] dataTables, Int32 startRecord, Int32 maxRecords, IDbCommand command, CommandBehavior behavior)
   在 System.Data.Common.DbDataAdapter.Fill(DataTable dataTable)
   在 WeiXinCqe.OracleOperateHelp.ExecuteDataTable(String connectionString, CommandType cmdType, String cmdText, OracleParameter[] commandParameters) 位置 C:\Users\cqe092156\Documents\Visual Studio 2010\Projects\WeiXinCqe\WeiXinCqe\class\OracleOperateHelp.cs:行号 106
   在 WeiXinCqe.OracleOperateHelp.getDataTable(String sql) 位置 C:\Users\cqe092156\Documents\Visual Studio 2010\Projects\WeiXinCqe\WeiXinCqe\class\OracleOperateHelp.cs:行号 53

[2016-08-09 09:54:44]    获取数据库DataTable失败SQL语句为:  SELECT1   A.TAX_OUT,A.PAY_TAX,(A.SUM_PAY- A.SB_OUT- A.GJJ_OUT- A.OFF_DUTY_OUT- A.PERFECT_ATTENDANCE_OUT) AS S_PAY_TAX,A.V_GJJ_TAX,A.GJJ_OUT,B.UPPON,A.V_TAX_BLEVEL,A.V_TAX_RATE,A.V_TAX_SUBTRACT,A.V_TAX_CFROM,A.V_TAX_CTO,B.BLEVEL,(B.RATE||'%') AS RATE,B.SUBTRACT,B.CFROM,B.CTO FROM STAFF_SALARY_XL A LEFT JOIN SLR_IRPEF_MONTH B ON A.YYYYMM=B.YYYYMM WHERE A.STAFFID='092156' AND A.YYYYMM='2016-07'  ORDER BY B.BLEVEL错误原因:System.Data.OracleClient.OracleException (0x80131938): ORA-00900: 无效 SQL 语句

   在 System.Data.OracleClient.OracleConnection.CheckError(OciErrorHandle errorHandle, Int32 rc)
   在 System.Data.OracleClient.OracleCommand.Execute(OciStatementHandle statementHandle, CommandBehavior behavior, Boolean needRowid, OciRowidDescriptor& rowidDescriptor, ArrayList& resultParameterOrdinals)
   在 System.Data.OracleClient.OracleCommand.Execute(OciStatementHandle statementHandle, CommandBehavior behavior, ArrayList& resultParameterOrdinals)
   在 System.Data.OracleClient.OracleCommand.ExecuteReader(CommandBehavior behavior)
   在 System.Data.OracleClient.OracleCommand.ExecuteDbDataReader(CommandBehavior behavior)
   在 System.Data.Common.DbCommand.System.Data.IDbCommand.ExecuteReader(CommandBehavior behavior)
   在 System.Data.Common.DbDataAdapter.FillInternal(DataSet dataset, DataTable[] datatables, Int32 startRecord, Int32 maxRecords, String srcTable, IDbCommand command, CommandBehavior behavior)
   在 System.Data.Common.DbDataAdapter.Fill(DataTable[] dataTables, Int32 startRecord, Int32 maxRecords, IDbCommand command, CommandBehavior behavior)
   在 System.Data.Common.DbDataAdapter.Fill(DataTable dataTable)
   在 WeiXinCqe.OracleOperateHelp.ExecuteDataTable(String connectionString, CommandType cmdType, String cmdText, OracleParameter[] commandParameters) 位置 C:\Users\cqe092156\Documents\Visual Studio 2010\Projects\WeiXinCqe\WeiXinCqe\class\OracleOperateHelp.cs:行号 106
   在 WeiXinCqe.OracleOperateHelp.getDataTable(String sql) 位置 C:\Users\cqe092156\Documents\Visual Studio 2010\Projects\WeiXinCqe\WeiXinCqe\class\OracleOperateHelp.cs:行号 53

[2016-08-09 13:54:58]    获取数据库DataTable失败SQL语句为:错误原因:System.InvalidOperationException: CommandText 属性尚未初始化。
   在 System.Data.OracleClient.OracleCommand.get_StatementText()
   在 System.Data.OracleClient.OracleCommand.Execute(OciStatementHandle statementHandle, CommandBehavior behavior, Boolean needRowid, OciRowidDescriptor& rowidDescriptor, ArrayList& resultParameterOrdinals)
   在 System.Data.OracleClient.OracleCommand.Execute(OciStatementHandle statementHandle, CommandBehavior behavior, ArrayList& resultParameterOrdinals)
   在 System.Data.OracleClient.OracleCommand.ExecuteReader(CommandBehavior behavior)
   在 System.Data.OracleClient.OracleCommand.ExecuteDbDataReader(CommandBehavior behavior)
   在 System.Data.Common.DbCommand.System.Data.IDbCommand.ExecuteReader(CommandBehavior behavior)
   在 System.Data.Common.DbDataAdapter.FillInternal(DataSet dataset, DataTable[] datatables, Int32 startRecord, Int32 maxRecords, String srcTable, IDbCommand command, CommandBehavior behavior)
   在 System.Data.Common.DbDataAdapter.Fill(DataTable[] dataTables, Int32 startRecord, Int32 maxRecords, IDbCommand command, CommandBehavior behavior)
   在 System.Data.Common.DbDataAdapter.Fill(DataTable dataTable)
   在 WeiXinCqe.OracleOperateHelp.ExecuteDataTable(String connectionString, CommandType cmdType, String cmdText, OracleParameter[] commandParameters) 位置 C:\Users\cqe092156\Documents\Visual Studio 2010\Projects\WeiXinCqe\WeiXinCqe\class\OracleOperateHelp.cs:行号 106
   在 WeiXinCqe.OracleOperateHelp.getDataTable(String sql) 位置 C:\Users\cqe092156\Documents\Visual Studio 2010\Projects\WeiXinCqe\WeiXinCqe\class\OracleOperateHelp.cs:行号 53

[2016-08-09 13:55:42]    获取数据库DataTable失败SQL语句为:错误原因:System.InvalidOperationException: CommandText 属性尚未初始化。
   在 System.Data.OracleClient.OracleCommand.get_StatementText()
   在 System.Data.OracleClient.OracleCommand.Execute(OciStatementHandle statementHandle, CommandBehavior behavior, Boolean needRowid, OciRowidDescriptor& rowidDescriptor, ArrayList& resultParameterOrdinals)
   在 System.Data.OracleClient.OracleCommand.Execute(OciStatementHandle statementHandle, CommandBehavior behavior, ArrayList& resultParameterOrdinals)
   在 System.Data.OracleClient.OracleCommand.ExecuteReader(CommandBehavior behavior)
   在 System.Data.OracleClient.OracleCommand.ExecuteDbDataReader(CommandBehavior behavior)
   在 System.Data.Common.DbCommand.System.Data.IDbCommand.ExecuteReader(CommandBehavior behavior)
   在 System.Data.Common.DbDataAdapter.FillInternal(DataSet dataset, DataTable[] datatables, Int32 startRecord, Int32 maxRecords, String srcTable, IDbCommand command, CommandBehavior behavior)
   在 System.Data.Common.DbDataAdapter.Fill(DataTable[] dataTables, Int32 startRecord, Int32 maxRecords, IDbCommand command, CommandBehavior behavior)
   在 System.Data.Common.DbDataAdapter.Fill(DataTable dataTable)
   在 WeiXinCqe.OracleOperateHelp.ExecuteDataTable(String connectionString, CommandType cmdType, String cmdText, OracleParameter[] commandParameters) 位置 C:\Users\cqe092156\Documents\Visual Studio 2010\Projects\WeiXinCqe\WeiXinCqe\class\OracleOperateHelp.cs:行号 106
   在 WeiXinCqe.OracleOperateHelp.getDataTable(String sql) 位置 C:\Users\cqe092156\Documents\Visual Studio 2010\Projects\WeiXinCqe\WeiXinCqe\class\OracleOperateHelp.cs:行号 53

[2016-08-09 15:10:16]    获取数据库DataTable失败SQL语句为:   A.YYYYMM,A.STAFFID,RANK,TO_CHAR(DATE_IN,'YYYY-MM-DD') AS DATE_IN,TO_CHAR(ADD_MONTHS(DATE_IN,2)-1,'YYYY-MM-DD') AS DATE_TEST,TO_CHAR(DATE_OUT,'YYYY-MM-DD') AS DATE_OUT,BASE_PAY_JS,(BACK1 +BACK4+ V_OFF_DUTY) AS SUMOUT,(ON_DUTY + PUBLIC_LEAVE) AS SUMIN,OFF_DUTY_OUT,TO_CHAR(C.BEGIN_DATE,'YYYY-MM-DD') AS BEGIN_DATE,TO_CHAR(C.END_DATE,'YYYY-MM-DD') AS END_DATE,NVL(B.STAFFID,'') AS NOSTAFF  FROM STAFF_SALARY_XL A LEFT JOIN STAFF_NO_PROBATION_PERIOD B ON A.STAFFID =B.STAFFID  LEFT JOIN SLR_INTERVAL C ON A.YYYYMM=C.YYYYMM  WHERE      A.STAFFID='130408' AND A.YYYYMM='2016-07'错误原因:System.Data.OracleClient.OracleException (0x80131938): ORA-00900: 无效 SQL 语句

   在 System.Data.OracleClient.OracleConnection.CheckError(OciErrorHandle errorHandle, Int32 rc)
   在 System.Data.OracleClient.OracleCommand.Execute(OciStatementHandle statementHandle, CommandBehavior behavior, Boolean needRowid, OciRowidDescriptor& rowidDescriptor, ArrayList& resultParameterOrdinals)
   在 System.Data.OracleClient.OracleCommand.Execute(OciStatementHandle statementHandle, CommandBehavior behavior, ArrayList& resultParameterOrdinals)
   在 System.Data.OracleClient.OracleCommand.ExecuteReader(CommandBehavior behavior)
   在 System.Data.OracleClient.OracleCommand.ExecuteDbDataReader(CommandBehavior behavior)
   在 System.Data.Common.DbCommand.System.Data.IDbCommand.ExecuteReader(CommandBehavior behavior)
   在 System.Data.Common.DbDataAdapter.FillInternal(DataSet dataset, DataTable[] datatables, Int32 startRecord, Int32 maxRecords, String srcTable, IDbCommand command, CommandBehavior behavior)
   在 System.Data.Common.DbDataAdapter.Fill(DataTable[] dataTables, Int32 startRecord, Int32 maxRecords, IDbCommand command, CommandBehavior behavior)
   在 System.Data.Common.DbDataAdapter.Fill(DataTable dataTable)
   在 WeiXinCqe.OracleOperateHelp.ExecuteDataTable(String connectionString, CommandType cmdType, String cmdText, OracleParameter[] commandParameters) 位置 C:\Users\cqe092156\Documents\Visual Studio 2010\Projects\WeiXinCqe\WeiXinCqe\class\OracleOperateHelp.cs:行号 106
   在 WeiXinCqe.OracleOperateHelp.getDataTable(String sql) 位置 C:\Users\cqe092156\Documents\Visual Studio 2010\Projects\WeiXinCqe\WeiXinCqe\class\OracleOperateHelp.cs:行号 53

[2016-08-09 15:10:58]    获取数据库DataTable失败SQL语句为:   A.YYYYMM,A.STAFFID,RANK,TO_CHAR(DATE_IN,'YYYY-MM-DD') AS DATE_IN,TO_CHAR(ADD_MONTHS(DATE_IN,2)-1,'YYYY-MM-DD') AS DATE_TEST,TO_CHAR(DATE_OUT,'YYYY-MM-DD') AS DATE_OUT,BASE_PAY_JS,(BACK1 +BACK4+ V_OFF_DUTY) AS SUMOUT,(ON_DUTY + PUBLIC_LEAVE) AS SUMIN,OFF_DUTY_OUT,TO_CHAR(C.BEGIN_DATE,'YYYY-MM-DD') AS BEGIN_DATE,TO_CHAR(C.END_DATE,'YYYY-MM-DD') AS END_DATE,NVL(B.STAFFID,'') AS NOSTAFF  FROM STAFF_SALARY_XL A LEFT JOIN STAFF_NO_PROBATION_PERIOD B ON A.STAFFID =B.STAFFID  LEFT JOIN SLR_INTERVAL C ON A.YYYYMM=C.YYYYMM  WHERE      A.STAFFID='130408' AND A.YYYYMM='2016-07'错误原因:System.Data.OracleClient.OracleException (0x80131938): ORA-00900: 无效 SQL 语句

   在 System.Data.OracleClient.OracleConnection.CheckError(OciErrorHandle errorHandle, Int32 rc)
   在 System.Data.OracleClient.OracleCommand.Execute(OciStatementHandle statementHandle, CommandBehavior behavior, Boolean needRowid, OciRowidDescriptor& rowidDescriptor, ArrayList& resultParameterOrdinals)
   在 System.Data.OracleClient.OracleCommand.Execute(OciStatementHandle statementHandle, CommandBehavior behavior, ArrayList& resultParameterOrdinals)
   在 System.Data.OracleClient.OracleCommand.ExecuteReader(CommandBehavior behavior)
   在 System.Data.OracleClient.OracleCommand.ExecuteDbDataReader(CommandBehavior behavior)
   在 System.Data.Common.DbCommand.System.Data.IDbCommand.ExecuteReader(CommandBehavior behavior)
   在 System.Data.Common.DbDataAdapter.FillInternal(DataSet dataset, DataTable[] datatables, Int32 startRecord, Int32 maxRecords, String srcTable, IDbCommand command, CommandBehavior behavior)
   在 System.Data.Common.DbDataAdapter.Fill(DataTable[] dataTables, Int32 startRecord, Int32 maxRecords, IDbCommand command, CommandBehavior behavior)
   在 System.Data.Common.DbDataAdapter.Fill(DataTable dataTable)
   在 WeiXinCqe.OracleOperateHelp.ExecuteDataTable(String connectionString, CommandType cmdType, String cmdText, OracleParameter[] commandParameters) 位置 C:\Users\cqe092156\Documents\Visual Studio 2010\Projects\WeiXinCqe\WeiXinCqe\class\OracleOperateHelp.cs:行号 106
   在 WeiXinCqe.OracleOperateHelp.getDataTable(String sql) 位置 C:\Users\cqe092156\Documents\Visual Studio 2010\Projects\WeiXinCqe\WeiXinCqe\class\OracleOperateHelp.cs:行号 53

