[2016-07-11 09:22:56]    {"access_token":"vdQpftJINIetAZgjbvLQ0X5Q4hgcFvJ9rt6Vffuc0nNa_cASP56pSJYpqgvyLXQB","expires_in":7200}

[2016-07-11 09:23:27]    default2accesstoken:=vdQpftJINIetAZgjbvLQ0X5Q4hgcFvJ9rt6Vffuc0nNa_cASP56pSJYpqgvyLXQBCreateTime:=2016-07-11 09:22:56Expires_In:=7200Expired:=False   default2:1

[2016-07-11 09:27:08]    {"access_token":"vdQpftJINIetAZgjbvLQ0X5Q4hgcFvJ9rt6Vffuc0nNa_cASP56pSJYpqgvyLXQB","expires_in":7200}

[2016-07-11 09:29:26]    {"access_token":"vdQpftJINIetAZgjbvLQ0X5Q4hgcFvJ9rt6Vffuc0nNa_cASP56pSJYpqgvyLXQB","expires_in":7200}

[2016-07-11 09:35:22]    default1accesstoken:=vdQpftJINIetAZgjbvLQ0X5Q4hgcFvJ9rt6Vffuc0nNa_cASP56pSJYpqgvyLXQBCreateTime:=2016-07-11 09:29:26Expires_In:=7200Expired:=False   default1:1

[2016-07-11 09:36:12]    {"access_token":"vdQpftJINIetAZgjbvLQ0X5Q4hgcFvJ9rt6Vffuc0nNa_cASP56pSJYpqgvyLXQB","expires_in":7200}

[2016-07-11 09:37:15]    default2accesstoken:=vdQpftJINIetAZgjbvLQ0X5Q4hgcFvJ9rt6Vffuc0nNa_cASP56pSJYpqgvyLXQBCreateTime:=2016-07-11 09:36:12Expires_In:=7200Expired:=False   default2:1

[2016-07-11 09:38:15]    default2accesstoken:=vdQpftJINIetAZgjbvLQ0X5Q4hgcFvJ9rt6Vffuc0nNa_cASP56pSJYpqgvyLXQBCreateTime:=2016-07-11 09:36:12Expires_In:=7200Expired:=False   default2:2

[2016-07-11 09:39:15]    default2accesstoken:=vdQpftJINIetAZgjbvLQ0X5Q4hgcFvJ9rt6Vffuc0nNa_cASP56pSJYpqgvyLXQBCreateTime:=2016-07-11 09:36:12Expires_In:=7200Expired:=False   default2:3

[2016-07-11 09:40:16]    default2accesstoken:=vdQpftJINIetAZgjbvLQ0X5Q4hgcFvJ9rt6Vffuc0nNa_cASP56pSJYpqgvyLXQBCreateTime:=2016-07-11 09:36:12Expires_In:=7200Expired:=False   default2:4

[2016-07-11 09:41:38]    default2accesstoken:=vdQpftJINIetAZgjbvLQ0X5Q4hgcFvJ9rt6Vffuc0nNa_cASP56pSJYpqgvyLXQBCreateTime:=2016-07-11 09:36:12Expires_In:=7200Expired:=False   default2:1

[2016-07-11 09:41:54]    default2accesstoken:=vdQpftJINIetAZgjbvLQ0X5Q4hgcFvJ9rt6Vffuc0nNa_cASP56pSJYpqgvyLXQBCreateTime:=2016-07-11 09:36:12Expires_In:=7200Expired:=False   default2:1

[2016-07-11 09:42:39]    default2accesstoken:=vdQpftJINIetAZgjbvLQ0X5Q4hgcFvJ9rt6Vffuc0nNa_cASP56pSJYpqgvyLXQBCreateTime:=2016-07-11 09:36:12Expires_In:=7200Expired:=False   default2:2

[2016-07-11 09:42:54]    default2accesstoken:=vdQpftJINIetAZgjbvLQ0X5Q4hgcFvJ9rt6Vffuc0nNa_cASP56pSJYpqgvyLXQBCreateTime:=2016-07-11 09:36:12Expires_In:=7200Expired:=False   default2:2

[2016-07-11 09:43:55]    default1accesstoken:=vdQpftJINIetAZgjbvLQ0X5Q4hgcFvJ9rt6Vffuc0nNa_cASP56pSJYpqgvyLXQBCreateTime:=2016-07-11 09:36:12Expires_In:=7200Expired:=False   default1:1

[2016-07-11 09:45:13]    {"access_token":"vdQpftJINIetAZgjbvLQ0X5Q4hgcFvJ9rt6Vffuc0nNa_cASP56pSJYpqgvyLXQB","expires_in":7200}

[2016-07-11 09:45:13]    default1accesstoken:=vdQpftJINIetAZgjbvLQ0X5Q4hgcFvJ9rt6Vffuc0nNa_cASP56pSJYpqgvyLXQBCreateTime:=2016-07-11 09:45:13Expires_In:=7200Expired:=False   default1:1

[2016-07-11 09:45:44]    {"access_token":"vdQpftJINIetAZgjbvLQ0X5Q4hgcFvJ9rt6Vffuc0nNa_cASP56pSJYpqgvyLXQB","expires_in":7200}

[2016-07-11 09:47:13]    {"access_token":"vdQpftJINIetAZgjbvLQ0X5Q4hgcFvJ9rt6Vffuc0nNa_cASP56pSJYpqgvyLXQB","expires_in":7200}

[2016-07-11 09:47:14]    default2accesstoken:=vdQpftJINIetAZgjbvLQ0X5Q4hgcFvJ9rt6Vffuc0nNa_cASP56pSJYpqgvyLXQBCreateTime:=2016-07-11 09:47:13Expires_In:=7200Expired:=False   default2:1

[2016-07-11 11:17:35]    {"access_token":"WdfR3-NQWs87ymg3lxuO3cejXcUrY4bBLo8JaANbM0_EuNXdyCn58TtYiVW6oHAx","expires_in":7200}

[2016-07-11 11:26:49]    default1accesstoken:=WdfR3-NQWs87ymg3lxuO3cejXcUrY4bBLo8JaANbM0_EuNXdyCn58TtYiVW6oHAxCreateTime:=2016-07-11 11:17:34Expires_In:=7200Expired:=False   default1:1

[2016-07-11 11:27:50]    default1accesstoken:=WdfR3-NQWs87ymg3lxuO3cejXcUrY4bBLo8JaANbM0_EuNXdyCn58TtYiVW6oHAxCreateTime:=2016-07-11 11:17:34Expires_In:=7200Expired:=False   default1:2

[2016-07-11 13:40:01]    {"access_token":"1ZaNlgPrajPmhn9bdRPO-c8V1fHAYbSAff42WSm4VWKSNbKq7djv2r0YUEYSCXaB","expires_in":7200}

[2016-07-11 13:40:40]    default2accesstoken:=1ZaNlgPrajPmhn9bdRPO-c8V1fHAYbSAff42WSm4VWKSNbKq7djv2r0YUEYSCXaBCreateTime:=2016-07-11 13:40:00Expires_In:=7200Expired:=False   default2:1

[2016-07-11 16:17:50]    {"errcode":40013,"errmsg":"invalid corpid"}

[2016-07-11 16:17:51]    {"errcode":40013,"errmsg":"invalid corpid"}

[2016-07-11 16:17:51]    {"errcode":40013,"errmsg":"invalid corpid"}

[2016-07-11 16:17:51]    {"errcode":40013,"errmsg":"invalid corpid"}

[2016-07-11 16:17:56]    {"errcode":40013,"errmsg":"invalid corpid"}

[2016-07-11 16:18:13]    default1accesstoken:=CreateTime:=2016-07-11 16:17:51Expires_In:=-1Expired:=True   default1:1

[2016-07-11 16:18:32]    获取数据库oracleuser失败:

[2016-07-11 16:19:45]    {"errcode":40013,"errmsg":"invalid corpid"}

