[2016-07-13 15:23:16]    {"access_token":"2WyHYhgILhj06rNjijey45KuA08JHwVEOaZwkTuej80wNR4wN0eabjVapQerfXG5","expires_in":7200}

[2016-07-13 15:23:17]    default1accesstoken:=2WyHYhgILhj06rNjijey45KuA08JHwVEOaZwkTuej80wNR4wN0eabjVapQerfXG5CreateTime:=2016-07-13 15:23:15Expires_In:=7200Expired:=False   default1:1

[2016-07-13 15:24:17]    default1accesstoken:=2WyHYhgILhj06rNjijey45KuA08JHwVEOaZwkTuej80wNR4wN0eabjVapQerfXG5CreateTime:=2016-07-13 15:23:15Expires_In:=7200Expired:=False   default1:2

[2016-07-13 15:25:18]    default1accesstoken:=2WyHYhgILhj06rNjijey45KuA08JHwVEOaZwkTuej80wNR4wN0eabjVapQerfXG5CreateTime:=2016-07-13 15:23:15Expires_In:=7200Expired:=False   default1:3

[2016-07-13 15:26:19]    default1accesstoken:=2WyHYhgILhj06rNjijey45KuA08JHwVEOaZwkTuej80wNR4wN0eabjVapQerfXG5CreateTime:=2016-07-13 15:23:15Expires_In:=7200Expired:=False   default1:4

[2016-07-13 15:27:20]    default1accesstoken:=2WyHYhgILhj06rNjijey45KuA08JHwVEOaZwkTuej80wNR4wN0eabjVapQerfXG5CreateTime:=2016-07-13 15:23:15Expires_In:=7200Expired:=False   default1:5

[2016-07-13 15:28:21]    default1accesstoken:=2WyHYhgILhj06rNjijey45KuA08JHwVEOaZwkTuej80wNR4wN0eabjVapQerfXG5CreateTime:=2016-07-13 15:23:15Expires_In:=7200Expired:=False   default1:6

[2016-07-13 15:29:22]    default1accesstoken:=2WyHYhgILhj06rNjijey45KuA08JHwVEOaZwkTuej80wNR4wN0eabjVapQerfXG5CreateTime:=2016-07-13 15:23:15Expires_In:=7200Expired:=False   default1:7

[2016-07-13 15:30:22]    {"access_token":"2WyHYhgILhj06rNjijey45KuA08JHwVEOaZwkTuej80wNR4wN0eabjVapQerfXG5","expires_in":7200}

[2016-07-13 15:30:22]    default1accesstoken:=2WyHYhgILhj06rNjijey45KuA08JHwVEOaZwkTuej80wNR4wN0eabjVapQerfXG5CreateTime:=2016-07-13 15:30:22Expires_In:=7200Expired:=False   default1:8

[2016-07-13 15:31:22]    default1accesstoken:=2WyHYhgILhj06rNjijey45KuA08JHwVEOaZwkTuej80wNR4wN0eabjVapQerfXG5CreateTime:=2016-07-13 15:30:22Expires_In:=7200Expired:=False   default1:9

[2016-07-13 15:32:22]    default1accesstoken:=2WyHYhgILhj06rNjijey45KuA08JHwVEOaZwkTuej80wNR4wN0eabjVapQerfXG5CreateTime:=2016-07-13 15:30:22Expires_In:=7200Expired:=False   default1:10

[2016-07-13 15:33:25]    {"access_token":"2WyHYhgILhj06rNjijey45KuA08JHwVEOaZwkTuej80wNR4wN0eabjVapQerfXG5","expires_in":7200}

[2016-07-13 15:33:25]    default1accesstoken:=2WyHYhgILhj06rNjijey45KuA08JHwVEOaZwkTuej80wNR4wN0eabjVapQerfXG5CreateTime:=2016-07-13 15:33:24Expires_In:=7200Expired:=False   default1:11

[2016-07-13 15:34:25]    default1accesstoken:=2WyHYhgILhj06rNjijey45KuA08JHwVEOaZwkTuej80wNR4wN0eabjVapQerfXG5CreateTime:=2016-07-13 15:33:24Expires_In:=7200Expired:=False   default1:12

[2016-07-13 15:35:26]    default1accesstoken:=2WyHYhgILhj06rNjijey45KuA08JHwVEOaZwkTuej80wNR4wN0eabjVapQerfXG5CreateTime:=2016-07-13 15:33:24Expires_In:=7200Expired:=False   default1:13

[2016-07-13 15:36:27]    default1accesstoken:=2WyHYhgILhj06rNjijey45KuA08JHwVEOaZwkTuej80wNR4wN0eabjVapQerfXG5CreateTime:=2016-07-13 15:33:24Expires_In:=7200Expired:=False   default1:14

[2016-07-13 15:37:30]    {"access_token":"2WyHYhgILhj06rNjijey45KuA08JHwVEOaZwkTuej80wNR4wN0eabjVapQerfXG5","expires_in":7200}

[2016-07-13 15:37:30]    default1accesstoken:=2WyHYhgILhj06rNjijey45KuA08JHwVEOaZwkTuej80wNR4wN0eabjVapQerfXG5CreateTime:=2016-07-13 15:37:29Expires_In:=7200Expired:=False   default1:15

[2016-07-13 15:38:30]    default1accesstoken:=2WyHYhgILhj06rNjijey45KuA08JHwVEOaZwkTuej80wNR4wN0eabjVapQerfXG5CreateTime:=2016-07-13 15:37:29Expires_In:=7200Expired:=False   default1:16

[2016-07-13 15:39:31]    default1accesstoken:=2WyHYhgILhj06rNjijey45KuA08JHwVEOaZwkTuej80wNR4wN0eabjVapQerfXG5CreateTime:=2016-07-13 15:37:29Expires_In:=7200Expired:=False   default1:17

[2016-07-13 15:40:32]    default1accesstoken:=2WyHYhgILhj06rNjijey45KuA08JHwVEOaZwkTuej80wNR4wN0eabjVapQerfXG5CreateTime:=2016-07-13 15:37:29Expires_In:=7200Expired:=False   default1:18

[2016-07-13 15:41:34]    {"access_token":"JPB6MDoE8RnjZDQwZjWFa5vzOxihujMCvRycNY13cMd0lr0epVOZ8vjSPvsaUJF0","expires_in":7200}

[2016-07-13 15:41:34]    default1accesstoken:=JPB6MDoE8RnjZDQwZjWFa5vzOxihujMCvRycNY13cMd0lr0epVOZ8vjSPvsaUJF0CreateTime:=2016-07-13 15:41:34Expires_In:=7200Expired:=False   default1:19

[2016-07-13 15:42:34]    default1accesstoken:=JPB6MDoE8RnjZDQwZjWFa5vzOxihujMCvRycNY13cMd0lr0epVOZ8vjSPvsaUJF0CreateTime:=2016-07-13 15:41:34Expires_In:=7200Expired:=False   default1:20

[2016-07-13 15:43:35]    default1accesstoken:=JPB6MDoE8RnjZDQwZjWFa5vzOxihujMCvRycNY13cMd0lr0epVOZ8vjSPvsaUJF0CreateTime:=2016-07-13 15:41:34Expires_In:=7200Expired:=False   default1:21

[2016-07-13 15:44:36]    default1accesstoken:=JPB6MDoE8RnjZDQwZjWFa5vzOxihujMCvRycNY13cMd0lr0epVOZ8vjSPvsaUJF0CreateTime:=2016-07-13 15:41:34Expires_In:=7200Expired:=False   default1:22

[2016-07-13 15:45:37]    default1accesstoken:=JPB6MDoE8RnjZDQwZjWFa5vzOxihujMCvRycNY13cMd0lr0epVOZ8vjSPvsaUJF0CreateTime:=2016-07-13 15:41:34Expires_In:=7200Expired:=False   default1:23

[2016-07-13 15:46:38]    default1accesstoken:=JPB6MDoE8RnjZDQwZjWFa5vzOxihujMCvRycNY13cMd0lr0epVOZ8vjSPvsaUJF0CreateTime:=2016-07-13 15:41:34Expires_In:=7200Expired:=False   default1:24

[2016-07-13 15:47:39]    default1accesstoken:=JPB6MDoE8RnjZDQwZjWFa5vzOxihujMCvRycNY13cMd0lr0epVOZ8vjSPvsaUJF0CreateTime:=2016-07-13 15:41:34Expires_In:=7200Expired:=False   default1:25

[2016-07-13 15:48:40]    default1accesstoken:=JPB6MDoE8RnjZDQwZjWFa5vzOxihujMCvRycNY13cMd0lr0epVOZ8vjSPvsaUJF0CreateTime:=2016-07-13 15:41:34Expires_In:=7200Expired:=False   default1:26

[2016-07-13 15:49:42]    {"access_token":"JPB6MDoE8RnjZDQwZjWFa5vzOxihujMCvRycNY13cMd0lr0epVOZ8vjSPvsaUJF0","expires_in":7200}

[2016-07-13 15:49:42]    default1accesstoken:=JPB6MDoE8RnjZDQwZjWFa5vzOxihujMCvRycNY13cMd0lr0epVOZ8vjSPvsaUJF0CreateTime:=2016-07-13 15:49:42Expires_In:=7200Expired:=False   default1:27

[2016-07-13 15:50:43]    {"access_token":"JPB6MDoE8RnjZDQwZjWFa5vzOxihujMCvRycNY13cMd0lr0epVOZ8vjSPvsaUJF0","expires_in":7200}

[2016-07-13 15:50:43]    default1accesstoken:=JPB6MDoE8RnjZDQwZjWFa5vzOxihujMCvRycNY13cMd0lr0epVOZ8vjSPvsaUJF0CreateTime:=2016-07-13 15:50:42Expires_In:=7200Expired:=False   default1:28

[2016-07-13 15:51:05]    default1accesstoken:=JPB6MDoE8RnjZDQwZjWFa5vzOxihujMCvRycNY13cMd0lr0epVOZ8vjSPvsaUJF0CreateTime:=2016-07-13 15:50:42Expires_In:=7200Expired:=False   default1:1

[2016-07-13 15:51:43]    default1accesstoken:=JPB6MDoE8RnjZDQwZjWFa5vzOxihujMCvRycNY13cMd0lr0epVOZ8vjSPvsaUJF0CreateTime:=2016-07-13 15:50:42Expires_In:=7200Expired:=False   default1:29

[2016-07-13 15:52:06]    default1accesstoken:=JPB6MDoE8RnjZDQwZjWFa5vzOxihujMCvRycNY13cMd0lr0epVOZ8vjSPvsaUJF0CreateTime:=2016-07-13 15:50:42Expires_In:=7200Expired:=False   default1:2

[2016-07-13 15:52:44]    default1accesstoken:=JPB6MDoE8RnjZDQwZjWFa5vzOxihujMCvRycNY13cMd0lr0epVOZ8vjSPvsaUJF0CreateTime:=2016-07-13 15:50:42Expires_In:=7200Expired:=False   default1:30

[2016-07-13 15:53:09]    {"access_token":"JPB6MDoE8RnjZDQwZjWFa5vzOxihujMCvRycNY13cMd0lr0epVOZ8vjSPvsaUJF0","expires_in":7200}

[2016-07-13 15:53:09]    default1accesstoken:=JPB6MDoE8RnjZDQwZjWFa5vzOxihujMCvRycNY13cMd0lr0epVOZ8vjSPvsaUJF0CreateTime:=2016-07-13 15:53:09Expires_In:=7200Expired:=False   default1:3

[2016-07-13 15:53:45]    default1accesstoken:=JPB6MDoE8RnjZDQwZjWFa5vzOxihujMCvRycNY13cMd0lr0epVOZ8vjSPvsaUJF0CreateTime:=2016-07-13 15:53:09Expires_In:=7200Expired:=False   default1:31

[2016-07-13 15:54:09]    default1accesstoken:=JPB6MDoE8RnjZDQwZjWFa5vzOxihujMCvRycNY13cMd0lr0epVOZ8vjSPvsaUJF0CreateTime:=2016-07-13 15:53:09Expires_In:=7200Expired:=False   default1:4

[2016-07-13 15:54:46]    default1accesstoken:=JPB6MDoE8RnjZDQwZjWFa5vzOxihujMCvRycNY13cMd0lr0epVOZ8vjSPvsaUJF0CreateTime:=2016-07-13 15:53:09Expires_In:=7200Expired:=False   default1:32

[2016-07-13 15:55:10]    default1accesstoken:=JPB6MDoE8RnjZDQwZjWFa5vzOxihujMCvRycNY13cMd0lr0epVOZ8vjSPvsaUJF0CreateTime:=2016-07-13 15:53:09Expires_In:=7200Expired:=False   default1:5

[2016-07-13 15:55:47]    default1accesstoken:=JPB6MDoE8RnjZDQwZjWFa5vzOxihujMCvRycNY13cMd0lr0epVOZ8vjSPvsaUJF0CreateTime:=2016-07-13 15:53:09Expires_In:=7200Expired:=False   default1:33

[2016-07-13 15:56:11]    default1accesstoken:=JPB6MDoE8RnjZDQwZjWFa5vzOxihujMCvRycNY13cMd0lr0epVOZ8vjSPvsaUJF0CreateTime:=2016-07-13 15:53:09Expires_In:=7200Expired:=False   default1:6

[2016-07-13 15:56:48]    default1accesstoken:=JPB6MDoE8RnjZDQwZjWFa5vzOxihujMCvRycNY13cMd0lr0epVOZ8vjSPvsaUJF0CreateTime:=2016-07-13 15:53:09Expires_In:=7200Expired:=False   default1:34

[2016-07-13 15:57:12]    default1accesstoken:=JPB6MDoE8RnjZDQwZjWFa5vzOxihujMCvRycNY13cMd0lr0epVOZ8vjSPvsaUJF0CreateTime:=2016-07-13 15:53:09Expires_In:=7200Expired:=False   default1:7

[2016-07-13 15:57:49]    default1accesstoken:=JPB6MDoE8RnjZDQwZjWFa5vzOxihujMCvRycNY13cMd0lr0epVOZ8vjSPvsaUJF0CreateTime:=2016-07-13 15:53:09Expires_In:=7200Expired:=False   default1:35

[2016-07-13 15:58:13]    default1accesstoken:=JPB6MDoE8RnjZDQwZjWFa5vzOxihujMCvRycNY13cMd0lr0epVOZ8vjSPvsaUJF0CreateTime:=2016-07-13 15:53:09Expires_In:=7200Expired:=False   default1:8

[2016-07-13 15:58:50]    default1accesstoken:=JPB6MDoE8RnjZDQwZjWFa5vzOxihujMCvRycNY13cMd0lr0epVOZ8vjSPvsaUJF0CreateTime:=2016-07-13 15:53:09Expires_In:=7200Expired:=False   default1:36

[2016-07-13 15:59:14]    default1accesstoken:=JPB6MDoE8RnjZDQwZjWFa5vzOxihujMCvRycNY13cMd0lr0epVOZ8vjSPvsaUJF0CreateTime:=2016-07-13 15:53:09Expires_In:=7200Expired:=False   default1:9

[2016-07-13 15:59:51]    default1accesstoken:=JPB6MDoE8RnjZDQwZjWFa5vzOxihujMCvRycNY13cMd0lr0epVOZ8vjSPvsaUJF0CreateTime:=2016-07-13 15:53:09Expires_In:=7200Expired:=False   default1:37

[2016-07-13 16:00:15]    default1accesstoken:=JPB6MDoE8RnjZDQwZjWFa5vzOxihujMCvRycNY13cMd0lr0epVOZ8vjSPvsaUJF0CreateTime:=2016-07-13 15:53:09Expires_In:=7200Expired:=False   default1:10

[2016-07-13 16:00:52]    default1accesstoken:=JPB6MDoE8RnjZDQwZjWFa5vzOxihujMCvRycNY13cMd0lr0epVOZ8vjSPvsaUJF0CreateTime:=2016-07-13 15:53:09Expires_In:=7200Expired:=False   default1:38

[2016-07-13 16:01:16]    default1accesstoken:=JPB6MDoE8RnjZDQwZjWFa5vzOxihujMCvRycNY13cMd0lr0epVOZ8vjSPvsaUJF0CreateTime:=2016-07-13 15:53:09Expires_In:=7200Expired:=False   default1:11

[2016-07-13 16:01:54]    default1accesstoken:=JPB6MDoE8RnjZDQwZjWFa5vzOxihujMCvRycNY13cMd0lr0epVOZ8vjSPvsaUJF0CreateTime:=2016-07-13 15:53:09Expires_In:=7200Expired:=False   default1:39

[2016-07-13 16:02:17]    default1accesstoken:=JPB6MDoE8RnjZDQwZjWFa5vzOxihujMCvRycNY13cMd0lr0epVOZ8vjSPvsaUJF0CreateTime:=2016-07-13 15:53:09Expires_In:=7200Expired:=False   default1:12

[2016-07-13 16:02:56]    {"access_token":"JPB6MDoE8RnjZDQwZjWFa5vzOxihujMCvRycNY13cMd0lr0epVOZ8vjSPvsaUJF0","expires_in":7200}

[2016-07-13 16:02:56]    default1accesstoken:=JPB6MDoE8RnjZDQwZjWFa5vzOxihujMCvRycNY13cMd0lr0epVOZ8vjSPvsaUJF0CreateTime:=2016-07-13 16:02:56Expires_In:=7200Expired:=False   default1:40

[2016-07-13 16:53:25]    chongxinhuoqu

