[2016-07-18 14:49:23]    获取数据库DataTable失败SQL语句为:SELECT TOPDEPTNAME,E_DATE,STAFFID,EVALUATE FROM STAFF_EVALUATE  WHERE E_TYPE='升格' AND STATUS ='0' AND STAFFID='092156' UNION ALL SELECT TOPDEPTNAME,E_DATE,STAFFID,EVALUATE FROM STAFF_EVALUATE  WHERE E_TYPE='升格' AND STATUS ='0' AND STAFFID='120045'     ORDER BY TO_DATE(E_DATE||'-01-01','YYYY-MM-DD') DESC错误原因:System.Data.OracleClient.OracleException (0x80131938): ORA-01785: ORDER BY 项必须是 SELECT-list 表达式的数目

   在 System.Data.OracleClient.OracleConnection.CheckError(OciErrorHandle errorHandle, Int32 rc)
   在 System.Data.OracleClient.OracleCommand.Execute(OciStatementHandle statementHandle, CommandBehavior behavior, Boolean needRowid, OciRowidDescriptor& rowidDescriptor, ArrayList& resultParameterOrdinals)
   在 System.Data.OracleClient.OracleCommand.Execute(OciStatementHandle statementHandle, CommandBehavior behavior, ArrayList& resultParameterOrdinals)
   在 System.Data.OracleClient.OracleCommand.ExecuteReader(CommandBehavior behavior)
   在 System.Data.OracleClient.OracleCommand.ExecuteDbDataReader(CommandBehavior behavior)
   在 System.Data.Common.DbCommand.System.Data.IDbCommand.ExecuteReader(CommandBehavior behavior)
   在 System.Data.Common.DbDataAdapter.FillInternal(DataSet dataset, DataTable[] datatables, Int32 startRecord, Int32 maxRecords, String srcTable, IDbCommand command, CommandBehavior behavior)
   在 System.Data.Common.DbDataAdapter.Fill(DataTable[] dataTables, Int32 startRecord, Int32 maxRecords, IDbCommand command, CommandBehavior behavior)
   在 System.Data.Common.DbDataAdapter.Fill(DataTable dataTable)
   在 WeiXinCqe.OracleOperateHelp.ExecuteDataTable(String connectionString, CommandType cmdType, String cmdText, OracleParameter[] commandParameters) 位置 C:\Users\cqe092156\documents\visual studio 2010\Projects\WeiXinCqe\WeiXinCqe\class\OracleOperateHelp.cs:行号 106
   在 WeiXinCqe.OracleOperateHelp.getDataTable(String sql) 位置 C:\Users\cqe092156\documents\visual studio 2010\Projects\WeiXinCqe\WeiXinCqe\class\OracleOperateHelp.cs:行号 53

[2016-07-18 14:49:41]    获取数据库DataTable失败SQL语句为:SELECT TOPDEPTNAME,E_DATE,STAFFID,EVALUATE FROM STAFF_EVALUATE  WHERE E_TYPE='升格' AND STATUS ='0' AND STAFFID='092156'   UNION ALL SELECT TOPDEPTNAME,E_DATE,STAFFID,EVALUATE FROM STAFF_EVALUATE  WHERE E_TYPE='升格' AND STATUS ='0' AND STAFFID='120045'     ORDER BY TO_DATE(E_DATE||'-01-01','YYYY-MM-DD') DESC错误原因:System.Data.OracleClient.OracleException (0x80131938): ORA-01785: ORDER BY 项必须是 SELECT-list 表达式的数目

   在 System.Data.OracleClient.OracleConnection.CheckError(OciErrorHandle errorHandle, Int32 rc)
   在 System.Data.OracleClient.OracleCommand.Execute(OciStatementHandle statementHandle, CommandBehavior behavior, Boolean needRowid, OciRowidDescriptor& rowidDescriptor, ArrayList& resultParameterOrdinals)
   在 System.Data.OracleClient.OracleCommand.Execute(OciStatementHandle statementHandle, CommandBehavior behavior, ArrayList& resultParameterOrdinals)
   在 System.Data.OracleClient.OracleCommand.ExecuteReader(CommandBehavior behavior)
   在 System.Data.OracleClient.OracleCommand.ExecuteDbDataReader(CommandBehavior behavior)
   在 System.Data.Common.DbCommand.System.Data.IDbCommand.ExecuteReader(CommandBehavior behavior)
   在 System.Data.Common.DbDataAdapter.FillInternal(DataSet dataset, DataTable[] datatables, Int32 startRecord, Int32 maxRecords, String srcTable, IDbCommand command, CommandBehavior behavior)
   在 System.Data.Common.DbDataAdapter.Fill(DataTable[] dataTables, Int32 startRecord, Int32 maxRecords, IDbCommand command, CommandBehavior behavior)
   在 System.Data.Common.DbDataAdapter.Fill(DataTable dataTable)
   在 WeiXinCqe.OracleOperateHelp.ExecuteDataTable(String connectionString, CommandType cmdType, String cmdText, OracleParameter[] commandParameters) 位置 C:\Users\cqe092156\documents\visual studio 2010\Projects\WeiXinCqe\WeiXinCqe\class\OracleOperateHelp.cs:行号 106
   在 WeiXinCqe.OracleOperateHelp.getDataTable(String sql) 位置 C:\Users\cqe092156\documents\visual studio 2010\Projects\WeiXinCqe\WeiXinCqe\class\OracleOperateHelp.cs:行号 53

[2016-07-18 14:49:57]    获取数据库DataTable失败SQL语句为:SELECT TOPDEPTNAME,E_DATE,STAFFID,EVALUATE FROM STAFF_EVALUATE  WHERE E_TYPE='升格' AND STATUS ='0' AND STAFFID='092156'   UNION ALL SELECT TOPDEPTNAME,E_DATE,STAFFID,EVALUATE FROM STAFF_EVALUATE  WHERE E_TYPE='升格' AND STATUS ='0' AND STAFFID='120045'     ORDER BY TO_DATE(E_DATE||'-01-01','YYYY-MM-DD') DESC错误原因:System.Data.OracleClient.OracleException (0x80131938): ORA-01785: ORDER BY 项必须是 SELECT-list 表达式的数目

   在 System.Data.OracleClient.OracleConnection.CheckError(OciErrorHandle errorHandle, Int32 rc)
   在 System.Data.OracleClient.OracleCommand.Execute(OciStatementHandle statementHandle, CommandBehavior behavior, Boolean needRowid, OciRowidDescriptor& rowidDescriptor, ArrayList& resultParameterOrdinals)
   在 System.Data.OracleClient.OracleCommand.Execute(OciStatementHandle statementHandle, CommandBehavior behavior, ArrayList& resultParameterOrdinals)
   在 System.Data.OracleClient.OracleCommand.ExecuteReader(CommandBehavior behavior)
   在 System.Data.OracleClient.OracleCommand.ExecuteDbDataReader(CommandBehavior behavior)
   在 System.Data.Common.DbCommand.System.Data.IDbCommand.ExecuteReader(CommandBehavior behavior)
   在 System.Data.Common.DbDataAdapter.FillInternal(DataSet dataset, DataTable[] datatables, Int32 startRecord, Int32 maxRecords, String srcTable, IDbCommand command, CommandBehavior behavior)
   在 System.Data.Common.DbDataAdapter.Fill(DataTable[] dataTables, Int32 startRecord, Int32 maxRecords, IDbCommand command, CommandBehavior behavior)
   在 System.Data.Common.DbDataAdapter.Fill(DataTable dataTable)
   在 WeiXinCqe.OracleOperateHelp.ExecuteDataTable(String connectionString, CommandType cmdType, String cmdText, OracleParameter[] commandParameters) 位置 C:\Users\cqe092156\documents\visual studio 2010\Projects\WeiXinCqe\WeiXinCqe\class\OracleOperateHelp.cs:行号 106
   在 WeiXinCqe.OracleOperateHelp.getDataTable(String sql) 位置 C:\Users\cqe092156\documents\visual studio 2010\Projects\WeiXinCqe\WeiXinCqe\class\OracleOperateHelp.cs:行号 53

[2016-07-18 14:52:16]    获取数据库DataTable失败SQL语句为:SELECT TOPDEPTNAME,E_DATE,STAFFID,EVALUATE FROM STAFF_EVALUATE  WHERE E_TYPE='升格' AND STATUS ='0' AND STAFFID='092156'   UNION ALL SELECT TOPDEPTNAME,E_DATE,STAFFID,EVALUATE FROM STAFF_EVALUATE  WHERE E_TYPE='升格' AND STATUS ='0' AND STAFFID='120045'     ORDER BY TO_DATE(E_DATE||'-01-01','YYYY-MM-DD') DESC错误原因:System.Data.OracleClient.OracleException (0x80131938): ORA-01785: ORDER BY 项必须是 SELECT-list 表达式的数目

   在 System.Data.OracleClient.OracleConnection.CheckError(OciErrorHandle errorHandle, Int32 rc)
   在 System.Data.OracleClient.OracleCommand.Execute(OciStatementHandle statementHandle, CommandBehavior behavior, Boolean needRowid, OciRowidDescriptor& rowidDescriptor, ArrayList& resultParameterOrdinals)
   在 System.Data.OracleClient.OracleCommand.Execute(OciStatementHandle statementHandle, CommandBehavior behavior, ArrayList& resultParameterOrdinals)
   在 System.Data.OracleClient.OracleCommand.ExecuteReader(CommandBehavior behavior)
   在 System.Data.OracleClient.OracleCommand.ExecuteDbDataReader(CommandBehavior behavior)
   在 System.Data.Common.DbCommand.System.Data.IDbCommand.ExecuteReader(CommandBehavior behavior)
   在 System.Data.Common.DbDataAdapter.FillInternal(DataSet dataset, DataTable[] datatables, Int32 startRecord, Int32 maxRecords, String srcTable, IDbCommand command, CommandBehavior behavior)
   在 System.Data.Common.DbDataAdapter.Fill(DataTable[] dataTables, Int32 startRecord, Int32 maxRecords, IDbCommand command, CommandBehavior behavior)
   在 System.Data.Common.DbDataAdapter.Fill(DataTable dataTable)
   在 WeiXinCqe.OracleOperateHelp.ExecuteDataTable(String connectionString, CommandType cmdType, String cmdText, OracleParameter[] commandParameters) 位置 C:\Users\cqe092156\documents\visual studio 2010\Projects\WeiXinCqe\WeiXinCqe\class\OracleOperateHelp.cs:行号 106
   在 WeiXinCqe.OracleOperateHelp.getDataTable(String sql) 位置 C:\Users\cqe092156\documents\visual studio 2010\Projects\WeiXinCqe\WeiXinCqe\class\OracleOperateHelp.cs:行号 53

