[2019-05-15 09:04:49]    获取数据库DataTable失败SQL语句为: SELECT TO_CHAR(WORK_DAY,'YYYY-MM-DD') AS WORK_DAY,TO_CHAR(USE_DATE,'YYYY-MM-DD') AS USE_DATE,(CASE WHEN DINNER_TYPE=3 THEN '晚餐' ELSE '' END) DINNER_TYPE,(CASE FLAG=1 THEN '锁定' ELSE NULL END) FLAG   FROM CS_STAFF_DINNER_MISS WHERE STAFFID='171601'  AND  (WORK_DAY  BETWEEN(SELECT BEGIN_DATE - 1  from SLR_INTERVAL WHERE TO_DATE('2019-5-9', 'YYYY-MM-DD') BETWEEN BEGIN_DATE AND END_DATE ) AND(SELECT END_DATE - 1  from SLR_INTERVAL WHERE TO_DATE('2019-5-9', 'YYYY-MM-DD') BETWEEN BEGIN_DATE AND END_DATE) ) 错误原因:System.Data.OracleClient.OracleException (0x80131938): ORA-00907: missing right parenthesis

   在 System.Data.OracleClient.OracleConnection.CheckError(OciErrorHandle errorHandle, Int32 rc)
   在 System.Data.OracleClient.OracleCommand.Execute(OciStatementHandle statementHandle, CommandBehavior behavior, Boolean needRowid, OciRowidDescriptor& rowidDescriptor, ArrayList& resultParameterOrdinals)
   在 System.Data.OracleClient.OracleCommand.Execute(OciStatementHandle statementHandle, CommandBehavior behavior, ArrayList& resultParameterOrdinals)
   在 System.Data.OracleClient.OracleCommand.ExecuteReader(CommandBehavior behavior)
   在 System.Data.OracleClient.OracleCommand.ExecuteDbDataReader(CommandBehavior behavior)
   在 System.Data.Common.DbCommand.System.Data.IDbCommand.ExecuteReader(CommandBehavior behavior)
   在 System.Data.Common.DbDataAdapter.FillInternal(DataSet dataset, DataTable[] datatables, Int32 startRecord, Int32 maxRecords, String srcTable, IDbCommand command, CommandBehavior behavior)
   在 System.Data.Common.DbDataAdapter.Fill(DataTable[] dataTables, Int32 startRecord, Int32 maxRecords, IDbCommand command, CommandBehavior behavior)
   在 System.Data.Common.DbDataAdapter.Fill(DataTable dataTable)
   在 WeiXinCqe.OracleOperateHelp.ExecuteDataTable(String connectionString, CommandType cmdType, String cmdText, OracleParameter[] commandParameters) 位置 C:\Users\cqe171601\Desktop\WeiXinCqe(M)20190212\WeiXinCqe\class\OracleOperateHelp.cs:行号 106
   在 WeiXinCqe.OracleOperateHelp.getDataTable(String sql) 位置 C:\Users\cqe171601\Desktop\WeiXinCqe(M)20190212\WeiXinCqe\class\OracleOperateHelp.cs:行号 53

[2019-05-15 09:05:15]    获取数据库DataTable失败SQL语句为: SELECT TO_CHAR(WORK_DAY,'YYYY-MM-DD') AS WORK_DAY,TO_CHAR(USE_DATE,'YYYY-MM-DD') AS USE_DATE,(CASE WHEN DINNER_TYPE=3 THEN '晚餐' ELSE '' END) DINNER_TYPE,(CASE FLAG=1 THEN '锁定' ELSE NULL END) FLAG   FROM CS_STAFF_DINNER_MISS WHERE STAFFID='171601'  AND  (WORK_DAY  BETWEEN(SELECT BEGIN_DATE - 1  from SLR_INTERVAL WHERE TO_DATE('2019-05-15', 'YYYY-MM-DD') BETWEEN BEGIN_DATE AND END_DATE ) AND(SELECT END_DATE - 1  from SLR_INTERVAL WHERE TO_DATE('2019-05-15', 'YYYY-MM-DD') BETWEEN BEGIN_DATE AND END_DATE) ) 错误原因:System.Data.OracleClient.OracleException (0x80131938): ORA-00907: missing right parenthesis

   在 System.Data.OracleClient.OracleConnection.CheckError(OciErrorHandle errorHandle, Int32 rc)
   在 System.Data.OracleClient.OracleCommand.Execute(OciStatementHandle statementHandle, CommandBehavior behavior, Boolean needRowid, OciRowidDescriptor& rowidDescriptor, ArrayList& resultParameterOrdinals)
   在 System.Data.OracleClient.OracleCommand.Execute(OciStatementHandle statementHandle, CommandBehavior behavior, ArrayList& resultParameterOrdinals)
   在 System.Data.OracleClient.OracleCommand.ExecuteReader(CommandBehavior behavior)
   在 System.Data.OracleClient.OracleCommand.ExecuteDbDataReader(CommandBehavior behavior)
   在 System.Data.Common.DbCommand.System.Data.IDbCommand.ExecuteReader(CommandBehavior behavior)
   在 System.Data.Common.DbDataAdapter.FillInternal(DataSet dataset, DataTable[] datatables, Int32 startRecord, Int32 maxRecords, String srcTable, IDbCommand command, CommandBehavior behavior)
   在 System.Data.Common.DbDataAdapter.Fill(DataTable[] dataTables, Int32 startRecord, Int32 maxRecords, IDbCommand command, CommandBehavior behavior)
   在 System.Data.Common.DbDataAdapter.Fill(DataTable dataTable)
   在 WeiXinCqe.OracleOperateHelp.ExecuteDataTable(String connectionString, CommandType cmdType, String cmdText, OracleParameter[] commandParameters) 位置 C:\Users\cqe171601\Desktop\WeiXinCqe(M)20190212\WeiXinCqe\class\OracleOperateHelp.cs:行号 106
   在 WeiXinCqe.OracleOperateHelp.getDataTable(String sql) 位置 C:\Users\cqe171601\Desktop\WeiXinCqe(M)20190212\WeiXinCqe\class\OracleOperateHelp.cs:行号 53

[2019-05-15 09:05:42]    获取数据库DataTable失败SQL语句为: SELECT TO_CHAR(WORK_DAY,'YYYY-MM-DD') AS WORK_DAY,TO_CHAR(USE_DATE,'YYYY-MM-DD') AS USE_DATE,(CASE WHEN DINNER_TYPE=3 THEN '晚餐' ELSE '' END) DINNER_TYPE,(CASE FLAG=1 THEN '锁定' ELSE NULL END) FLAG   FROM CS_STAFF_DINNER_MISS WHERE STAFFID='171601'  AND  (WORK_DAY  BETWEEN(SELECT BEGIN_DATE - 1  from SLR_INTERVAL WHERE TO_DATE('2019-05-15', 'YYYY-MM-DD') BETWEEN BEGIN_DATE AND END_DATE ) AND(SELECT END_DATE - 1  from SLR_INTERVAL WHERE TO_DATE('2019-05-15', 'YYYY-MM-DD') BETWEEN BEGIN_DATE AND END_DATE) ) 错误原因:System.Data.OracleClient.OracleException (0x80131938): ORA-00907: missing right parenthesis

   在 System.Data.OracleClient.OracleConnection.CheckError(OciErrorHandle errorHandle, Int32 rc)
   在 System.Data.OracleClient.OracleCommand.Execute(OciStatementHandle statementHandle, CommandBehavior behavior, Boolean needRowid, OciRowidDescriptor& rowidDescriptor, ArrayList& resultParameterOrdinals)
   在 System.Data.OracleClient.OracleCommand.Execute(OciStatementHandle statementHandle, CommandBehavior behavior, ArrayList& resultParameterOrdinals)
   在 System.Data.OracleClient.OracleCommand.ExecuteReader(CommandBehavior behavior)
   在 System.Data.OracleClient.OracleCommand.ExecuteDbDataReader(CommandBehavior behavior)
   在 System.Data.Common.DbCommand.System.Data.IDbCommand.ExecuteReader(CommandBehavior behavior)
   在 System.Data.Common.DbDataAdapter.FillInternal(DataSet dataset, DataTable[] datatables, Int32 startRecord, Int32 maxRecords, String srcTable, IDbCommand command, CommandBehavior behavior)
   在 System.Data.Common.DbDataAdapter.Fill(DataTable[] dataTables, Int32 startRecord, Int32 maxRecords, IDbCommand command, CommandBehavior behavior)
   在 System.Data.Common.DbDataAdapter.Fill(DataTable dataTable)
   在 WeiXinCqe.OracleOperateHelp.ExecuteDataTable(String connectionString, CommandType cmdType, String cmdText, OracleParameter[] commandParameters) 位置 C:\Users\cqe171601\Desktop\WeiXinCqe(M)20190212\WeiXinCqe\class\OracleOperateHelp.cs:行号 106
   在 WeiXinCqe.OracleOperateHelp.getDataTable(String sql) 位置 C:\Users\cqe171601\Desktop\WeiXinCqe(M)20190212\WeiXinCqe\class\OracleOperateHelp.cs:行号 53

[2019-05-15 09:05:47]    获取数据库DataTable失败SQL语句为: SELECT TO_CHAR(WORK_DAY,'YYYY-MM-DD') AS WORK_DAY,TO_CHAR(USE_DATE,'YYYY-MM-DD') AS USE_DATE,(CASE WHEN DINNER_TYPE=3 THEN '晚餐' ELSE '' END) DINNER_TYPE,(CASE FLAG=1 THEN 2 ELSE NULL END) FLAG   FROM CS_STAFF_DINNER_MISS WHERE STAFFID='171601'  AND  (WORK_DAY  BETWEEN(SELECT BEGIN_DATE - 1  from SLR_INTERVAL WHERE TO_DATE('2019-05-15', 'YYYY-MM-DD') BETWEEN BEGIN_DATE AND END_DATE ) AND(SELECT END_DATE - 1  from SLR_INTERVAL WHERE TO_DATE('2019-05-15', 'YYYY-MM-DD') BETWEEN BEGIN_DATE AND END_DATE) ) 错误原因:System.Data.OracleClient.OracleException (0x80131938): ORA-00907: missing right parenthesis

   在 System.Data.OracleClient.OracleConnection.CheckError(OciErrorHandle errorHandle, Int32 rc)
   在 System.Data.OracleClient.OracleCommand.Execute(OciStatementHandle statementHandle, CommandBehavior behavior, Boolean needRowid, OciRowidDescriptor& rowidDescriptor, ArrayList& resultParameterOrdinals)
   在 System.Data.OracleClient.OracleCommand.Execute(OciStatementHandle statementHandle, CommandBehavior behavior, ArrayList& resultParameterOrdinals)
   在 System.Data.OracleClient.OracleCommand.ExecuteReader(CommandBehavior behavior)
   在 System.Data.OracleClient.OracleCommand.ExecuteDbDataReader(CommandBehavior behavior)
   在 System.Data.Common.DbCommand.System.Data.IDbCommand.ExecuteReader(CommandBehavior behavior)
   在 System.Data.Common.DbDataAdapter.FillInternal(DataSet dataset, DataTable[] datatables, Int32 startRecord, Int32 maxRecords, String srcTable, IDbCommand command, CommandBehavior behavior)
   在 System.Data.Common.DbDataAdapter.Fill(DataTable[] dataTables, Int32 startRecord, Int32 maxRecords, IDbCommand command, CommandBehavior behavior)
   在 System.Data.Common.DbDataAdapter.Fill(DataTable dataTable)
   在 WeiXinCqe.OracleOperateHelp.ExecuteDataTable(String connectionString, CommandType cmdType, String cmdText, OracleParameter[] commandParameters) 位置 C:\Users\cqe171601\Desktop\WeiXinCqe(M)20190212\WeiXinCqe\class\OracleOperateHelp.cs:行号 106
   在 WeiXinCqe.OracleOperateHelp.getDataTable(String sql) 位置 C:\Users\cqe171601\Desktop\WeiXinCqe(M)20190212\WeiXinCqe\class\OracleOperateHelp.cs:行号 53

[2019-05-15 09:06:38]    获取数据库DataTable失败SQL语句为: SELECT TO_CHAR(WORK_DAY,'YYYY-MM-DD') AS WORK_DAY,TO_CHAR(USE_DATE,'YYYY-MM-DD') AS USE_DATE,(CASE WHEN DINNER_TYPE=3 THEN '晚餐' ELSE '' END) DINNER_TYPE,(CASE FLAG=1 THEN '锁定' ELSE NULL END) FLAG   FROM CS_STAFF_DINNER_MISS WHERE STAFFID='171601'  AND  (WORK_DAY  BETWEEN(SELECT BEGIN_DATE - 1  from SLR_INTERVAL WHERE TO_DATE('2019-05-15', 'YYYY-MM-DD') BETWEEN BEGIN_DATE AND END_DATE ) AND(SELECT END_DATE - 1  from SLR_INTERVAL WHERE TO_DATE('2019-05-15', 'YYYY-MM-DD') BETWEEN BEGIN_DATE AND END_DATE) ) 错误原因:System.Data.OracleClient.OracleException (0x80131938): ORA-00907: missing right parenthesis

   在 System.Data.OracleClient.OracleConnection.CheckError(OciErrorHandle errorHandle, Int32 rc)
   在 System.Data.OracleClient.OracleCommand.Execute(OciStatementHandle statementHandle, CommandBehavior behavior, Boolean needRowid, OciRowidDescriptor& rowidDescriptor, ArrayList& resultParameterOrdinals)
   在 System.Data.OracleClient.OracleCommand.Execute(OciStatementHandle statementHandle, CommandBehavior behavior, ArrayList& resultParameterOrdinals)
   在 System.Data.OracleClient.OracleCommand.ExecuteReader(CommandBehavior behavior)
   在 System.Data.OracleClient.OracleCommand.ExecuteDbDataReader(CommandBehavior behavior)
   在 System.Data.Common.DbCommand.System.Data.IDbCommand.ExecuteReader(CommandBehavior behavior)
   在 System.Data.Common.DbDataAdapter.FillInternal(DataSet dataset, DataTable[] datatables, Int32 startRecord, Int32 maxRecords, String srcTable, IDbCommand command, CommandBehavior behavior)
   在 System.Data.Common.DbDataAdapter.Fill(DataTable[] dataTables, Int32 startRecord, Int32 maxRecords, IDbCommand command, CommandBehavior behavior)
   在 System.Data.Common.DbDataAdapter.Fill(DataTable dataTable)
   在 WeiXinCqe.OracleOperateHelp.ExecuteDataTable(String connectionString, CommandType cmdType, String cmdText, OracleParameter[] commandParameters) 位置 C:\Users\cqe171601\Desktop\WeiXinCqe(M)20190212\WeiXinCqe\class\OracleOperateHelp.cs:行号 106
   在 WeiXinCqe.OracleOperateHelp.getDataTable(String sql) 位置 C:\Users\cqe171601\Desktop\WeiXinCqe(M)20190212\WeiXinCqe\class\OracleOperateHelp.cs:行号 53

