[2019-12-12 14:01:49]    获取数据库DataTable失败SQL语句为:SELECT  A.STAFFID,B.NAME,(CASE WHEN A.STATUS=0 THEN '未回复' WHEN A.STATUS=1 THEN '安全' A.STATUS=2 THEN '危险') STATUS,A.EDITTIME,B.TOPDEPTNAME,B.DEPTLONGNAME,B.MOBILE  FROM EMERGENCY_EVENT_STAFF A LEFT JOIN V_STAFF_INFO_C ON A.STAFFID=B.ID WHERE  B.TOPDEPTNAME='信息系统部'  AND STATUS='0' 错误原因:System.Data.OracleClient.OracleException (0x80131938): ORA-00905: missing keyword

   在 System.Data.OracleClient.OracleConnection.CheckError(OciErrorHandle errorHandle, Int32 rc)
   在 System.Data.OracleClient.OracleCommand.Execute(OciStatementHandle statementHandle, CommandBehavior behavior, Boolean needRowid, OciRowidDescriptor& rowidDescriptor, ArrayList& resultParameterOrdinals)
   在 System.Data.OracleClient.OracleCommand.Execute(OciStatementHandle statementHandle, CommandBehavior behavior, ArrayList& resultParameterOrdinals)
   在 System.Data.OracleClient.OracleCommand.ExecuteReader(CommandBehavior behavior)
   在 System.Data.OracleClient.OracleCommand.ExecuteDbDataReader(CommandBehavior behavior)
   在 System.Data.Common.DbCommand.System.Data.IDbCommand.ExecuteReader(CommandBehavior behavior)
   在 System.Data.Common.DbDataAdapter.FillInternal(DataSet dataset, DataTable[] datatables, Int32 startRecord, Int32 maxRecords, String srcTable, IDbCommand command, CommandBehavior behavior)
   在 System.Data.Common.DbDataAdapter.Fill(DataTable[] dataTables, Int32 startRecord, Int32 maxRecords, IDbCommand command, CommandBehavior behavior)
   在 System.Data.Common.DbDataAdapter.Fill(DataTable dataTable)
   在 WeiXinCqe.OracleOperateHelp.ExecuteDataTable(String connectionString, CommandType cmdType, String cmdText, OracleParameter[] commandParameters) 位置 D:\代码文件\现使用程序代码\WeiXinCqe(M)20190527\WeiXinCqe\class\OracleOperateHelp.cs:行号 106
   在 WeiXinCqe.OracleOperateHelp.getDataTable(String sql) 位置 D:\代码文件\现使用程序代码\WeiXinCqe(M)20190527\WeiXinCqe\class\OracleOperateHelp.cs:行号 53

[2019-12-12 14:02:16]    获取数据库DataTable失败SQL语句为:SELECT  A.STAFFID,B.NAME,(CASE WHEN A.STATUS=0 THEN '未回复' WHEN A.STATUS=1 THEN '安全' A.STATUS=2 THEN '危险') STATUS,A.EDITTIME,B.TOPDEPTNAME,B.DEPTLONGNAME,B.MOBILE  FROM EMERGENCY_EVENT_STAFF A LEFT JOIN V_STAFF_INFO_C ON A.STAFFID=B.ID WHERE  B.TOPDEPTNAME='信息系统部'  AND STATUS=0 错误原因:System.Data.OracleClient.OracleException (0x80131938): ORA-00905: missing keyword

   在 System.Data.OracleClient.OracleConnection.CheckError(OciErrorHandle errorHandle, Int32 rc)
   在 System.Data.OracleClient.OracleCommand.Execute(OciStatementHandle statementHandle, CommandBehavior behavior, Boolean needRowid, OciRowidDescriptor& rowidDescriptor, ArrayList& resultParameterOrdinals)
   在 System.Data.OracleClient.OracleCommand.Execute(OciStatementHandle statementHandle, CommandBehavior behavior, ArrayList& resultParameterOrdinals)
   在 System.Data.OracleClient.OracleCommand.ExecuteReader(CommandBehavior behavior)
   在 System.Data.OracleClient.OracleCommand.ExecuteDbDataReader(CommandBehavior behavior)
   在 System.Data.Common.DbCommand.System.Data.IDbCommand.ExecuteReader(CommandBehavior behavior)
   在 System.Data.Common.DbDataAdapter.FillInternal(DataSet dataset, DataTable[] datatables, Int32 startRecord, Int32 maxRecords, String srcTable, IDbCommand command, CommandBehavior behavior)
   在 System.Data.Common.DbDataAdapter.Fill(DataTable[] dataTables, Int32 startRecord, Int32 maxRecords, IDbCommand command, CommandBehavior behavior)
   在 System.Data.Common.DbDataAdapter.Fill(DataTable dataTable)
   在 WeiXinCqe.OracleOperateHelp.ExecuteDataTable(String connectionString, CommandType cmdType, String cmdText, OracleParameter[] commandParameters) 位置 D:\代码文件\现使用程序代码\WeiXinCqe(M)20190527\WeiXinCqe\class\OracleOperateHelp.cs:行号 106
   在 WeiXinCqe.OracleOperateHelp.getDataTable(String sql) 位置 D:\代码文件\现使用程序代码\WeiXinCqe(M)20190527\WeiXinCqe\class\OracleOperateHelp.cs:行号 53

[2019-12-12 14:04:25]    获取数据库DataTable失败SQL语句为:SELECT  A.STAFFID,B.NAME,(CASE WHEN A.STATUS=0 THEN '未回复' WHEN A.STATUS=1 THEN '安全' A.STATUS=2 THEN '危险' END) STATUS,A.EDITTIME,B.TOPDEPTNAME,B.DEPTLONGNAME,B.MOBILE  FROM EMERGENCY_EVENT_STAFF A LEFT JOIN V_STAFF_INFO_C ON A.STAFFID=B.ID WHERE  B.TOPDEPTNAME='信息系统部'  AND STATUS=0 错误原因:System.Data.OracleClient.OracleException (0x80131938): ORA-00905: missing keyword

   在 System.Data.OracleClient.OracleConnection.CheckError(OciErrorHandle errorHandle, Int32 rc)
   在 System.Data.OracleClient.OracleCommand.Execute(OciStatementHandle statementHandle, CommandBehavior behavior, Boolean needRowid, OciRowidDescriptor& rowidDescriptor, ArrayList& resultParameterOrdinals)
   在 System.Data.OracleClient.OracleCommand.Execute(OciStatementHandle statementHandle, CommandBehavior behavior, ArrayList& resultParameterOrdinals)
   在 System.Data.OracleClient.OracleCommand.ExecuteReader(CommandBehavior behavior)
   在 System.Data.OracleClient.OracleCommand.ExecuteDbDataReader(CommandBehavior behavior)
   在 System.Data.Common.DbCommand.System.Data.IDbCommand.ExecuteReader(CommandBehavior behavior)
   在 System.Data.Common.DbDataAdapter.FillInternal(DataSet dataset, DataTable[] datatables, Int32 startRecord, Int32 maxRecords, String srcTable, IDbCommand command, CommandBehavior behavior)
   在 System.Data.Common.DbDataAdapter.Fill(DataTable[] dataTables, Int32 startRecord, Int32 maxRecords, IDbCommand command, CommandBehavior behavior)
   在 System.Data.Common.DbDataAdapter.Fill(DataTable dataTable)
   在 WeiXinCqe.OracleOperateHelp.ExecuteDataTable(String connectionString, CommandType cmdType, String cmdText, OracleParameter[] commandParameters) 位置 D:\代码文件\现使用程序代码\WeiXinCqe(M)20190527\WeiXinCqe\class\OracleOperateHelp.cs:行号 106
   在 WeiXinCqe.OracleOperateHelp.getDataTable(String sql) 位置 D:\代码文件\现使用程序代码\WeiXinCqe(M)20190527\WeiXinCqe\class\OracleOperateHelp.cs:行号 53

[2019-12-12 14:07:26]    获取数据库DataTable失败SQL语句为: SELECT  A.STAFFID,B.NAME,(CASE WHEN A.STATUS=0 THEN '未回复'  WHEN A.STATUS=1 THEN '安全'  ELSE '危险' END) STATUS,A.EDITTIME,B.TOPDEPTNAME,B.DEPTLONGNAME,B.MOBILE  FROM EMERGENCY_EVENT_STAFF A  LEFT JOIN V_STAFF_INFO_C B ON A.STAFFID=B.ID WHERE  B.TOPDEPTNAME='信息系统部'  AND STATUS=0 错误原因:System.Data.OracleClient.OracleException (0x80131938): ORA-00918: column ambiguously defined

   在 System.Data.OracleClient.OracleConnection.CheckError(OciErrorHandle errorHandle, Int32 rc)
   在 System.Data.OracleClient.OracleCommand.Execute(OciStatementHandle statementHandle, CommandBehavior behavior, Boolean needRowid, OciRowidDescriptor& rowidDescriptor, ArrayList& resultParameterOrdinals)
   在 System.Data.OracleClient.OracleCommand.Execute(OciStatementHandle statementHandle, CommandBehavior behavior, ArrayList& resultParameterOrdinals)
   在 System.Data.OracleClient.OracleCommand.ExecuteReader(CommandBehavior behavior)
   在 System.Data.OracleClient.OracleCommand.ExecuteDbDataReader(CommandBehavior behavior)
   在 System.Data.Common.DbCommand.System.Data.IDbCommand.ExecuteReader(CommandBehavior behavior)
   在 System.Data.Common.DbDataAdapter.FillInternal(DataSet dataset, DataTable[] datatables, Int32 startRecord, Int32 maxRecords, String srcTable, IDbCommand command, CommandBehavior behavior)
   在 System.Data.Common.DbDataAdapter.Fill(DataTable[] dataTables, Int32 startRecord, Int32 maxRecords, IDbCommand command, CommandBehavior behavior)
   在 System.Data.Common.DbDataAdapter.Fill(DataTable dataTable)
   在 WeiXinCqe.OracleOperateHelp.ExecuteDataTable(String connectionString, CommandType cmdType, String cmdText, OracleParameter[] commandParameters) 位置 D:\代码文件\现使用程序代码\WeiXinCqe(M)20190527\WeiXinCqe\class\OracleOperateHelp.cs:行号 106
   在 WeiXinCqe.OracleOperateHelp.getDataTable(String sql) 位置 D:\代码文件\现使用程序代码\WeiXinCqe(M)20190527\WeiXinCqe\class\OracleOperateHelp.cs:行号 53

