[2020-05-19 09:03:09]    获取数据库DataTable失败SQL语句为:S SELECT CHARGER1,D.ORDERID || (CASE WHEN  B.TECH_POST ='主管技师' THEN 9  WHEN B.TECH_POST='技师' THEN 4 WHEN B.TECH_POST='主任技师' THEN 7 ELSE NULL END) POST1 , CHARGER2,E.ORDERID || (CASE WHEN  C.TECH_POST ='主管技师' THEN 9  WHEN C.TECH_POST='技师' THEN 4 WHEN C.TECH_POST='主任技师' THEN 7 ELSE NULL END) POST2 FROM BASE_DEPT A  LEFT JOIN BASE_STAFF B ON A.CHARGER1=B.ID LEFT JOIN BASE_STAFF C ON A.CHARGER2= C.ID   LEFT JOIN BASE_POST D ON D.NAME=B.POST LEFT JOIN BASE_POST E ON E.NAME= C.POST WHERE  CODE='0000' 错误原因:System.Data.OracleClient.OracleException (0x80131938): ORA-00900: invalid SQL statement

   在 System.Data.OracleClient.OracleConnection.CheckError(OciErrorHandle errorHandle, Int32 rc)
   在 System.Data.OracleClient.OracleCommand.Execute(OciStatementHandle statementHandle, CommandBehavior behavior, Boolean needRowid, OciRowidDescriptor& rowidDescriptor, ArrayList& resultParameterOrdinals)
   在 System.Data.OracleClient.OracleCommand.Execute(OciStatementHandle statementHandle, CommandBehavior behavior, ArrayList& resultParameterOrdinals)
   在 System.Data.OracleClient.OracleCommand.ExecuteReader(CommandBehavior behavior)
   在 System.Data.OracleClient.OracleCommand.ExecuteDbDataReader(CommandBehavior behavior)
   在 System.Data.Common.DbCommand.System.Data.IDbCommand.ExecuteReader(CommandBehavior behavior)
   在 System.Data.Common.DbDataAdapter.FillInternal(DataSet dataset, DataTable[] datatables, Int32 startRecord, Int32 maxRecords, String srcTable, IDbCommand command, CommandBehavior behavior)
   在 System.Data.Common.DbDataAdapter.Fill(DataTable[] dataTables, Int32 startRecord, Int32 maxRecords, IDbCommand command, CommandBehavior behavior)
   在 System.Data.Common.DbDataAdapter.Fill(DataTable dataTable)
   在 WeiXinCqe.OracleOperateHelp.ExecuteDataTable(String connectionString, CommandType cmdType, String cmdText, OracleParameter[] commandParameters) 位置 D:\代码文件\现使用程序代码\WeiXinCqe(MS)20200311\WeiXinCqe\class\OracleOperateHelp.cs:行号 106
   在 WeiXinCqe.OracleOperateHelp.getDataTable(String sql) 位置 D:\代码文件\现使用程序代码\WeiXinCqe(MS)20200311\WeiXinCqe\class\OracleOperateHelp.cs:行号 53

[2020-05-19 09:03:09]    获取数据库DataTable失败SQL语句为:S SELECT CHARGER1,D.ORDERID || (CASE WHEN  B.TECH_POST ='主管技师' THEN 9  WHEN B.TECH_POST='技师' THEN 4 WHEN B.TECH_POST='主任技师' THEN 7 ELSE NULL END) POST1 , CHARGER2,E.ORDERID || (CASE WHEN  C.TECH_POST ='主管技师' THEN 9  WHEN C.TECH_POST='技师' THEN 4 WHEN C.TECH_POST='主任技师' THEN 7 ELSE NULL END) POST2 FROM BASE_DEPT A  LEFT JOIN BASE_STAFF B ON A.CHARGER1=B.ID LEFT JOIN BASE_STAFF C ON A.CHARGER2= C.ID   LEFT JOIN BASE_POST D ON D.NAME=B.POST LEFT JOIN BASE_POST E ON E.NAME= C.POST WHERE  CODE='35923813' 错误原因:System.Data.OracleClient.OracleException (0x80131938): ORA-00900: invalid SQL statement

   在 System.Data.OracleClient.OracleConnection.CheckError(OciErrorHandle errorHandle, Int32 rc)
   在 System.Data.OracleClient.OracleCommand.Execute(OciStatementHandle statementHandle, CommandBehavior behavior, Boolean needRowid, OciRowidDescriptor& rowidDescriptor, ArrayList& resultParameterOrdinals)
   在 System.Data.OracleClient.OracleCommand.Execute(OciStatementHandle statementHandle, CommandBehavior behavior, ArrayList& resultParameterOrdinals)
   在 System.Data.OracleClient.OracleCommand.ExecuteReader(CommandBehavior behavior)
   在 System.Data.OracleClient.OracleCommand.ExecuteDbDataReader(CommandBehavior behavior)
   在 System.Data.Common.DbCommand.System.Data.IDbCommand.ExecuteReader(CommandBehavior behavior)
   在 System.Data.Common.DbDataAdapter.FillInternal(DataSet dataset, DataTable[] datatables, Int32 startRecord, Int32 maxRecords, String srcTable, IDbCommand command, CommandBehavior behavior)
   在 System.Data.Common.DbDataAdapter.Fill(DataTable[] dataTables, Int32 startRecord, Int32 maxRecords, IDbCommand command, CommandBehavior behavior)
   在 System.Data.Common.DbDataAdapter.Fill(DataTable dataTable)
   在 WeiXinCqe.OracleOperateHelp.ExecuteDataTable(String connectionString, CommandType cmdType, String cmdText, OracleParameter[] commandParameters) 位置 D:\代码文件\现使用程序代码\WeiXinCqe(MS)20200311\WeiXinCqe\class\OracleOperateHelp.cs:行号 106
   在 WeiXinCqe.OracleOperateHelp.getDataTable(String sql) 位置 D:\代码文件\现使用程序代码\WeiXinCqe(MS)20200311\WeiXinCqe\class\OracleOperateHelp.cs:行号 53

[2020-05-19 09:03:09]    获取数据库DataTable失败SQL语句为:S SELECT CHARGER1,D.ORDERID || (CASE WHEN  B.TECH_POST ='主管技师' THEN 9  WHEN B.TECH_POST='技师' THEN 4 WHEN B.TECH_POST='主任技师' THEN 7 ELSE NULL END) POST1 , CHARGER2,E.ORDERID || (CASE WHEN  C.TECH_POST ='主管技师' THEN 9  WHEN C.TECH_POST='技师' THEN 4 WHEN C.TECH_POST='主任技师' THEN 7 ELSE NULL END) POST2 FROM BASE_DEPT A  LEFT JOIN BASE_STAFF B ON A.CHARGER1=B.ID LEFT JOIN BASE_STAFF C ON A.CHARGER2= C.ID   LEFT JOIN BASE_POST D ON D.NAME=B.POST LEFT JOIN BASE_POST E ON E.NAME= C.POST WHERE  CODE='381335953596' 错误原因:System.Data.OracleClient.OracleException (0x80131938): ORA-00900: invalid SQL statement

   在 System.Data.OracleClient.OracleConnection.CheckError(OciErrorHandle errorHandle, Int32 rc)
   在 System.Data.OracleClient.OracleCommand.Execute(OciStatementHandle statementHandle, CommandBehavior behavior, Boolean needRowid, OciRowidDescriptor& rowidDescriptor, ArrayList& resultParameterOrdinals)
   在 System.Data.OracleClient.OracleCommand.Execute(OciStatementHandle statementHandle, CommandBehavior behavior, ArrayList& resultParameterOrdinals)
   在 System.Data.OracleClient.OracleCommand.ExecuteReader(CommandBehavior behavior)
   在 System.Data.OracleClient.OracleCommand.ExecuteDbDataReader(CommandBehavior behavior)
   在 System.Data.Common.DbCommand.System.Data.IDbCommand.ExecuteReader(CommandBehavior behavior)
   在 System.Data.Common.DbDataAdapter.FillInternal(DataSet dataset, DataTable[] datatables, Int32 startRecord, Int32 maxRecords, String srcTable, IDbCommand command, CommandBehavior behavior)
   在 System.Data.Common.DbDataAdapter.Fill(DataTable[] dataTables, Int32 startRecord, Int32 maxRecords, IDbCommand command, CommandBehavior behavior)
   在 System.Data.Common.DbDataAdapter.Fill(DataTable dataTable)
   在 WeiXinCqe.OracleOperateHelp.ExecuteDataTable(String connectionString, CommandType cmdType, String cmdText, OracleParameter[] commandParameters) 位置 D:\代码文件\现使用程序代码\WeiXinCqe(MS)20200311\WeiXinCqe\class\OracleOperateHelp.cs:行号 106
   在 WeiXinCqe.OracleOperateHelp.getDataTable(String sql) 位置 D:\代码文件\现使用程序代码\WeiXinCqe(MS)20200311\WeiXinCqe\class\OracleOperateHelp.cs:行号 53

[2020-05-19 09:12:11]    获取数据库DataTable失败SQL语句为:S SELECT CHARGER1,D.ORDERID || (CASE WHEN  B.TECH_POST ='主管技师' THEN 9  WHEN B.TECH_POST='技师' THEN 4 WHEN B.TECH_POST='主任技师' THEN 7 ELSE NULL END) POST1 , CHARGER2,E.ORDERID || (CASE WHEN  C.TECH_POST ='主管技师' THEN 9  WHEN C.TECH_POST='技师' THEN 4 WHEN C.TECH_POST='主任技师' THEN 7 ELSE NULL END) POST2 FROM BASE_DEPT A  LEFT JOIN BASE_STAFF B ON A.CHARGER1=B.ID LEFT JOIN BASE_STAFF C ON A.CHARGER2= C.ID   LEFT JOIN BASE_POST D ON D.NAME=B.POST LEFT JOIN BASE_POST E ON E.NAME= C.POST WHERE  CODE='5359' 错误原因:System.Data.OracleClient.OracleException (0x80131938): ORA-00900: invalid SQL statement

   在 System.Data.OracleClient.OracleConnection.CheckError(OciErrorHandle errorHandle, Int32 rc)
   在 System.Data.OracleClient.OracleCommand.Execute(OciStatementHandle statementHandle, CommandBehavior behavior, Boolean needRowid, OciRowidDescriptor& rowidDescriptor, ArrayList& resultParameterOrdinals)
   在 System.Data.OracleClient.OracleCommand.Execute(OciStatementHandle statementHandle, CommandBehavior behavior, ArrayList& resultParameterOrdinals)
   在 System.Data.OracleClient.OracleCommand.ExecuteReader(CommandBehavior behavior)
   在 System.Data.OracleClient.OracleCommand.ExecuteDbDataReader(CommandBehavior behavior)
   在 System.Data.Common.DbCommand.System.Data.IDbCommand.ExecuteReader(CommandBehavior behavior)
   在 System.Data.Common.DbDataAdapter.FillInternal(DataSet dataset, DataTable[] datatables, Int32 startRecord, Int32 maxRecords, String srcTable, IDbCommand command, CommandBehavior behavior)
   在 System.Data.Common.DbDataAdapter.Fill(DataTable[] dataTables, Int32 startRecord, Int32 maxRecords, IDbCommand command, CommandBehavior behavior)
   在 System.Data.Common.DbDataAdapter.Fill(DataTable dataTable)
   在 WeiXinCqe.OracleOperateHelp.ExecuteDataTable(String connectionString, CommandType cmdType, String cmdText, OracleParameter[] commandParameters) 位置 D:\代码文件\现使用程序代码\WeiXinCqe(MS)20200311\WeiXinCqe\class\OracleOperateHelp.cs:行号 106
   在 WeiXinCqe.OracleOperateHelp.getDataTable(String sql) 位置 D:\代码文件\现使用程序代码\WeiXinCqe(MS)20200311\WeiXinCqe\class\OracleOperateHelp.cs:行号 53

[2020-05-19 09:12:11]    获取数据库DataTable失败SQL语句为:S SELECT CHARGER1,D.ORDERID || (CASE WHEN  B.TECH_POST ='主管技师' THEN 9  WHEN B.TECH_POST='技师' THEN 4 WHEN B.TECH_POST='主任技师' THEN 7 ELSE NULL END) POST1 , CHARGER2,E.ORDERID || (CASE WHEN  C.TECH_POST ='主管技师' THEN 9  WHEN C.TECH_POST='技师' THEN 4 WHEN C.TECH_POST='主任技师' THEN 7 ELSE NULL END) POST2 FROM BASE_DEPT A  LEFT JOIN BASE_STAFF B ON A.CHARGER1=B.ID LEFT JOIN BASE_STAFF C ON A.CHARGER2= C.ID   LEFT JOIN BASE_POST D ON D.NAME=B.POST LEFT JOIN BASE_POST E ON E.NAME= C.POST WHERE  CODE='3359' 错误原因:System.Data.OracleClient.OracleException (0x80131938): ORA-00900: invalid SQL statement

   在 System.Data.OracleClient.OracleConnection.CheckError(OciErrorHandle errorHandle, Int32 rc)
   在 System.Data.OracleClient.OracleCommand.Execute(OciStatementHandle statementHandle, CommandBehavior behavior, Boolean needRowid, OciRowidDescriptor& rowidDescriptor, ArrayList& resultParameterOrdinals)
   在 System.Data.OracleClient.OracleCommand.Execute(OciStatementHandle statementHandle, CommandBehavior behavior, ArrayList& resultParameterOrdinals)
   在 System.Data.OracleClient.OracleCommand.ExecuteReader(CommandBehavior behavior)
   在 System.Data.OracleClient.OracleCommand.ExecuteDbDataReader(CommandBehavior behavior)
   在 System.Data.Common.DbCommand.System.Data.IDbCommand.ExecuteReader(CommandBehavior behavior)
   在 System.Data.Common.DbDataAdapter.FillInternal(DataSet dataset, DataTable[] datatables, Int32 startRecord, Int32 maxRecords, String srcTable, IDbCommand command, CommandBehavior behavior)
   在 System.Data.Common.DbDataAdapter.Fill(DataTable[] dataTables, Int32 startRecord, Int32 maxRecords, IDbCommand command, CommandBehavior behavior)
   在 System.Data.Common.DbDataAdapter.Fill(DataTable dataTable)
   在 WeiXinCqe.OracleOperateHelp.ExecuteDataTable(String connectionString, CommandType cmdType, String cmdText, OracleParameter[] commandParameters) 位置 D:\代码文件\现使用程序代码\WeiXinCqe(MS)20200311\WeiXinCqe\class\OracleOperateHelp.cs:行号 106
   在 WeiXinCqe.OracleOperateHelp.getDataTable(String sql) 位置 D:\代码文件\现使用程序代码\WeiXinCqe(MS)20200311\WeiXinCqe\class\OracleOperateHelp.cs:行号 53

[2020-05-19 09:12:11]    获取数据库DataTable失败SQL语句为:S SELECT CHARGER1,D.ORDERID || (CASE WHEN  B.TECH_POST ='主管技师' THEN 9  WHEN B.TECH_POST='技师' THEN 4 WHEN B.TECH_POST='主任技师' THEN 7 ELSE NULL END) POST1 , CHARGER2,E.ORDERID || (CASE WHEN  C.TECH_POST ='主管技师' THEN 9  WHEN C.TECH_POST='技师' THEN 4 WHEN C.TECH_POST='主任技师' THEN 7 ELSE NULL END) POST2 FROM BASE_DEPT A  LEFT JOIN BASE_STAFF B ON A.CHARGER1=B.ID LEFT JOIN BASE_STAFF C ON A.CHARGER2= C.ID   LEFT JOIN BASE_POST D ON D.NAME=B.POST LEFT JOIN BASE_POST E ON E.NAME= C.POST WHERE  CODE='2381' 错误原因:System.Data.OracleClient.OracleException (0x80131938): ORA-00900: invalid SQL statement

   在 System.Data.OracleClient.OracleConnection.CheckError(OciErrorHandle errorHandle, Int32 rc)
   在 System.Data.OracleClient.OracleCommand.Execute(OciStatementHandle statementHandle, CommandBehavior behavior, Boolean needRowid, OciRowidDescriptor& rowidDescriptor, ArrayList& resultParameterOrdinals)
   在 System.Data.OracleClient.OracleCommand.Execute(OciStatementHandle statementHandle, CommandBehavior behavior, ArrayList& resultParameterOrdinals)
   在 System.Data.OracleClient.OracleCommand.ExecuteReader(CommandBehavior behavior)
   在 System.Data.OracleClient.OracleCommand.ExecuteDbDataReader(CommandBehavior behavior)
   在 System.Data.Common.DbCommand.System.Data.IDbCommand.ExecuteReader(CommandBehavior behavior)
   在 System.Data.Common.DbDataAdapter.FillInternal(DataSet dataset, DataTable[] datatables, Int32 startRecord, Int32 maxRecords, String srcTable, IDbCommand command, CommandBehavior behavior)
   在 System.Data.Common.DbDataAdapter.Fill(DataTable[] dataTables, Int32 startRecord, Int32 maxRecords, IDbCommand command, CommandBehavior behavior)
   在 System.Data.Common.DbDataAdapter.Fill(DataTable dataTable)
   在 WeiXinCqe.OracleOperateHelp.ExecuteDataTable(String connectionString, CommandType cmdType, String cmdText, OracleParameter[] commandParameters) 位置 D:\代码文件\现使用程序代码\WeiXinCqe(MS)20200311\WeiXinCqe\class\OracleOperateHelp.cs:行号 106
   在 WeiXinCqe.OracleOperateHelp.getDataTable(String sql) 位置 D:\代码文件\现使用程序代码\WeiXinCqe(MS)20200311\WeiXinCqe\class\OracleOperateHelp.cs:行号 53

[2020-05-19 09:12:11]    获取数据库DataTable失败SQL语句为:S SELECT CHARGER1,D.ORDERID || (CASE WHEN  B.TECH_POST ='主管技师' THEN 9  WHEN B.TECH_POST='技师' THEN 4 WHEN B.TECH_POST='主任技师' THEN 7 ELSE NULL END) POST1 , CHARGER2,E.ORDERID || (CASE WHEN  C.TECH_POST ='主管技师' THEN 9  WHEN C.TECH_POST='技师' THEN 4 WHEN C.TECH_POST='主任技师' THEN 7 ELSE NULL END) POST2 FROM BASE_DEPT A  LEFT JOIN BASE_STAFF B ON A.CHARGER1=B.ID LEFT JOIN BASE_STAFF C ON A.CHARGER2= C.ID   LEFT JOIN BASE_POST D ON D.NAME=B.POST LEFT JOIN BASE_POST E ON E.NAME= C.POST WHERE  CODE='0359' 错误原因:System.Data.OracleClient.OracleException (0x80131938): ORA-00900: invalid SQL statement

   在 System.Data.OracleClient.OracleConnection.CheckError(OciErrorHandle errorHandle, Int32 rc)
   在 System.Data.OracleClient.OracleCommand.Execute(OciStatementHandle statementHandle, CommandBehavior behavior, Boolean needRowid, OciRowidDescriptor& rowidDescriptor, ArrayList& resultParameterOrdinals)
   在 System.Data.OracleClient.OracleCommand.Execute(OciStatementHandle statementHandle, CommandBehavior behavior, ArrayList& resultParameterOrdinals)
   在 System.Data.OracleClient.OracleCommand.ExecuteReader(CommandBehavior behavior)
   在 System.Data.OracleClient.OracleCommand.ExecuteDbDataReader(CommandBehavior behavior)
   在 System.Data.Common.DbCommand.System.Data.IDbCommand.ExecuteReader(CommandBehavior behavior)
   在 System.Data.Common.DbDataAdapter.FillInternal(DataSet dataset, DataTable[] datatables, Int32 startRecord, Int32 maxRecords, String srcTable, IDbCommand command, CommandBehavior behavior)
   在 System.Data.Common.DbDataAdapter.Fill(DataTable[] dataTables, Int32 startRecord, Int32 maxRecords, IDbCommand command, CommandBehavior behavior)
   在 System.Data.Common.DbDataAdapter.Fill(DataTable dataTable)
   在 WeiXinCqe.OracleOperateHelp.ExecuteDataTable(String connectionString, CommandType cmdType, String cmdText, OracleParameter[] commandParameters) 位置 D:\代码文件\现使用程序代码\WeiXinCqe(MS)20200311\WeiXinCqe\class\OracleOperateHelp.cs:行号 106
   在 WeiXinCqe.OracleOperateHelp.getDataTable(String sql) 位置 D:\代码文件\现使用程序代码\WeiXinCqe(MS)20200311\WeiXinCqe\class\OracleOperateHelp.cs:行号 53

[2020-05-19 09:12:11]    获取数据库DataTable失败SQL语句为:S SELECT CHARGER1,D.ORDERID || (CASE WHEN  B.TECH_POST ='主管技师' THEN 9  WHEN B.TECH_POST='技师' THEN 4 WHEN B.TECH_POST='主任技师' THEN 7 ELSE NULL END) POST1 , CHARGER2,E.ORDERID || (CASE WHEN  C.TECH_POST ='主管技师' THEN 9  WHEN C.TECH_POST='技师' THEN 4 WHEN C.TECH_POST='主任技师' THEN 7 ELSE NULL END) POST2 FROM BASE_DEPT A  LEFT JOIN BASE_STAFF B ON A.CHARGER1=B.ID LEFT JOIN BASE_STAFF C ON A.CHARGER2= C.ID   LEFT JOIN BASE_POST D ON D.NAME=B.POST LEFT JOIN BASE_POST E ON E.NAME= C.POST WHERE  CODE='5359' 错误原因:System.Data.OracleClient.OracleException (0x80131938): ORA-00900: invalid SQL statement

   在 System.Data.OracleClient.OracleConnection.CheckError(OciErrorHandle errorHandle, Int32 rc)
   在 System.Data.OracleClient.OracleCommand.Execute(OciStatementHandle statementHandle, CommandBehavior behavior, Boolean needRowid, OciRowidDescriptor& rowidDescriptor, ArrayList& resultParameterOrdinals)
   在 System.Data.OracleClient.OracleCommand.Execute(OciStatementHandle statementHandle, CommandBehavior behavior, ArrayList& resultParameterOrdinals)
   在 System.Data.OracleClient.OracleCommand.ExecuteReader(CommandBehavior behavior)
   在 System.Data.OracleClient.OracleCommand.ExecuteDbDataReader(CommandBehavior behavior)
   在 System.Data.Common.DbCommand.System.Data.IDbCommand.ExecuteReader(CommandBehavior behavior)
   在 System.Data.Common.DbDataAdapter.FillInternal(DataSet dataset, DataTable[] datatables, Int32 startRecord, Int32 maxRecords, String srcTable, IDbCommand command, CommandBehavior behavior)
   在 System.Data.Common.DbDataAdapter.Fill(DataTable[] dataTables, Int32 startRecord, Int32 maxRecords, IDbCommand command, CommandBehavior behavior)
   在 System.Data.Common.DbDataAdapter.Fill(DataTable dataTable)
   在 WeiXinCqe.OracleOperateHelp.ExecuteDataTable(String connectionString, CommandType cmdType, String cmdText, OracleParameter[] commandParameters) 位置 D:\代码文件\现使用程序代码\WeiXinCqe(MS)20200311\WeiXinCqe\class\OracleOperateHelp.cs:行号 106
   在 WeiXinCqe.OracleOperateHelp.getDataTable(String sql) 位置 D:\代码文件\现使用程序代码\WeiXinCqe(MS)20200311\WeiXinCqe\class\OracleOperateHelp.cs:行号 53

[2020-05-19 09:12:11]    获取数据库DataTable失败SQL语句为:S SELECT CHARGER1,D.ORDERID || (CASE WHEN  B.TECH_POST ='主管技师' THEN 9  WHEN B.TECH_POST='技师' THEN 4 WHEN B.TECH_POST='主任技师' THEN 7 ELSE NULL END) POST1 , CHARGER2,E.ORDERID || (CASE WHEN  C.TECH_POST ='主管技师' THEN 9  WHEN C.TECH_POST='技师' THEN 4 WHEN C.TECH_POST='主任技师' THEN 7 ELSE NULL END) POST2 FROM BASE_DEPT A  LEFT JOIN BASE_STAFF B ON A.CHARGER1=B.ID LEFT JOIN BASE_STAFF C ON A.CHARGER2= C.ID   LEFT JOIN BASE_POST D ON D.NAME=B.POST LEFT JOIN BASE_POST E ON E.NAME= C.POST WHERE  CODE='3359' 错误原因:System.Data.OracleClient.OracleException (0x80131938): ORA-00900: invalid SQL statement

   在 System.Data.OracleClient.OracleConnection.CheckError(OciErrorHandle errorHandle, Int32 rc)
   在 System.Data.OracleClient.OracleCommand.Execute(OciStatementHandle statementHandle, CommandBehavior behavior, Boolean needRowid, OciRowidDescriptor& rowidDescriptor, ArrayList& resultParameterOrdinals)
   在 System.Data.OracleClient.OracleCommand.Execute(OciStatementHandle statementHandle, CommandBehavior behavior, ArrayList& resultParameterOrdinals)
   在 System.Data.OracleClient.OracleCommand.ExecuteReader(CommandBehavior behavior)
   在 System.Data.OracleClient.OracleCommand.ExecuteDbDataReader(CommandBehavior behavior)
   在 System.Data.Common.DbCommand.System.Data.IDbCommand.ExecuteReader(CommandBehavior behavior)
   在 System.Data.Common.DbDataAdapter.FillInternal(DataSet dataset, DataTable[] datatables, Int32 startRecord, Int32 maxRecords, String srcTable, IDbCommand command, CommandBehavior behavior)
   在 System.Data.Common.DbDataAdapter.Fill(DataTable[] dataTables, Int32 startRecord, Int32 maxRecords, IDbCommand command, CommandBehavior behavior)
   在 System.Data.Common.DbDataAdapter.Fill(DataTable dataTable)
   在 WeiXinCqe.OracleOperateHelp.ExecuteDataTable(String connectionString, CommandType cmdType, String cmdText, OracleParameter[] commandParameters) 位置 D:\代码文件\现使用程序代码\WeiXinCqe(MS)20200311\WeiXinCqe\class\OracleOperateHelp.cs:行号 106
   在 WeiXinCqe.OracleOperateHelp.getDataTable(String sql) 位置 D:\代码文件\现使用程序代码\WeiXinCqe(MS)20200311\WeiXinCqe\class\OracleOperateHelp.cs:行号 53

[2020-05-19 09:12:11]    获取数据库DataTable失败SQL语句为:S SELECT CHARGER1,D.ORDERID || (CASE WHEN  B.TECH_POST ='主管技师' THEN 9  WHEN B.TECH_POST='技师' THEN 4 WHEN B.TECH_POST='主任技师' THEN 7 ELSE NULL END) POST1 , CHARGER2,E.ORDERID || (CASE WHEN  C.TECH_POST ='主管技师' THEN 9  WHEN C.TECH_POST='技师' THEN 4 WHEN C.TECH_POST='主任技师' THEN 7 ELSE NULL END) POST2 FROM BASE_DEPT A  LEFT JOIN BASE_STAFF B ON A.CHARGER1=B.ID LEFT JOIN BASE_STAFF C ON A.CHARGER2= C.ID   LEFT JOIN BASE_POST D ON D.NAME=B.POST LEFT JOIN BASE_POST E ON E.NAME= C.POST WHERE  CODE='2381' 错误原因:System.Data.OracleClient.OracleException (0x80131938): ORA-00900: invalid SQL statement

   在 System.Data.OracleClient.OracleConnection.CheckError(OciErrorHandle errorHandle, Int32 rc)
   在 System.Data.OracleClient.OracleCommand.Execute(OciStatementHandle statementHandle, CommandBehavior behavior, Boolean needRowid, OciRowidDescriptor& rowidDescriptor, ArrayList& resultParameterOrdinals)
   在 System.Data.OracleClient.OracleCommand.Execute(OciStatementHandle statementHandle, CommandBehavior behavior, ArrayList& resultParameterOrdinals)
   在 System.Data.OracleClient.OracleCommand.ExecuteReader(CommandBehavior behavior)
   在 System.Data.OracleClient.OracleCommand.ExecuteDbDataReader(CommandBehavior behavior)
   在 System.Data.Common.DbCommand.System.Data.IDbCommand.ExecuteReader(CommandBehavior behavior)
   在 System.Data.Common.DbDataAdapter.FillInternal(DataSet dataset, DataTable[] datatables, Int32 startRecord, Int32 maxRecords, String srcTable, IDbCommand command, CommandBehavior behavior)
   在 System.Data.Common.DbDataAdapter.Fill(DataTable[] dataTables, Int32 startRecord, Int32 maxRecords, IDbCommand command, CommandBehavior behavior)
   在 System.Data.Common.DbDataAdapter.Fill(DataTable dataTable)
   在 WeiXinCqe.OracleOperateHelp.ExecuteDataTable(String connectionString, CommandType cmdType, String cmdText, OracleParameter[] commandParameters) 位置 D:\代码文件\现使用程序代码\WeiXinCqe(MS)20200311\WeiXinCqe\class\OracleOperateHelp.cs:行号 106
   在 WeiXinCqe.OracleOperateHelp.getDataTable(String sql) 位置 D:\代码文件\现使用程序代码\WeiXinCqe(MS)20200311\WeiXinCqe\class\OracleOperateHelp.cs:行号 53

[2020-05-19 09:12:11]    获取数据库DataTable失败SQL语句为:S SELECT CHARGER1,D.ORDERID || (CASE WHEN  B.TECH_POST ='主管技师' THEN 9  WHEN B.TECH_POST='技师' THEN 4 WHEN B.TECH_POST='主任技师' THEN 7 ELSE NULL END) POST1 , CHARGER2,E.ORDERID || (CASE WHEN  C.TECH_POST ='主管技师' THEN 9  WHEN C.TECH_POST='技师' THEN 4 WHEN C.TECH_POST='主任技师' THEN 7 ELSE NULL END) POST2 FROM BASE_DEPT A  LEFT JOIN BASE_STAFF B ON A.CHARGER1=B.ID LEFT JOIN BASE_STAFF C ON A.CHARGER2= C.ID   LEFT JOIN BASE_POST D ON D.NAME=B.POST LEFT JOIN BASE_POST E ON E.NAME= C.POST WHERE  CODE='0359' 错误原因:System.Data.OracleClient.OracleException (0x80131938): ORA-00900: invalid SQL statement

   在 System.Data.OracleClient.OracleConnection.CheckError(OciErrorHandle errorHandle, Int32 rc)
   在 System.Data.OracleClient.OracleCommand.Execute(OciStatementHandle statementHandle, CommandBehavior behavior, Boolean needRowid, OciRowidDescriptor& rowidDescriptor, ArrayList& resultParameterOrdinals)
   在 System.Data.OracleClient.OracleCommand.Execute(OciStatementHandle statementHandle, CommandBehavior behavior, ArrayList& resultParameterOrdinals)
   在 System.Data.OracleClient.OracleCommand.ExecuteReader(CommandBehavior behavior)
   在 System.Data.OracleClient.OracleCommand.ExecuteDbDataReader(CommandBehavior behavior)
   在 System.Data.Common.DbCommand.System.Data.IDbCommand.ExecuteReader(CommandBehavior behavior)
   在 System.Data.Common.DbDataAdapter.FillInternal(DataSet dataset, DataTable[] datatables, Int32 startRecord, Int32 maxRecords, String srcTable, IDbCommand command, CommandBehavior behavior)
   在 System.Data.Common.DbDataAdapter.Fill(DataTable[] dataTables, Int32 startRecord, Int32 maxRecords, IDbCommand command, CommandBehavior behavior)
   在 System.Data.Common.DbDataAdapter.Fill(DataTable dataTable)
   在 WeiXinCqe.OracleOperateHelp.ExecuteDataTable(String connectionString, CommandType cmdType, String cmdText, OracleParameter[] commandParameters) 位置 D:\代码文件\现使用程序代码\WeiXinCqe(MS)20200311\WeiXinCqe\class\OracleOperateHelp.cs:行号 106
   在 WeiXinCqe.OracleOperateHelp.getDataTable(String sql) 位置 D:\代码文件\现使用程序代码\WeiXinCqe(MS)20200311\WeiXinCqe\class\OracleOperateHelp.cs:行号 53

[2020-05-19 09:12:37]    获取数据库DataTable失败SQL语句为:S SELECT CHARGER1,D.ORDERID || (CASE WHEN  B.TECH_POST ='主管技师' THEN 9  WHEN B.TECH_POST='技师' THEN 4 WHEN B.TECH_POST='主任技师' THEN 7 ELSE NULL END) POST1 , CHARGER2,E.ORDERID || (CASE WHEN  C.TECH_POST ='主管技师' THEN 9  WHEN C.TECH_POST='技师' THEN 4 WHEN C.TECH_POST='主任技师' THEN 7 ELSE NULL END) POST2 FROM BASE_DEPT A  LEFT JOIN BASE_STAFF B ON A.CHARGER1=B.ID LEFT JOIN BASE_STAFF C ON A.CHARGER2= C.ID   LEFT JOIN BASE_POST D ON D.NAME=B.POST LEFT JOIN BASE_POST E ON E.NAME= C.POST WHERE  CODE='3596' 错误原因:System.Data.OracleClient.OracleException (0x80131938): ORA-00900: invalid SQL statement

   在 System.Data.OracleClient.OracleConnection.CheckError(OciErrorHandle errorHandle, Int32 rc)
   在 System.Data.OracleClient.OracleCommand.Execute(OciStatementHandle statementHandle, CommandBehavior behavior, Boolean needRowid, OciRowidDescriptor& rowidDescriptor, ArrayList& resultParameterOrdinals)
   在 System.Data.OracleClient.OracleCommand.Execute(OciStatementHandle statementHandle, CommandBehavior behavior, ArrayList& resultParameterOrdinals)
   在 System.Data.OracleClient.OracleCommand.ExecuteReader(CommandBehavior behavior)
   在 System.Data.OracleClient.OracleCommand.ExecuteDbDataReader(CommandBehavior behavior)
   在 System.Data.Common.DbCommand.System.Data.IDbCommand.ExecuteReader(CommandBehavior behavior)
   在 System.Data.Common.DbDataAdapter.FillInternal(DataSet dataset, DataTable[] datatables, Int32 startRecord, Int32 maxRecords, String srcTable, IDbCommand command, CommandBehavior behavior)
   在 System.Data.Common.DbDataAdapter.Fill(DataTable[] dataTables, Int32 startRecord, Int32 maxRecords, IDbCommand command, CommandBehavior behavior)
   在 System.Data.Common.DbDataAdapter.Fill(DataTable dataTable)
   在 WeiXinCqe.OracleOperateHelp.ExecuteDataTable(String connectionString, CommandType cmdType, String cmdText, OracleParameter[] commandParameters) 位置 D:\代码文件\现使用程序代码\WeiXinCqe(MS)20200311\WeiXinCqe\class\OracleOperateHelp.cs:行号 106
   在 WeiXinCqe.OracleOperateHelp.getDataTable(String sql) 位置 D:\代码文件\现使用程序代码\WeiXinCqe(MS)20200311\WeiXinCqe\class\OracleOperateHelp.cs:行号 53

[2020-05-19 09:12:55]    获取数据库DataTable失败SQL语句为:S SELECT CHARGER1,D.ORDERID || (CASE WHEN  B.TECH_POST ='主管技师' THEN 9  WHEN B.TECH_POST='技师' THEN 4 WHEN B.TECH_POST='主任技师' THEN 7 ELSE NULL END) POST1 , CHARGER2,E.ORDERID || (CASE WHEN  C.TECH_POST ='主管技师' THEN 9  WHEN C.TECH_POST='技师' THEN 4 WHEN C.TECH_POST='主任技师' THEN 7 ELSE NULL END) POST2 FROM BASE_DEPT A  LEFT JOIN BASE_STAFF B ON A.CHARGER1=B.ID LEFT JOIN BASE_STAFF C ON A.CHARGER2= C.ID   LEFT JOIN BASE_POST D ON D.NAME=B.POST LEFT JOIN BASE_POST E ON E.NAME= C.POST WHERE  CODE='3595' 错误原因:System.Data.OracleClient.OracleException (0x80131938): ORA-00900: invalid SQL statement

   在 System.Data.OracleClient.OracleConnection.CheckError(OciErrorHandle errorHandle, Int32 rc)
   在 System.Data.OracleClient.OracleCommand.Execute(OciStatementHandle statementHandle, CommandBehavior behavior, Boolean needRowid, OciRowidDescriptor& rowidDescriptor, ArrayList& resultParameterOrdinals)
   在 System.Data.OracleClient.OracleCommand.Execute(OciStatementHandle statementHandle, CommandBehavior behavior, ArrayList& resultParameterOrdinals)
   在 System.Data.OracleClient.OracleCommand.ExecuteReader(CommandBehavior behavior)
   在 System.Data.OracleClient.OracleCommand.ExecuteDbDataReader(CommandBehavior behavior)
   在 System.Data.Common.DbCommand.System.Data.IDbCommand.ExecuteReader(CommandBehavior behavior)
   在 System.Data.Common.DbDataAdapter.FillInternal(DataSet dataset, DataTable[] datatables, Int32 startRecord, Int32 maxRecords, String srcTable, IDbCommand command, CommandBehavior behavior)
   在 System.Data.Common.DbDataAdapter.Fill(DataTable[] dataTables, Int32 startRecord, Int32 maxRecords, IDbCommand command, CommandBehavior behavior)
   在 System.Data.Common.DbDataAdapter.Fill(DataTable dataTable)
   在 WeiXinCqe.OracleOperateHelp.ExecuteDataTable(String connectionString, CommandType cmdType, String cmdText, OracleParameter[] commandParameters) 位置 D:\代码文件\现使用程序代码\WeiXinCqe(MS)20200311\WeiXinCqe\class\OracleOperateHelp.cs:行号 106
   在 WeiXinCqe.OracleOperateHelp.getDataTable(String sql) 位置 D:\代码文件\现使用程序代码\WeiXinCqe(MS)20200311\WeiXinCqe\class\OracleOperateHelp.cs:行号 53

[2020-05-19 09:13:22]    获取数据库DataTable失败SQL语句为:S SELECT CHARGER1,D.ORDERID || (CASE WHEN  B.TECH_POST ='主管技师' THEN 9  WHEN B.TECH_POST='技师' THEN 4 WHEN B.TECH_POST='主任技师' THEN 7 ELSE NULL END) POST1 , CHARGER2,E.ORDERID || (CASE WHEN  C.TECH_POST ='主管技师' THEN 9  WHEN C.TECH_POST='技师' THEN 4 WHEN C.TECH_POST='主任技师' THEN 7 ELSE NULL END) POST2 FROM BASE_DEPT A  LEFT JOIN BASE_STAFF B ON A.CHARGER1=B.ID LEFT JOIN BASE_STAFF C ON A.CHARGER2= C.ID   LEFT JOIN BASE_POST D ON D.NAME=B.POST LEFT JOIN BASE_POST E ON E.NAME= C.POST WHERE  CODE='3813' 错误原因:System.Data.OracleClient.OracleException (0x80131938): ORA-00900: invalid SQL statement

   在 System.Data.OracleClient.OracleConnection.CheckError(OciErrorHandle errorHandle, Int32 rc)
   在 System.Data.OracleClient.OracleCommand.Execute(OciStatementHandle statementHandle, CommandBehavior behavior, Boolean needRowid, OciRowidDescriptor& rowidDescriptor, ArrayList& resultParameterOrdinals)
   在 System.Data.OracleClient.OracleCommand.Execute(OciStatementHandle statementHandle, CommandBehavior behavior, ArrayList& resultParameterOrdinals)
   在 System.Data.OracleClient.OracleCommand.ExecuteReader(CommandBehavior behavior)
   在 System.Data.OracleClient.OracleCommand.ExecuteDbDataReader(CommandBehavior behavior)
   在 System.Data.Common.DbCommand.System.Data.IDbCommand.ExecuteReader(CommandBehavior behavior)
   在 System.Data.Common.DbDataAdapter.FillInternal(DataSet dataset, DataTable[] datatables, Int32 startRecord, Int32 maxRecords, String srcTable, IDbCommand command, CommandBehavior behavior)
   在 System.Data.Common.DbDataAdapter.Fill(DataTable[] dataTables, Int32 startRecord, Int32 maxRecords, IDbCommand command, CommandBehavior behavior)
   在 System.Data.Common.DbDataAdapter.Fill(DataTable dataTable)
   在 WeiXinCqe.OracleOperateHelp.ExecuteDataTable(String connectionString, CommandType cmdType, String cmdText, OracleParameter[] commandParameters) 位置 D:\代码文件\现使用程序代码\WeiXinCqe(MS)20200311\WeiXinCqe\class\OracleOperateHelp.cs:行号 106
   在 WeiXinCqe.OracleOperateHelp.getDataTable(String sql) 位置 D:\代码文件\现使用程序代码\WeiXinCqe(MS)20200311\WeiXinCqe\class\OracleOperateHelp.cs:行号 53

[2020-05-19 09:13:41]    获取数据库DataTable失败SQL语句为:S SELECT CHARGER1,D.ORDERID || (CASE WHEN  B.TECH_POST ='主管技师' THEN 9  WHEN B.TECH_POST='技师' THEN 4 WHEN B.TECH_POST='主任技师' THEN 7 ELSE NULL END) POST1 , CHARGER2,E.ORDERID || (CASE WHEN  C.TECH_POST ='主管技师' THEN 9  WHEN C.TECH_POST='技师' THEN 4 WHEN C.TECH_POST='主任技师' THEN 7 ELSE NULL END) POST2 FROM BASE_DEPT A  LEFT JOIN BASE_STAFF B ON A.CHARGER1=B.ID LEFT JOIN BASE_STAFF C ON A.CHARGER2= C.ID   LEFT JOIN BASE_POST D ON D.NAME=B.POST LEFT JOIN BASE_POST E ON E.NAME= C.POST WHERE  CODE='3592' 错误原因:System.Data.OracleClient.OracleException (0x80131938): ORA-00900: invalid SQL statement

   在 System.Data.OracleClient.OracleConnection.CheckError(OciErrorHandle errorHandle, Int32 rc)
   在 System.Data.OracleClient.OracleCommand.Execute(OciStatementHandle statementHandle, CommandBehavior behavior, Boolean needRowid, OciRowidDescriptor& rowidDescriptor, ArrayList& resultParameterOrdinals)
   在 System.Data.OracleClient.OracleCommand.Execute(OciStatementHandle statementHandle, CommandBehavior behavior, ArrayList& resultParameterOrdinals)
   在 System.Data.OracleClient.OracleCommand.ExecuteReader(CommandBehavior behavior)
   在 System.Data.OracleClient.OracleCommand.ExecuteDbDataReader(CommandBehavior behavior)
   在 System.Data.Common.DbCommand.System.Data.IDbCommand.ExecuteReader(CommandBehavior behavior)
   在 System.Data.Common.DbDataAdapter.FillInternal(DataSet dataset, DataTable[] datatables, Int32 startRecord, Int32 maxRecords, String srcTable, IDbCommand command, CommandBehavior behavior)
   在 System.Data.Common.DbDataAdapter.Fill(DataTable[] dataTables, Int32 startRecord, Int32 maxRecords, IDbCommand command, CommandBehavior behavior)
   在 System.Data.Common.DbDataAdapter.Fill(DataTable dataTable)
   在 WeiXinCqe.OracleOperateHelp.ExecuteDataTable(String connectionString, CommandType cmdType, String cmdText, OracleParameter[] commandParameters) 位置 D:\代码文件\现使用程序代码\WeiXinCqe(MS)20200311\WeiXinCqe\class\OracleOperateHelp.cs:行号 106
   在 WeiXinCqe.OracleOperateHelp.getDataTable(String sql) 位置 D:\代码文件\现使用程序代码\WeiXinCqe(MS)20200311\WeiXinCqe\class\OracleOperateHelp.cs:行号 53

[2020-05-19 09:13:41]    获取数据库DataTable失败SQL语句为:S SELECT CHARGER1,D.ORDERID || (CASE WHEN  B.TECH_POST ='主管技师' THEN 9  WHEN B.TECH_POST='技师' THEN 4 WHEN B.TECH_POST='主任技师' THEN 7 ELSE NULL END) POST1 , CHARGER2,E.ORDERID || (CASE WHEN  C.TECH_POST ='主管技师' THEN 9  WHEN C.TECH_POST='技师' THEN 4 WHEN C.TECH_POST='主任技师' THEN 7 ELSE NULL END) POST2 FROM BASE_DEPT A  LEFT JOIN BASE_STAFF B ON A.CHARGER1=B.ID LEFT JOIN BASE_STAFF C ON A.CHARGER2= C.ID   LEFT JOIN BASE_POST D ON D.NAME=B.POST LEFT JOIN BASE_POST E ON E.NAME= C.POST WHERE  CODE='3596' 错误原因:System.Data.OracleClient.OracleException (0x80131938): ORA-00900: invalid SQL statement

   在 System.Data.OracleClient.OracleConnection.CheckError(OciErrorHandle errorHandle, Int32 rc)
   在 System.Data.OracleClient.OracleCommand.Execute(OciStatementHandle statementHandle, CommandBehavior behavior, Boolean needRowid, OciRowidDescriptor& rowidDescriptor, ArrayList& resultParameterOrdinals)
   在 System.Data.OracleClient.OracleCommand.Execute(OciStatementHandle statementHandle, CommandBehavior behavior, ArrayList& resultParameterOrdinals)
   在 System.Data.OracleClient.OracleCommand.ExecuteReader(CommandBehavior behavior)
   在 System.Data.OracleClient.OracleCommand.ExecuteDbDataReader(CommandBehavior behavior)
   在 System.Data.Common.DbCommand.System.Data.IDbCommand.ExecuteReader(CommandBehavior behavior)
   在 System.Data.Common.DbDataAdapter.FillInternal(DataSet dataset, DataTable[] datatables, Int32 startRecord, Int32 maxRecords, String srcTable, IDbCommand command, CommandBehavior behavior)
   在 System.Data.Common.DbDataAdapter.Fill(DataTable[] dataTables, Int32 startRecord, Int32 maxRecords, IDbCommand command, CommandBehavior behavior)
   在 System.Data.Common.DbDataAdapter.Fill(DataTable dataTable)
   在 WeiXinCqe.OracleOperateHelp.ExecuteDataTable(String connectionString, CommandType cmdType, String cmdText, OracleParameter[] commandParameters) 位置 D:\代码文件\现使用程序代码\WeiXinCqe(MS)20200311\WeiXinCqe\class\OracleOperateHelp.cs:行号 106
   在 WeiXinCqe.OracleOperateHelp.getDataTable(String sql) 位置 D:\代码文件\现使用程序代码\WeiXinCqe(MS)20200311\WeiXinCqe\class\OracleOperateHelp.cs:行号 53

[2020-05-19 09:13:41]    获取数据库DataTable失败SQL语句为:S SELECT CHARGER1,D.ORDERID || (CASE WHEN  B.TECH_POST ='主管技师' THEN 9  WHEN B.TECH_POST='技师' THEN 4 WHEN B.TECH_POST='主任技师' THEN 7 ELSE NULL END) POST1 , CHARGER2,E.ORDERID || (CASE WHEN  C.TECH_POST ='主管技师' THEN 9  WHEN C.TECH_POST='技师' THEN 4 WHEN C.TECH_POST='主任技师' THEN 7 ELSE NULL END) POST2 FROM BASE_DEPT A  LEFT JOIN BASE_STAFF B ON A.CHARGER1=B.ID LEFT JOIN BASE_STAFF C ON A.CHARGER2= C.ID   LEFT JOIN BASE_POST D ON D.NAME=B.POST LEFT JOIN BASE_POST E ON E.NAME= C.POST WHERE  CODE='3595' 错误原因:System.Data.OracleClient.OracleException (0x80131938): ORA-00900: invalid SQL statement

   在 System.Data.OracleClient.OracleConnection.CheckError(OciErrorHandle errorHandle, Int32 rc)
   在 System.Data.OracleClient.OracleCommand.Execute(OciStatementHandle statementHandle, CommandBehavior behavior, Boolean needRowid, OciRowidDescriptor& rowidDescriptor, ArrayList& resultParameterOrdinals)
   在 System.Data.OracleClient.OracleCommand.Execute(OciStatementHandle statementHandle, CommandBehavior behavior, ArrayList& resultParameterOrdinals)
   在 System.Data.OracleClient.OracleCommand.ExecuteReader(CommandBehavior behavior)
   在 System.Data.OracleClient.OracleCommand.ExecuteDbDataReader(CommandBehavior behavior)
   在 System.Data.Common.DbCommand.System.Data.IDbCommand.ExecuteReader(CommandBehavior behavior)
   在 System.Data.Common.DbDataAdapter.FillInternal(DataSet dataset, DataTable[] datatables, Int32 startRecord, Int32 maxRecords, String srcTable, IDbCommand command, CommandBehavior behavior)
   在 System.Data.Common.DbDataAdapter.Fill(DataTable[] dataTables, Int32 startRecord, Int32 maxRecords, IDbCommand command, CommandBehavior behavior)
   在 System.Data.Common.DbDataAdapter.Fill(DataTable dataTable)
   在 WeiXinCqe.OracleOperateHelp.ExecuteDataTable(String connectionString, CommandType cmdType, String cmdText, OracleParameter[] commandParameters) 位置 D:\代码文件\现使用程序代码\WeiXinCqe(MS)20200311\WeiXinCqe\class\OracleOperateHelp.cs:行号 106
   在 WeiXinCqe.OracleOperateHelp.getDataTable(String sql) 位置 D:\代码文件\现使用程序代码\WeiXinCqe(MS)20200311\WeiXinCqe\class\OracleOperateHelp.cs:行号 53

[2020-05-19 09:13:41]    获取数据库DataTable失败SQL语句为:S SELECT CHARGER1,D.ORDERID || (CASE WHEN  B.TECH_POST ='主管技师' THEN 9  WHEN B.TECH_POST='技师' THEN 4 WHEN B.TECH_POST='主任技师' THEN 7 ELSE NULL END) POST1 , CHARGER2,E.ORDERID || (CASE WHEN  C.TECH_POST ='主管技师' THEN 9  WHEN C.TECH_POST='技师' THEN 4 WHEN C.TECH_POST='主任技师' THEN 7 ELSE NULL END) POST2 FROM BASE_DEPT A  LEFT JOIN BASE_STAFF B ON A.CHARGER1=B.ID LEFT JOIN BASE_STAFF C ON A.CHARGER2= C.ID   LEFT JOIN BASE_POST D ON D.NAME=B.POST LEFT JOIN BASE_POST E ON E.NAME= C.POST WHERE  CODE='3813' 错误原因:System.Data.OracleClient.OracleException (0x80131938): ORA-00900: invalid SQL statement

   在 System.Data.OracleClient.OracleConnection.CheckError(OciErrorHandle errorHandle, Int32 rc)
   在 System.Data.OracleClient.OracleCommand.Execute(OciStatementHandle statementHandle, CommandBehavior behavior, Boolean needRowid, OciRowidDescriptor& rowidDescriptor, ArrayList& resultParameterOrdinals)
   在 System.Data.OracleClient.OracleCommand.Execute(OciStatementHandle statementHandle, CommandBehavior behavior, ArrayList& resultParameterOrdinals)
   在 System.Data.OracleClient.OracleCommand.ExecuteReader(CommandBehavior behavior)
   在 System.Data.OracleClient.OracleCommand.ExecuteDbDataReader(CommandBehavior behavior)
   在 System.Data.Common.DbCommand.System.Data.IDbCommand.ExecuteReader(CommandBehavior behavior)
   在 System.Data.Common.DbDataAdapter.FillInternal(DataSet dataset, DataTable[] datatables, Int32 startRecord, Int32 maxRecords, String srcTable, IDbCommand command, CommandBehavior behavior)
   在 System.Data.Common.DbDataAdapter.Fill(DataTable[] dataTables, Int32 startRecord, Int32 maxRecords, IDbCommand command, CommandBehavior behavior)
   在 System.Data.Common.DbDataAdapter.Fill(DataTable dataTable)
   在 WeiXinCqe.OracleOperateHelp.ExecuteDataTable(String connectionString, CommandType cmdType, String cmdText, OracleParameter[] commandParameters) 位置 D:\代码文件\现使用程序代码\WeiXinCqe(MS)20200311\WeiXinCqe\class\OracleOperateHelp.cs:行号 106
   在 WeiXinCqe.OracleOperateHelp.getDataTable(String sql) 位置 D:\代码文件\现使用程序代码\WeiXinCqe(MS)20200311\WeiXinCqe\class\OracleOperateHelp.cs:行号 53

[2020-05-19 09:13:41]    获取数据库DataTable失败SQL语句为:S SELECT CHARGER1,D.ORDERID || (CASE WHEN  B.TECH_POST ='主管技师' THEN 9  WHEN B.TECH_POST='技师' THEN 4 WHEN B.TECH_POST='主任技师' THEN 7 ELSE NULL END) POST1 , CHARGER2,E.ORDERID || (CASE WHEN  C.TECH_POST ='主管技师' THEN 9  WHEN C.TECH_POST='技师' THEN 4 WHEN C.TECH_POST='主任技师' THEN 7 ELSE NULL END) POST2 FROM BASE_DEPT A  LEFT JOIN BASE_STAFF B ON A.CHARGER1=B.ID LEFT JOIN BASE_STAFF C ON A.CHARGER2= C.ID   LEFT JOIN BASE_POST D ON D.NAME=B.POST LEFT JOIN BASE_POST E ON E.NAME= C.POST WHERE  CODE='3592' 错误原因:System.Data.OracleClient.OracleException (0x80131938): ORA-00900: invalid SQL statement

   在 System.Data.OracleClient.OracleConnection.CheckError(OciErrorHandle errorHandle, Int32 rc)
   在 System.Data.OracleClient.OracleCommand.Execute(OciStatementHandle statementHandle, CommandBehavior behavior, Boolean needRowid, OciRowidDescriptor& rowidDescriptor, ArrayList& resultParameterOrdinals)
   在 System.Data.OracleClient.OracleCommand.Execute(OciStatementHandle statementHandle, CommandBehavior behavior, ArrayList& resultParameterOrdinals)
   在 System.Data.OracleClient.OracleCommand.ExecuteReader(CommandBehavior behavior)
   在 System.Data.OracleClient.OracleCommand.ExecuteDbDataReader(CommandBehavior behavior)
   在 System.Data.Common.DbCommand.System.Data.IDbCommand.ExecuteReader(CommandBehavior behavior)
   在 System.Data.Common.DbDataAdapter.FillInternal(DataSet dataset, DataTable[] datatables, Int32 startRecord, Int32 maxRecords, String srcTable, IDbCommand command, CommandBehavior behavior)
   在 System.Data.Common.DbDataAdapter.Fill(DataTable[] dataTables, Int32 startRecord, Int32 maxRecords, IDbCommand command, CommandBehavior behavior)
   在 System.Data.Common.DbDataAdapter.Fill(DataTable dataTable)
   在 WeiXinCqe.OracleOperateHelp.ExecuteDataTable(String connectionString, CommandType cmdType, String cmdText, OracleParameter[] commandParameters) 位置 D:\代码文件\现使用程序代码\WeiXinCqe(MS)20200311\WeiXinCqe\class\OracleOperateHelp.cs:行号 106
   在 WeiXinCqe.OracleOperateHelp.getDataTable(String sql) 位置 D:\代码文件\现使用程序代码\WeiXinCqe(MS)20200311\WeiXinCqe\class\OracleOperateHelp.cs:行号 53

